Time[ps]      Etot[eV]     Epot[eV]     Ekin[eV]    T[K]
0.0000        -301.5629    -301.5629       0.0000     0.0
0.0100        -301.4752    -304.3374       2.8622   381.8
0.0200        -301.6500    -306.5117       4.8617   648.5
0.0300        -302.0137    -308.9698       6.9560   927.8
0.0400        -302.3806    -307.2116       4.8310   644.4
0.0500        -302.7035    -309.0658       6.3622   848.6
0.0600        -303.1740    -310.3230       7.1491   953.6
0.0700        -303.6737    -311.1511       7.4774   997.4
0.0800        -304.1233    -309.2280       5.1048   680.9
0.0900        -304.4444    -311.7027       7.2583   968.2
0.1000        -305.0221    -312.6607       7.6386  1018.9
0.1100        -305.3894    -310.7231       5.3338   711.4
0.1200        -305.7960    -313.1030       7.3070   974.6
0.1300        -306.3090    -313.6014       7.2923   972.7
0.1400        -306.6526    -312.7837       6.1310   817.8
0.1500        -307.1235    -313.9523       6.8288   910.9
0.1600        -307.5222    -312.5762       5.0540   674.1
0.1700        -307.9089    -314.7974       6.8885   918.8
0.1800        -308.3161    -313.6804       5.3643   715.5
0.1900        -308.6601    -314.8495       6.1893   825.6
0.2000        -309.0194    -314.8015       5.7821   771.2
0.2100        -309.3401    -314.9675       5.6274   750.6
0.2200        -309.7392    -315.8976       6.1584   821.4
0.2300        -310.0726    -315.3857       5.3131   708.7
0.2400        -310.4524    -316.1526       5.7003   760.3
0.2500        -310.7992    -316.4464       5.6471   753.2
0.2600        -311.1062    -316.5068       5.4006   720.4
0.2700        -311.4358    -316.8521       5.4163   722.5
0.2800        -311.7663    -317.2447       5.4785   730.7
0.2900        -312.0783    -317.1634       5.0850   678.3
0.3000        -312.3320    -317.4810       5.1490   686.8
0.3100        -312.6580    -318.6578       5.9998   800.3
0.3200        -313.0004    -318.7245       5.7240   763.5
0.3300        -313.3406    -318.4255       5.0849   678.3
0.3400        -313.6436    -319.3003       5.6567   754.5
0.3500        -313.9959    -319.4333       5.4374   725.3
0.3600        -314.2944    -319.1741       4.8798   650.9
0.3700        -314.5087    -318.5798       4.0711   543.0
0.3800        -314.7359    -319.5888       4.8528   647.3
0.3900        -314.9611    -319.3219       4.3607   581.7
0.4000        -315.1597    -318.9654       3.8056   507.6
0.4100        -315.3412    -319.8005       4.4594   594.8
0.4200        -315.6010    -320.6471       5.0461   673.1
0.4300        -315.8587    -320.6398       4.7811   637.7
0.4400        -316.1142    -320.8750       4.7608   635.0
0.4500        -316.3475    -320.6204       4.2729   569.9
0.4600        -316.5599    -320.7729       4.2130   562.0
0.4700        -316.7918    -321.7416       4.9498   660.2
0.4800        -317.0342    -321.6335       4.5994   613.5
0.4900        -317.2957    -322.1674       4.8717   649.8
0.5000        -317.5614    -322.8207       5.2593   701.5
0.5100        -317.8339    -321.8999       4.0659   542.3
0.5200        -318.0283    -322.6960       4.6676   622.6
0.5300        -318.2559    -322.3519       4.0960   546.3
0.5400        -318.4524    -322.8092       4.3568   581.1
0.5500        -318.6498    -322.9349       4.2851   571.6
0.5600        -318.8439    -322.7572       3.9133   522.0
0.5700        -318.9772    -322.4895       3.5123   468.5
0.5800        -319.1331    -323.1681       4.0350   538.2
0.5900        -319.3452    -323.7811       4.4360   591.7
0.6000        -319.5481    -323.4180       3.8699   516.2
0.6100        -319.7048    -323.7986       4.0938   546.1
0.6200        -319.8661    -323.6790       3.8129   508.6
0.6300        -320.0338    -324.3005       4.2667   569.1
0.6400        -320.2238    -324.1226       3.8987   520.0
0.6500        -320.3921    -324.3970       4.0049   534.2
0.6600        -320.5798    -324.7121       4.1323   551.2
0.6700        -320.7653    -324.7847       4.0193   536.1
0.6800        -320.9367    -324.8826       3.9459   526.3
0.6900        -321.0912    -324.8903       3.7991   506.7
0.7000        -321.2325    -325.2431       4.0107   535.0
0.7100        -321.3961    -324.8421       3.4460   459.7
0.7200        -321.5514    -325.3103       3.7589   501.4
0.7300        -321.6530    -324.6426       2.9896   398.8
0.7400        -321.7646    -325.4272       3.6626   488.5
0.7500        -321.9113    -325.7165       3.8052   507.6
0.7600        -322.0521    -325.5172       3.4651   462.2
0.7700        -322.1431    -325.6286       3.4855   464.9
0.7800        -322.2849    -325.8584       3.5735   476.7
0.7900        -322.3991    -325.7103       3.3112   441.7
0.8000        -322.4849    -325.7915       3.3066   441.1
0.8100        -322.5970    -326.0354       3.4384   458.6
0.8200        -322.7172    -326.0545       3.3373   445.1
0.8300        -322.8326    -325.9370       3.1044   414.1
0.8400        -322.9123    -325.9344       3.0221   403.1
0.8500        -322.9979    -326.3295       3.3316   444.4
0.8600        -323.0988    -326.3458       3.2470   433.1
0.8700        -323.2081    -326.4776       3.2695   436.1
0.8800        -323.3086    -326.9238       3.6152   482.2
0.8900        -323.4139    -326.2498       2.8359   378.3
0.9000        -323.4554    -326.1390       2.6836   358.0
0.9100        -323.5251    -326.5033       2.9781   397.2
0.9200        -323.6190    -326.7260       3.1070   414.4
0.9300        -323.6853    -326.5748       2.8895   385.4
0.9400        -323.7337    -326.4863       2.7526   367.2
0.9500        -323.8178    -327.1348       3.3170   442.4
0.9600        -323.8985    -326.8796       2.9811   397.6
0.9700        -323.9658    -326.8989       2.9331   391.2
0.9800        -324.0247    -326.8781       2.8533   380.6
0.9900        -324.0987    -327.1384       3.0397   405.5
1.0000        -324.1847    -327.5748       3.3901   452.2
1.0100        -324.2854    -327.1996       2.9143   388.7
1.0200        -324.3499    -327.3372       2.9873   398.5
1.0300        -324.4426    -327.5895       3.1470   419.8
1.0400        -324.5333    -327.8100       3.2767   437.1
1.0500        -324.6315    -327.9307       3.2992   440.1
1.0600        -324.7222    -327.8139       3.0916   412.4
1.0700        -324.8281    -327.7278       2.8997   386.8
1.0800        -324.8806    -327.4007       2.5201   336.1
1.0900        -324.9237    -327.8460       2.9222   389.8
1.1000        -325.0124    -328.2177       3.2053   427.5
1.1100        -325.0932    -327.9446       2.8514   380.3
1.1200        -325.1601    -328.1684       3.0082   401.3
1.1300        -325.2440    -328.3305       3.0864   411.7
1.1400        -325.3108    -328.2390       2.9282   390.6
1.1500        -325.3796    -328.0402       2.6606   354.9
1.1600        -325.4305    -328.5197       3.0892   412.1
1.1700        -325.5311    -328.6512       3.1201   416.2
1.1800        -325.5949    -328.5093       2.9144   388.7
1.1900        -325.6667    -328.6691       3.0023   400.5
1.2000        -325.7530    -328.7607       3.0077   401.2
1.2100        -325.8237    -328.7914       2.9677   395.8
1.2200        -325.8864    -328.7854       2.8990   386.7
1.2300        -325.9669    -329.2685       3.3016   440.4
1.2400        -326.0586    -328.9948       2.9362   391.6
1.2500        -326.1485    -329.4935       3.3450   446.2
1.2600        -326.2200    -328.7293       2.5094   334.7
1.2700        -326.2544    -329.0347       2.7803   370.8
Time[ps]      Etot[eV]     Epot[eV]     Ekin[eV]    T[K]
0.0000        -301.5629    -301.5629       0.0000     0.0
0.0100        -301.4752    -304.3374       2.8622   381.8
0.0200        -301.6500    -306.5117       4.8617   648.5
0.0300        -302.0138    -308.9698       6.9560   927.8
0.0400        -302.3806    -307.2117       4.8311   644.4
0.0500        -302.7036    -309.0658       6.3622   848.6
0.0600        -303.1739    -310.3230       7.1491   953.6
0.0700        -303.6736    -311.1510       7.4774   997.4
0.0800        -304.1232    -309.2280       5.1048   680.9
0.0900        -304.4442    -311.7026       7.2584   968.2
0.1000        -305.0219    -312.6606       7.6387  1018.9
0.1100        -305.3892    -310.7229       5.3337   711.4
0.1200        -305.7962    -313.1028       7.3066   974.6
0.1300        -306.3095    -313.6015       7.2920   972.7
0.1400        -306.6532    -312.7841       6.1310   817.8
0.1500        -307.1240    -313.9525       6.8285   910.8
0.1600        -307.5226    -312.5768       5.0542   674.2
0.1700        -307.9098    -314.7978       6.8879   918.8
0.1800        -308.3168    -313.6808       5.3640   715.5
0.1900        -308.6608    -314.8492       6.1885   825.4
0.2000        -309.0203    -314.8017       5.7813   771.1
0.2100        -309.3413    -314.9681       5.6268   750.5
0.2200        -309.7405    -315.8971       6.1566   821.2
0.2300        -310.0728    -315.3848       5.3120   708.5
0.2400        -310.4525    -316.1513       5.6988   760.1
0.2500        -310.7992    -316.4457       5.6465   753.2
0.2600        -311.1066    -316.5072       5.4006   720.4
0.2700        -311.4374    -316.8528       5.4155   722.3
0.2800        -311.7684    -317.2512       5.4828   731.3
0.2900        -312.0788    -317.1625       5.0838   678.1
0.3000        -312.3318    -317.4837       5.1519   687.2
0.3100        -312.6597    -318.6581       5.9985   800.1
0.3200        -313.0032    -318.7239       5.7207   763.1
0.3300        -313.3410    -318.4300       5.0890   678.8
0.3400        -313.6433    -319.2964       5.6532   754.1
0.3500        -313.9927    -319.4345       5.4418   725.9
0.3600        -314.2901    -319.1742       4.8840   651.5
0.3700        -314.5069    -318.5860       4.0791   544.1
0.3800        -314.7312    -319.5887       4.8575   647.9
0.3900        -314.9570    -319.3249       4.3678   582.6
0.4000        -315.1563    -318.9831       3.8267   510.4
0.4100        -315.3421    -319.8537       4.5116   601.8
0.4200        -315.6062    -320.7140       5.1078   681.3
0.4300        -315.8629    -320.6310       4.7682   636.0
0.4400        -316.1165    -320.9247       4.8083   641.4
0.4500        -316.3453    -320.5541       4.2089   561.4
0.4600        -316.5573    -320.8150       4.2577   567.9
0.4700        -316.7934    -321.7529       4.9594   661.5
0.4800        -317.0364    -321.6935       4.6571   621.2
0.4900        -317.3029    -322.1903       4.8874   651.9
0.5000        -317.5684    -322.7233       5.1549   687.6
0.5100        -317.8286    -321.9101       4.0815   544.4
0.5200        -318.0276    -322.7473       4.7197   629.5
0.5300        -318.2600    -322.2837       4.0237   536.7
0.5400        -318.4568    -322.8726       4.4158   589.0
0.5500        -318.6557    -322.9557       4.3000   573.6
0.5600        -318.8547    -322.8661       4.0115   535.1
0.5700        -318.9950    -322.5116       3.5167   469.1
0.5800        -319.1589    -323.2787       4.1198   549.5
0.5900        -319.3718    -323.7472       4.3753   583.6
0.6000        -319.5821    -323.3993       3.8172   509.2
0.6100        -319.7317    -323.7254       3.9937   532.7
0.6200        -319.9073    -323.8393       3.9320   524.5
0.6300        -320.0858    -324.2591       4.1733   556.7
0.6400        -320.2705    -324.2744       4.0039   534.1
0.6500        -320.4638    -324.9282       4.4644   595.5
0.6600        -320.6866    -325.1626       4.4760   597.0
0.6700        -320.8845    -324.8496       3.9651   528.9
0.6800        -321.0464    -325.0150       3.9686   529.3
0.6900        -321.2267    -325.2505       4.0238   536.7
0.7000        -321.3977    -325.2361       3.8384   512.0
0.7100        -321.5401    -324.9313       3.3912   452.3
0.7200        -321.6675    -325.0608       3.3933   452.6
0.7300        -321.7727    -325.1383       3.3657   448.9
0.7400        -321.9284    -325.7993       3.8709   516.3
0.7500        -322.0806    -325.9241       3.8435   512.7
0.7600        -322.2432    -326.0507       3.8075   507.9
0.7700        -322.3722    -325.9448       3.5726   476.5
0.7800        -322.5413    -326.4062       3.8648   515.5
0.7900        -322.7013    -326.2616       3.5602   474.9
0.8000        -322.8003    -325.6731       2.8728   383.2
0.8100        -322.9052    -326.6474       3.7421   499.1
0.8200        -323.0421    -326.3672       3.3251   443.5
0.8300        -323.1533    -326.6385       3.4852   464.9
0.8400        -323.2609    -326.3860       3.1250   416.8
0.8500        -323.3552    -326.6576       3.3024   440.5
0.8600        -323.4533    -326.7973       3.3440   446.0
0.8700        -323.5598    -326.9983       3.4385   458.6
0.8800        -323.6640    -327.0872       3.4232   456.6
0.8900        -323.7630    -326.9249       3.1619   421.8
0.9000        -323.8600    -327.1598       3.2998   440.1
0.9100        -323.9281    -326.7723       2.8442   379.4
0.9200        -324.0009    -326.8447       2.8438   379.3
0.9300        -324.0629    -327.0695       3.0066   401.0
0.9400        -324.1357    -326.9708       2.8351   378.2
0.9500        -324.2164    -327.4172       3.2008   426.9
0.9600        -324.3340    -327.5858       3.2518   433.7
0.9700        -324.4327    -327.8065       3.3738   450.0
0.9800        -324.5386    -327.6573       3.1187   416.0
0.9900        -324.6285    -327.8350       3.2064   427.7
1.0000        -324.7120    -327.7231       3.0111   401.6
1.0100        -324.7977    -327.8808       3.0832   411.2
1.0200        -324.9187    -328.3969       3.4782   463.9
1.0300        -325.0322    -328.3874       3.3552   447.5
1.0400        -325.1429    -328.6085       3.4656   462.3
1.0500        -325.2720    -328.9897       3.7176   495.9
1.0600        -325.4315    -329.4820       4.0505   540.3
1.0700        -325.6214    -329.6227       4.0014   533.7
1.0800        -325.7885    -329.4225       3.6339   484.7
1.0900        -325.9198    -329.4619       3.5420   472.5
1.1000        -326.0318    -329.3991       3.3673   449.1
1.1100        -326.1470    -329.5529       3.4059   454.3
1.1200        -326.2466    -329.4269       3.1803   424.2
1.1300        -326.3627    -329.8693       3.5066   467.7
1.1400        -326.4584    -329.6913       3.2329   431.2
1.1500        -326.5329    -329.2477       2.7148   362.1
1.1600        -326.6400    -330.3043       3.6642   488.8
1.1700        -326.7759    -330.1122       3.3363   445.0
1.1800        -326.8626    -329.7222       2.8596   381.4
1.1900        -326.9215    -329.6651       2.7436   366.0
1.2000        -326.9573    -329.7122       2.7549   367.5
1.2100        -327.0045    -329.7015       2.6970   359.7
1.2200        -327.0569    -329.9881       2.9312   391.0
1.2300        -327.1468    -330.5072       3.3605   448.2
1.2400        -327.2535    -330.2672       3.0138   402.0
1.2500        -327.3155    -330.3448       3.0293   404.1
1.2600        -327.3954    -330.2994       2.9040   387.3
1.2700        -327.4672    -330.4449       2.9778   397.2
1.2800        -327.5405    -330.4958       2.9553   394.2
1.2900        -327.6099    -330.5177       2.9078   387.9
1.3000        -327.6967    -330.8314       3.1347   418.1
1.3100        -327.8093    -331.2645       3.4552   460.9
1.3200        -327.9319    -331.5014       3.5695   476.1
1.3300        -328.0467    -331.3731       3.3264   443.7
1.3400        -328.1391    -331.0388       2.8997   386.8
1.3500        -328.2022    -331.3907       3.1885   425.3
1.3600        -328.2871    -331.3906       3.1034   414.0
1.3700        -328.3979    -331.6938       3.2959   439.6
1.3800        -328.5040    -331.8589       3.3549   447.5
1.3900        -328.6115    -331.9683       3.3568   447.7
1.4000        -328.7103    -331.9349       3.2246   430.1
1.4100        -328.7887    -332.1030       3.3143   442.1
1.4200        -328.9041    -332.3425       3.4384   458.6
1.4300        -329.0237    -332.2645       3.2408   432.3
1.4400        -329.1317    -332.3043       3.1725   423.2
1.4500        -329.2532    -332.5758       3.3226   443.2
1.4600        -329.3502    -332.3543       3.0041   400.7
1.4700        -329.4311    -332.6530       3.2219   429.8
1.4800        -329.5219    -332.5641       3.0422   405.8
1.4900        -329.6136    -332.9807       3.3670   449.1
1.5000        -329.7149    -333.0949       3.3800   450.8
1.5100        -329.8480    -333.4698       3.6218   483.1
1.5200        -329.9674    -333.1293       3.1619   421.8
1.5300        -330.0651    -333.4245       3.3594   448.1
1.5400        -330.2012    -333.8273       3.6261   483.7
1.5500        -330.3364    -333.9176       3.5812   477.7
1.5600        -330.4595    -333.8862       3.4267   457.1
1.5700        -330.5740    -333.6857       3.1117   415.1
1.5800        -330.6720    -334.1048       3.4328   457.9
1.5900        -330.7698    -333.9812       3.2113   428.3
1.6000        -330.8659    -333.9416       3.0757   410.3
1.6100        -330.9537    -333.9845       3.0308   404.3
1.6200        -331.0389    -334.3573       3.3184   442.6
1.6300        -331.1406    -334.2338       3.0932   412.6
1.6400        -331.2154    -334.1519       2.9365   391.7
1.6500        -331.2781    -334.1805       2.9024   387.1
1.6600        -331.3499    -334.2143       2.8644   382.1
1.6700        -331.4165    -334.4452       3.0287   404.0
1.6800        -331.4922    -334.5211       3.0289   404.0
1.6900        -331.5622    -334.6016       3.0394   405.4
1.7000        -331.6597    -334.9914       3.3317   444.4
1.7100        -331.7550    -334.8521       3.0971   413.1
1.7200        -331.8286    -334.7330       2.9044   387.4
1.7300        -331.9234    -335.2733       3.3499   446.8
1.7400        -332.0283    -335.2493       3.2211   429.6
1.7500        -332.0959    -334.9542       2.8583   381.3
1.7600        -332.1681    -335.1995       3.0314   404.3
1.7700        -332.2654    -335.3827       3.1173   415.8
1.7800        -332.3662    -335.8431       3.4769   463.8
1.7900        -332.5321    -336.7798       4.2477   566.6
1.8000        -332.7375    -336.9205       4.1830   557.9
1.8100        -332.8672    -336.0926       3.2253   430.2
1.8200        -332.9929    -336.5056       3.5127   468.5
1.8300        -333.1341    -336.9366       3.8025   507.2
1.8400        -333.2616    -336.6410       3.3793   450.8
1.8500        -333.4208    -337.8466       4.4257   590.3
1.8600        -333.6374    -338.0352       4.3978   586.6
1.8700        -333.9075    -339.3445       5.4370   725.2
1.8800        -334.1538    -337.7824       3.6286   484.0
1.8900        -334.3533    -338.7917       4.4384   592.0
1.9000        -334.5467    -338.5783       4.0316   537.8
1.9100        -334.7498    -339.0876       4.3378   578.6
1.9200        -334.9518    -339.2645       4.3128   575.3
1.9300        -335.1648    -339.4865       4.3217   576.4
1.9400        -335.3108    -338.7739       3.4631   461.9
1.9500        -335.5263    -340.3322       4.8059   641.0
1.9600        -335.7820    -340.3691       4.5871   611.8
1.9700        -335.9944    -340.1582       4.1638   555.4
1.9800        -336.1423    -339.7222       3.5799   477.5
1.9900        -336.2772    -339.8829       3.6058   481.0
2.0000        -336.5075    -340.5589       4.0514   540.4
2.0100        -336.6916    -340.9699       4.2784   570.7
2.0200        -336.9035    -340.6798       3.7763   503.7
2.0300        -337.0601    -340.9730       3.9129   521.9
2.0400        -337.2853    -341.5393       4.2540   567.4
2.0500        -337.5314    -341.7434       4.2120   561.8
2.0600        -337.7202    -341.4297       3.7095   494.8
2.0700        -337.9198    -341.9115       3.9917   532.4
2.0800        -338.1663    -342.4041       4.2377   565.3
2.0900        -338.3328    -341.7847       3.4520   460.4
2.1000        -338.4712    -342.2007       3.7295   497.5
2.1100        -338.6468    -342.4358       3.7890   505.4
2.1200        -338.7541    -341.9203       3.1662   422.3
2.1300        -338.7147    -341.9752       3.2605   434.9
2.1400        -338.8350    -342.1086       3.2736   436.6
2.1500        -338.9770    -342.3119       3.3349   444.8
2.1600        -339.1256    -342.2278       3.1022   413.8
2.1700        -339.2906    -342.9509       3.6603   488.2
2.1800        -339.4598    -343.0266       3.5668   475.8
2.1900        -339.6251    -343.7598       4.1347   551.5
2.2000        -339.8350    -344.1834       4.3484   580.0
2.2100        -339.9552    -344.9074       4.9522   660.6
2.2200        -340.2610    -344.8615       4.6005   613.6
2.2300        -340.5116    -344.5654       4.0537   540.7
2.2400        -340.6903    -345.2284       4.5381   605.3
2.2500        -340.8982    -345.4625       4.5644   608.8
2.2600        -341.0676    -345.1394       4.0718   543.1
2.2700        -341.2015    -344.8651       3.6636   488.7
2.2800        -341.3695    -345.1969       3.8274   510.5
2.2900        -341.5467    -345.8008       4.2542   567.4
2.3000        -341.7221    -345.7431       4.0209   536.3
2.3100        -341.8883    -346.2479       4.3596   581.5
2.3200        -342.0430    -345.5535       3.5104   468.2
2.3300        -342.1528    -345.3917       3.2389   432.0
2.3400        -342.2709    -345.8448       3.5739   476.7
2.3500        -342.4116    -346.5707       4.1591   554.8
2.3600        -342.5528    -346.4569       3.9041   520.8
2.3700        -342.6922    -346.4981       3.8059   507.7
2.3800        -342.8543    -346.4409       3.5866   478.4
2.3900        -342.9493    -346.1406       3.1913   425.7
2.4000        -343.0457    -346.6510       3.6052   480.9
2.4100        -343.1638    -346.6342       3.4704   462.9
2.4200        -343.2262    -346.0879       2.8617   381.7
2.4300        -343.3065    -346.4898       3.1833   424.6
2.4400        -343.4417    -346.9926       3.5509   473.6
2.4500        -343.5589    -347.1575       3.5986   480.0
2.4600        -343.6667    -347.2778       3.6112   481.7
2.4700        -343.8259    -347.2809       3.4550   460.8
2.4800        -343.9468    -347.4795       3.5327   471.2
2.4900        -344.0731    -347.9287       3.8556   514.3
2.5000        -344.2349    -348.2722       4.0373   538.5
2.5100        -344.3974    -348.1923       3.7949   506.2
2.5200        -344.5345    -347.9081       3.3735   450.0
2.5300        -344.6431    -348.0313       3.3882   451.9
2.5400        -344.8159    -348.9846       4.1687   556.0
2.5500        -344.9543    -348.3589       3.4046   454.1
2.5600        -345.1128    -349.3936       4.2807   571.0
2.5700        -345.3108    -349.2804       3.9696   529.5
2.5800        -345.4768    -349.0855       3.6087   481.3
2.5900        -345.6229    -349.5013       3.8784   517.3
2.6000        -345.7804    -349.8902       4.1098   548.2
2.6100        -345.9947    -350.4562       4.4615   595.1
2.6200        -346.2058    -350.4972       4.2914   572.4
2.6300        -346.3630    -349.9196       3.5565   474.4
2.6400        -346.5096    -350.4074       3.8978   519.9
2.6500        -346.7157    -350.7395       4.0237   536.7
2.6600        -346.8218    -349.9199       3.0980   413.2
2.6700        -346.9229    -350.0460       3.1230   416.6
2.6800        -346.9964    -349.7087       2.7123   361.8
2.6900        -347.0384    -349.9855       2.9471   393.1
2.7000        -347.1068    -350.2578       3.1509   420.3
2.7100        -347.2056    -350.1245       2.9189   389.3
2.7200        -347.2647    -350.3296       3.0649   408.8
2.7300        -347.3707    -350.5143       3.1436   419.3
2.7400        -347.4214    -350.0577       2.6363   351.6
2.7500        -347.4642    -349.9809       2.5167   335.7
2.7600        -347.5255    -350.5412       3.0156   402.2
2.7700        -347.5719    -350.3156       2.7437   366.0
2.7800        -347.6543    -350.5393       2.8850   384.8
2.7900        -347.6859    -350.1469       2.4611   328.3
2.8000        -347.7235    -350.6277       2.9042   387.4
2.8100        -347.7608    -350.6242       2.8634   381.9
2.8200        -347.8379    -350.6676       2.8297   377.4
2.8300        -347.9114    -351.2443       3.3329   444.6
2.8400        -348.0207    -351.0133       2.9926   399.2
2.8500        -348.1089    -351.2107       3.1018   413.7
2.8600        -348.1985    -351.0255       2.8270   377.1
2.8700        -348.2425    -351.1942       2.9516   393.7
2.8800        -348.3534    -352.0621       3.7087   494.7
2.8900        -348.4894    -351.7482       3.2587   434.7
2.9000        -348.5931    -351.8410       3.2479   433.2
2.9100        -348.6966    -351.8666       3.1701   422.8
2.9200        -348.7336    -351.6050       2.8714   383.0
2.9300        -348.7941    -351.5201       2.7260   363.6
2.9400        -348.8260    -351.1500       2.3240   310.0
2.9500        -348.8722    -351.3326       2.4604   328.2
2.9600        -348.9267    -351.9251       2.9984   399.9
2.9700        -348.9661    -351.6535       2.6874   358.5
2.9800        -349.0401    -351.6676       2.6275   350.5
2.9900        -349.0687    -351.5630       2.4942   332.7
3.0000        -349.1095    -351.8724       2.7629   368.5
3.0100        -349.1957    -352.3235       3.1278   417.2
3.0200        -349.2580    -351.8931       2.6351   351.5
3.0300        -349.2964    -351.8472       2.5508   340.2
3.0400        -349.3366    -352.0215       2.6849   358.1
3.0500        -349.4001    -352.3161       2.9160   389.0
3.0600        -349.4322    -351.8804       2.4482   326.5
3.0700        -349.4723    -352.3148       2.8425   379.1
3.0800        -349.5155    -352.2388       2.7233   363.2
3.0900        -349.5396    -352.0478       2.5082   334.6
3.1000        -349.5901    -352.3268       2.7366   365.0
3.1100        -349.6308    -351.9704       2.3395   312.1
3.1200        -349.6553    -352.4457       2.7905   372.2
3.1300        -349.6939    -352.0113       2.3174   309.1
3.1400        -349.7035    -352.0237       2.3202   309.5
3.1500        -349.6967    -351.9504       2.2537   300.6
3.1600        -349.7248    -352.2709       2.5461   339.6
3.1700        -349.7512    -352.3442       2.5930   345.9
3.1800        -349.7797    -352.1623       2.3826   317.8
3.1900        -349.7706    -352.2250       2.4544   327.4
3.2000        -349.7784    -352.0087       2.2302   297.5
3.2100        -349.7582    -351.8895       2.1313   284.3
3.2200        -349.7583    -352.1274       2.3691   316.0
3.2300        -349.7962    -352.4837       2.6876   358.5
3.2400        -349.8177    -352.4774       2.6597   354.8
3.2500        -349.8525    -352.3575       2.5050   334.1
3.2600        -349.8731    -352.3535       2.4804   330.8
3.2700        -349.8913    -352.3604       2.4691   329.3
3.2800        -349.9013    -352.0031       2.1018   280.3
3.2900        -349.8824    -352.1534       2.2710   302.9
3.3000        -349.9231    -352.5615       2.6384   351.9
3.3100        -349.9378    -352.5916       2.6537   354.0
3.3200        -349.9845    -352.7534       2.7690   369.3
3.3300        -350.0378    -352.5445       2.5067   334.4
3.3400        -350.0477    -352.4492       2.4014   320.3
3.3500        -350.0753    -352.6097       2.5345   338.1
3.3600        -350.1171    -352.6130       2.4959   332.9
3.3700        -350.1385    -352.6270       2.4885   331.9
3.3800        -350.1372    -352.3027       2.1656   288.9
3.3900        -350.1548    -352.5448       2.3900   318.8
3.4000        -350.1634    -352.5067       2.3433   312.6
3.4100        -350.1642    -352.5400       2.3758   316.9
3.4200        -350.1797    -352.4938       2.3141   308.7
3.4300        -350.1847    -352.2790       2.0943   279.4
3.4400        -350.1719    -352.2969       2.1250   283.4
3.4500        -350.1639    -352.2483       2.0844   278.0
3.4600        -350.1512    -352.1888       2.0376   271.8
3.4700        -350.1464    -352.5780       2.4316   324.3
3.4800        -350.1570    -352.4527       2.2957   306.2
3.4900        -350.1657    -352.5283       2.3627   315.1
3.5000        -350.2033    -352.6705       2.4672   329.1
3.5100        -350.2066    -352.6595       2.4529   327.2
3.5200        -350.2293    -352.6233       2.3939   319.3
3.5300        -350.2607    -352.8933       2.6327   351.2
3.5400        -350.2689    -352.7954       2.5265   337.0
3.5500        -350.2853    -352.4841       2.1989   293.3
3.5600        -350.3005    -352.6343       2.3338   311.3
3.5700        -350.3072    -352.6530       2.3457   312.9
3.5800        -350.3086    -352.6399       2.3312   311.0
3.5900        -350.3131    -352.6554       2.3423   312.4
3.6000        -350.3411    -352.7737       2.4327   324.5
3.6100        -350.3412    -352.6273       2.2860   304.9
3.6200        -350.3348    -352.5117       2.1768   290.4
3.6300        -350.3401    -352.5593       2.2193   296.0
3.6400        -350.3260    -352.7258       2.3998   320.1
3.6500        -350.3371    -352.5466       2.2095   294.7
3.6600        -350.3459    -352.5661       2.2202   296.1
3.6700        -350.3406    -352.5195       2.1789   290.6
3.6800        -350.3215    -352.5166       2.1951   292.8
3.6900        -350.3225    -352.6081       2.2856   304.9
3.7000        -350.3295    -352.7387       2.4092   321.3
3.7100        -350.3383    -352.6172       2.2789   304.0
3.7200        -350.3202    -352.4312       2.1109   281.6
3.7300        -350.3351    -352.7438       2.4087   321.3
3.7400        -350.3331    -352.5127       2.1796   290.7
3.7500        -350.3385    -352.6996       2.3611   314.9
3.7600        -350.3574    -352.5804       2.2229   296.5
3.7700        -350.3534    -352.4580       2.1046   280.7
3.7800        -350.3309    -352.4693       2.1384   285.2
3.7900        -350.3123    -352.6158       2.3034   307.2
3.8000        -350.3287    -352.7219       2.3931   319.2
3.8100        -350.3122    -352.3402       2.0279   270.5
3.8200        -350.2859    -352.3839       2.0980   279.8
3.8300        -350.2840    -352.7175       2.4334   324.6
3.8400        -350.3211    -353.1522       2.8310   377.6
3.8500        -350.3728    -353.2092       2.8364   378.3
3.8600        -350.4262    -353.3592       2.9329   391.2
3.8700        -350.4715    -352.9964       2.5249   336.8
3.8800        -350.5063    -353.1586       2.6524   353.8
3.8900        -350.5248    -353.1208       2.5960   346.3
3.9000        -350.5768    -353.3690       2.7922   372.4
3.9100        -350.6447    -353.6509       3.0061   401.0
3.9200        -350.6994    -353.3170       2.6175   349.1
3.9300        -350.7079    -352.9780       2.2701   302.8
3.9400        -350.7388    -353.2711       2.5323   337.8
3.9500        -350.7610    -353.3681       2.6071   347.7
3.9600        -350.7808    -353.4819       2.7012   360.3
3.9700        -350.8553    -353.7887       2.9334   391.3
3.9800        -350.9197    -353.8226       2.9030   387.2
3.9900        -350.9597    -353.4005       2.4408   325.6
4.0000        -350.9992    -353.7938       2.7946   372.8
4.0100        -351.0459    -353.6129       2.5669   342.4
4.0200        -351.0669    -353.4743       2.4074   321.1
4.0300        -351.0832    -353.3925       2.3093   308.0
4.0400        -351.0966    -353.3826       2.2860   304.9
4.0500        -351.0746    -353.2449       2.1704   289.5
4.0600        -351.0898    -353.6513       2.5615   341.7
4.0700        -351.1196    -353.7382       2.6186   349.3
4.0800        -351.1495    -353.5523       2.4028   320.5
4.0900        -351.1702    -353.6179       2.4477   326.5
4.1000        -351.1932    -353.6776       2.4844   331.4
4.1100        -351.2335    -353.9051       2.6715   356.3
4.1200        -351.2677    -353.5483       2.2807   304.2
4.1300        -351.2573    -353.4490       2.1917   292.3
4.1400        -351.2785    -353.7251       2.4466   326.3
4.1500        -351.3066    -353.8221       2.5156   335.5
4.1600        -351.3435    -353.9807       2.6372   351.8
4.1700        -351.3744    -353.8619       2.4875   331.8
4.1800        -351.3890    -353.7156       2.3266   310.3
4.1900        -351.3766    -353.6041       2.2275   297.1
4.2000        -351.3917    -353.8695       2.4778   330.5
4.2100        -351.4141    -353.7328       2.3187   309.3
4.2200        -351.4053    -353.7064       2.3011   306.9
4.2300        -351.4141    -353.7877       2.3735   316.6
4.2400        -351.4345    -353.7318       2.2974   306.4
4.2500        -351.4331    -353.6036       2.1705   289.5
4.2600        -351.4213    -353.6180       2.1967   293.0
4.2700        -351.4385    -353.9702       2.5317   337.7
4.2800        -351.4702    -353.9718       2.5016   333.7
4.2900        -351.4752    -353.8601       2.3849   318.1
4.3000        -351.5077    -354.1784       2.6707   356.2
4.3100        -351.5486    -354.2023       2.6537   354.0
4.3200        -351.5710    -353.9834       2.4124   321.8
4.3300        -351.5713    -353.8459       2.2746   303.4
4.3400        -351.5760    -353.8563       2.2803   304.2
4.3500        -351.5929    -353.9038       2.3110   308.2
4.3600        -351.5873    -353.7065       2.1193   282.7
4.3700        -351.5982    -353.9080       2.3098   308.1
4.3800        -351.5784    -353.5019       1.9235   256.6
4.3900        -351.5580    -353.7567       2.1987   293.3
4.4000        -351.5665    -353.9082       2.3418   312.4
4.4100        -351.5638    -353.8900       2.3262   310.3
4.4200        -351.5699    -353.8761       2.3062   307.6
4.4300        -351.5739    -353.7925       2.2187   295.9
4.4400        -351.5618    -353.5920       2.0302   270.8
4.4500        -351.5420    -353.5281       1.9862   264.9
4.4600        -351.5183    -353.4236       1.9054   254.1
4.4700        -351.5025    -353.5979       2.0954   279.5
4.4800        -351.4998    -353.9994       2.4996   333.4
4.4900        -351.5169    -353.8586       2.3417   312.4
4.5000        -351.5329    -353.7169       2.1840   291.3
4.5100        -351.5460    -354.0180       2.4720   329.7
4.5200        -351.5410    -353.7698       2.2288   297.3
4.5300        -351.5647    -354.2029       2.6382   351.9
4.5400        -351.6056    -354.0502       2.4446   326.1
4.5500        -351.6323    -354.0478       2.4155   322.2
4.5600        -351.6233    -353.6132       1.9899   265.4
4.5700        -351.6094    -353.7505       2.1411   285.6
4.5800        -351.6039    -353.7189       2.1151   282.1
4.5900        -351.5780    -353.7628       2.1848   291.4
4.6000        -351.5794    -353.6915       2.1121   281.7
4.6100        -351.5809    -353.8244       2.2435   299.2
4.6200        -351.5845    -353.8463       2.2619   301.7
4.6300        -351.5818    -353.7265       2.1447   286.1
4.6400        -351.5898    -354.0043       2.4145   322.1
4.6500        -351.6052    -353.9689       2.3637   315.3
4.6600        -351.6268    -354.1367       2.5100   334.8
4.6700        -351.6295    -353.8138       2.1843   291.4
4.6800        -351.6173    -353.7642       2.1469   286.4
4.6900        -351.6149    -354.0271       2.4122   321.8
4.7000        -351.6312    -354.1754       2.5442   339.4
4.7100        -351.6533    -354.0189       2.3656   315.5
4.7200        -351.6526    -354.0491       2.3965   319.7
4.7300        -351.6669    -353.8398       2.1729   289.8
4.7400        -351.6868    -354.3277       2.6409   352.3
4.7500        -351.6991    -353.8988       2.1997   293.4
4.7600        -351.7193    -354.1097       2.3904   318.8
4.7700        -351.7161    -354.0929       2.3769   317.0
4.7800        -351.7114    -353.9565       2.2451   299.5
4.7900        -351.7345    -354.4269       2.6925   359.1
4.8000        -351.7520    -354.0345       2.2825   304.4
4.8100        -351.7373    -353.7699       2.0326   271.1
4.8200        -351.7024    -353.6895       1.9871   265.1
4.8300        -351.6977    -353.7972       2.0994   280.0
4.8400        -351.6981    -354.0122       2.3140   308.7
4.8500        -351.6987    -353.7984       2.0997   280.1
4.8600        -351.6923    -353.9510       2.2587   301.3
4.8700        -351.6812    -353.8079       2.1267   283.7
4.8800        -351.6544    -353.5826       1.9283   257.2
4.8900        -351.6490    -353.7641       2.1150   282.1
4.9000        -351.6464    -353.7872       2.1408   285.6
4.9100        -351.6264    -353.7164       2.0900   278.8
4.9200        -351.5827    -353.5106       1.9279   257.2
4.9300        -351.5608    -353.3910       1.8302   244.1
4.9400        -351.5238    -353.6608       2.1369   285.0
4.9500        -351.5138    -353.7634       2.2496   300.1
4.9600        -351.5441    -354.0355       2.4914   332.3
4.9700        -351.5572    -353.8049       2.2477   299.8
4.9800        -351.5374    -353.7068       2.1694   289.4
4.9900        -351.5258    -353.6862       2.1604   288.2
5.0000        -351.5321    -353.7420       2.2099   294.8
5.0100        -351.5281    -354.0685       2.5404   338.9
5.0200        -351.5451    -353.8901       2.3450   312.8
5.0300        -351.5605    -353.5066       1.9461   259.6
5.0400        -351.5514    -353.7504       2.1989   293.3
5.0500        -351.5604    -353.9102       2.3498   313.4
5.0600        -351.5674    -354.0014       2.4340   324.7
5.0700        -351.5833    -353.8931       2.3098   308.1
5.0800        -351.5911    -353.9446       2.3536   313.9
5.0900        -351.5738    -353.6618       2.0880   278.5
5.1000        -351.5535    -353.7051       2.1516   287.0
5.1100        -351.5550    -354.1384       2.5834   344.6
5.1200        -351.5696    -353.6370       2.0674   275.8
5.1300        -351.5689    -353.7805       2.2116   295.0
5.1400        -351.5773    -354.0037       2.4264   323.6
5.1500        -351.5855    -353.5737       1.9882   265.2
5.1600        -351.5893    -354.1729       2.5835   344.6
5.1700        -351.6055    -354.1046       2.4991   333.3
5.1800        -351.6191    -353.6647       2.0456   272.9
5.1900        -351.5870    -353.4881       1.9010   253.6
5.2000        -351.5389    -353.5487       2.0099   268.1
5.2100        -351.5543    -353.9479       2.3936   319.3
5.2200        -351.5727    -354.0468       2.4741   330.0
5.2300        -351.5658    -353.7059       2.1401   285.5
5.2400        -351.5885    -354.2847       2.6962   359.6
5.2500        -351.6110    -354.0309       2.4199   322.8
5.2600        -351.6504    -354.3402       2.6899   358.8
5.2700        -351.6557    -353.8574       2.2017   293.7
5.2800        -351.6390    -354.0735       2.4346   324.7
5.2900        -351.6415    -353.8860       2.2445   299.4
5.3000        -351.6340    -353.7444       2.1104   281.5
5.3100        -351.6131    -353.7908       2.1776   290.5
5.3200        -351.5985    -353.7285       2.1301   284.1
5.3300        -351.6012    -353.8182       2.2170   295.7
5.3400        -351.6168    -353.8905       2.2738   303.3
5.3500        -351.6092    -353.9208       2.3116   308.3
5.3600        -351.6124    -354.0109       2.3985   319.9
5.3700        -351.6236    -354.0169       2.3934   319.2
5.3800        -351.6385    -353.9928       2.3544   314.0
5.3900        -351.6376    -353.8336       2.1960   292.9
5.4000        -351.6417    -354.0146       2.3730   316.5
5.4100        -351.6552    -353.9403       2.2851   304.8
5.4200        -351.6433    -353.7133       2.0700   276.1
5.4300        -351.6388    -353.9394       2.3007   306.9
5.4400        -351.6421    -353.8159       2.1738   289.9
5.4500        -351.6248    -353.7418       2.1170   282.4
5.4600        -351.6153    -353.7886       2.1733   289.9
5.4700        -351.5967    -353.7481       2.1514   287.0
5.4800        -351.6122    -353.7552       2.1430   285.8
5.4900        -351.6055    -353.8141       2.2087   294.6
5.5000        -351.6187    -353.8813       2.2627   301.8
5.5100        -351.6177    -353.9789       2.3612   314.9
5.5200        -351.6154    -353.8853       2.2699   302.8
5.5300        -351.6202    -354.0764       2.4562   327.6
5.5400        -351.6331    -353.8141       2.1810   290.9
5.5500        -351.6155    -353.9271       2.3116   308.3
5.5600        -351.6083    -353.8095       2.2012   293.6
5.5700        -351.6111    -353.8442       2.2331   297.9
5.5800        -351.6097    -353.8288       2.2190   296.0
5.5900        -351.6179    -353.9471       2.3292   310.7
5.6000        -351.6122    -354.0775       2.4653   328.8
5.6100        -351.6261    -353.8813       2.2553   300.8
5.6200        -351.6255    -353.9693       2.3438   312.6
5.6300        -351.5965    -353.5812       1.9847   264.7
5.6400        -351.5834    -353.6947       2.1114   281.6
5.6500        -351.5379    -353.4300       1.8921   252.4
5.6600        -351.5065    -353.5489       2.0424   272.4
5.6700        -351.4935    -353.7192       2.2257   296.9
5.6800        -351.4897    -353.6977       2.2080   294.5
5.6900        -351.4928    -353.9821       2.4892   332.0
5.7000        -351.5006    -353.7483       2.2477   299.8
5.7100        -351.5190    -354.0689       2.5499   340.1
5.7200        -351.5513    -354.0804       2.5291   337.3
5.7300        -351.5772    -354.2827       2.7054   360.9
5.7400        -351.6062    -353.9798       2.3736   316.6
5.7500        -351.6351    -354.2544       2.6193   349.4
5.7600        -351.6572    -354.1905       2.5333   337.9
5.7700        -351.6626    -353.8175       2.1549   287.4
5.7800        -351.6569    -353.7840       2.1271   283.7
5.7900        -351.6554    -353.9558       2.3004   306.8
5.8000        -351.6259    -353.5912       1.9654   262.2
5.8100        -351.6250    -354.0109       2.3859   318.2
5.8200        -351.6442    -353.8603       2.2161   295.6
5.8300        -351.6608    -354.0203       2.3595   314.7
5.8400        -351.6462    -353.8777       2.2315   297.6
5.8500        -351.6613    -354.3283       2.6671   355.7
5.8600        -351.6754    -353.7244       2.0490   273.3
5.8700        -351.6679    -354.0064       2.3385   311.9
5.8800        -351.6553    -353.7646       2.1094   281.4
5.8900        -351.6403    -353.7387       2.0984   279.9
5.9000        -351.6136    -353.5233       1.9097   254.7
5.9100        -351.5999    -353.7489       2.1490   286.6
5.9200        -351.5928    -353.7741       2.1813   291.0
5.9300        -351.6032    -353.8614       2.2582   301.2
5.9400        -351.6243    -354.1378       2.5135   335.3
5.9500        -351.6416    -353.8722       2.2306   297.5
5.9600        -351.6332    -353.9490       2.3157   308.9
5.9700        -351.6430    -354.2028       2.5598   341.4
5.9800        -351.6822    -354.1595       2.4772   330.4
5.9900        -351.7054    -354.1749       2.4695   329.4
6.0000        -351.7152    -354.0844       2.3693   316.0
6.0100        -351.6974    -353.7360       2.0386   271.9
6.0200        -351.6838    -353.8115       2.1277   283.8
6.0300        -351.6739    -353.9025       2.2285   297.3
6.0400        -351.6580    -353.7893       2.1313   284.3
6.0500        -351.6807    -354.1543       2.4736   329.9
6.0600        -351.6790    -353.7763       2.0973   279.8
6.0700        -351.6739    -353.8094       2.1355   284.8
6.0800        -351.6804    -353.9853       2.3049   307.4
6.0900        -351.6852    -353.8556       2.1703   289.5
6.1000        -351.6779    -354.0297       2.3518   313.7
6.1100        -351.6937    -354.0088       2.3151   308.8
6.1200        -351.7065    -354.0490       2.3425   312.5
6.1300        -351.7170    -354.2499       2.5329   337.9
6.1400        -351.7436    -353.8672       2.1236   283.3
6.1500        -351.7347    -353.8778       2.1431   285.9
6.1600        -351.7404    -354.1840       2.4436   325.9
6.1700        -351.7488    -354.1752       2.4264   323.6
6.1800        -351.7379    -353.8759       2.1379   285.2
6.1900        -351.7339    -353.8930       2.1591   288.0
6.2000        -351.7456    -354.1018       2.3562   314.3
6.2100        -351.7507    -353.8300       2.0793   277.4
6.2200        -351.7513    -353.9100       2.1587   287.9
6.2300        -351.7400    -353.8639       2.1239   283.3
6.2400        -351.7317    -353.9475       2.2158   295.6
6.2500        -351.7489    -354.2091       2.4601   328.1
6.2600        -351.7589    -353.9709       2.2120   295.1
6.2700        -351.7654    -353.9638       2.1984   293.2
6.2800        -351.7234    -353.6512       1.9278   257.1
6.2900        -351.7209    -353.8366       2.1157   282.2
6.3000        -351.7071    -353.9326       2.2255   296.8
6.3100        -351.7064    -353.9642       2.2579   301.2
6.3200        -351.6687    -353.5969       1.9282   257.2
6.3300        -351.6565    -353.8410       2.1846   291.4
6.3400        -351.6549    -353.9893       2.3344   311.4
6.3500        -351.6595    -353.9910       2.3315   311.0
6.3600        -351.6531    -354.0149       2.3618   315.0
6.3700        -351.6496    -353.8065       2.1569   287.7
6.3800        -351.6565    -354.0792       2.4227   323.1
6.3900        -351.6441    -353.8004       2.1564   287.6
6.4000        -351.6549    -353.7581       2.1033   280.5
6.4100        -351.6378    -353.6632       2.0253   270.2
6.4200        -351.6207    -353.8535       2.2328   297.8
6.4300        -351.6036    -353.5958       1.9921   265.7
6.4400        -351.5961    -353.6351       2.0390   272.0
6.4500        -351.5924    -353.8067       2.2143   295.4
6.4600        -351.5594    -353.7775       2.2182   295.9
6.4700        -351.5702    -354.0890       2.5188   336.0
6.4800        -351.5888    -354.1822       2.5934   345.9
6.4900        -351.5943    -353.7787       2.1844   291.4
6.5000        -351.6068    -353.8329       2.2261   296.9
6.5100        -351.6049    -353.8062       2.2013   293.6
6.5200        -351.5885    -353.6818       2.0933   279.2
6.5300        -351.5769    -353.5809       2.0040   267.3
6.5400        -351.5779    -353.6094       2.0316   271.0
6.5500        -351.5567    -353.8089       2.2521   300.4
6.5600        -351.5593    -353.5425       1.9832   264.5
6.5700        -351.5628    -353.9013       2.3386   311.9
6.5800        -351.5743    -353.8206       2.2463   299.6
6.5900        -351.5671    -353.7544       2.1874   291.8
6.6000        -351.5720    -353.6615       2.0895   278.7
6.6100        -351.5829    -354.1691       2.5861   345.0
6.6200        -351.6021    -353.9283       2.3262   310.3
6.6300        -351.6065    -353.8730       2.2664   302.3
6.6400        -351.6188    -354.0149       2.3961   319.6
6.6500        -351.6347    -354.1534       2.5187   336.0
6.6600        -351.6505    -354.0482       2.3977   319.8
6.6700        -351.6727    -354.0611       2.3884   318.6
6.6800        -351.6803    -354.1694       2.4892   332.0
6.6900        -351.7026    -354.1170       2.4145   322.1
6.7000        -351.7013    -354.0240       2.3227   309.8
6.7100        -351.7300    -354.1931       2.4631   328.5
6.7200        -351.7479    -354.0684       2.3204   309.5
6.7300        -351.7522    -354.3007       2.5484   339.9
6.7400        -351.7648    -353.9063       2.1414   285.6
6.7500        -351.7631    -353.9857       2.2225   296.5
6.7600        -351.7626    -353.9900       2.2273   297.1
6.7700        -351.7499    -353.8439       2.0940   279.3
6.7800        -351.7450    -353.9053       2.1603   288.2
6.7900        -351.7253    -353.6502       1.9250   256.8
6.8000        -351.6971    -354.0754       2.3784   317.2
6.8100        -351.6937    -353.6828       1.9891   265.3
6.8200        -351.7128    -354.3755       2.6626   355.2
6.8300        -351.7325    -353.9868       2.2544   300.7
6.8400        -351.7211    -353.8802       2.1592   288.0
6.8500        -351.7187    -353.5475       1.8288   243.9
6.8600        -351.7042    -353.9218       2.2175   295.8
6.8700        -351.6756    -353.6281       1.9525   260.4
6.8800        -351.6635    -353.9341       2.2707   302.9
6.8900        -351.6669    -353.8467       2.1798   290.8
6.9000        -351.6780    -353.9655       2.2874   305.1
6.9100        -351.6585    -353.6817       2.0232   269.9
6.9200        -351.6518    -353.8575       2.2057   294.2
6.9300        -351.6186    -353.5940       1.9753   263.5
6.9400        -351.5902    -353.5359       1.9457   259.5
6.9500        -351.6038    -353.8230       2.2192   296.0
6.9600        -351.5807    -353.7227       2.1420   285.7
6.9700        -351.5458    -353.6343       2.0885   278.6
6.9800        -351.5310    -353.3925       1.8615   248.3
6.9900        -351.5183    -353.5994       2.0811   277.6
7.0000        -351.5108    -353.8260       2.3152   308.8
7.0100        -351.5325    -353.9002       2.3677   315.8
7.0200        -351.5171    -353.7760       2.2589   301.3
7.0300        -351.5019    -353.4815       1.9797   264.1
7.0400        -351.5354    -354.3747       2.8393   378.7
7.0500        -351.5625    -353.9581       2.3956   319.5
7.0600        -351.5278    -353.5724       2.0446   272.7
7.0700        -351.5416    -353.6042       2.0627   275.1
7.0800        -351.5311    -353.8557       2.3246   310.1
7.0900        -351.5359    -354.0877       2.5518   340.4
7.1000        -351.5496    -353.9442       2.3947   319.4
7.1100        -351.5606    -353.9662       2.4056   320.9
7.1200        -351.5689    -353.6271       2.0582   274.5
7.1300        -351.5513    -353.6535       2.1022   280.4
7.1400        -351.5356    -353.6118       2.0762   276.9
7.1500        -351.5273    -353.6291       2.1018   280.3
7.1600        -351.5116    -353.4701       1.9585   261.2
7.1700        -351.5079    -353.7627       2.2548   300.8
7.1800        -351.5111    -353.9289       2.4178   322.5
7.1900        -351.5232    -353.8260       2.3028   307.2
7.2000        -351.5174    -353.6994       2.1821   291.1
7.2100        -351.5059    -353.7087       2.2028   293.8
7.2200        -351.5290    -354.0022       2.4732   329.9
7.2300        -351.5297    -353.6594       2.1297   284.1
7.2400        -351.5159    -353.6787       2.1628   288.5
7.2500        -351.4894    -353.6352       2.1458   286.2
7.2600        -351.5009    -353.8518       2.3510   313.6
7.2700        -351.4943    -353.7358       2.2414   299.0
7.2800        -351.4972    -353.7950       2.2978   306.5
7.2900        -351.5118    -353.5992       2.0873   278.4
7.3000        -351.5014    -353.8540       2.3526   313.8
7.3100        -351.5070    -353.7949       2.2879   305.2
7.3200        -351.5082    -353.6698       2.1616   288.3
7.3300        -351.5033    -353.8154       2.3121   308.4
7.3400        -351.4974    -353.6778       2.1804   290.8
7.3500        -351.4804    -353.7179       2.2375   298.4
7.3600        -351.5102    -353.9249       2.4147   322.1
7.3700        -351.5264    -354.0072       2.4808   330.9
7.3800        -351.5477    -354.2075       2.6598   354.8
7.3900        -351.5842    -353.9834       2.3992   320.0
7.4000        -351.6169    -354.1891       2.5722   343.1
7.4100        -351.6183    -353.8338       2.2155   295.5
7.4200        -351.6478    -354.4322       2.7844   371.4
7.4300        -351.6895    -354.2843       2.5948   346.1
7.4400        -351.7198    -354.3149       2.5951   346.2
7.4500        -351.7141    -353.8307       2.1166   282.3
7.4600        -351.6833    -353.7639       2.0806   277.5
7.4700        -351.6520    -353.5526       1.9005   253.5
7.4800        -351.6329    -353.5814       1.9484   259.9
7.4900        -351.6349    -353.9318       2.2968   306.4
7.5000        -351.6270    -353.8320       2.2050   294.1
7.5100        -351.6463    -354.0430       2.3967   319.7
7.5200        -351.6515    -353.7816       2.1301   284.1
7.5300        -351.6727    -354.0366       2.3639   315.3
7.5400        -351.6592    -353.7120       2.0528   273.8
7.5500        -351.6521    -353.8340       2.1820   291.0
7.5600        -351.6578    -354.0254       2.3676   315.8
7.5700        -351.6659    -353.7470       2.0811   277.6
7.5800        -351.6717    -353.8535       2.1819   291.0
7.5900        -351.6541    -353.7065       2.0524   273.8
7.6000        -351.6673    -354.0869       2.4197   322.7
7.6100        -351.6546    -353.9243       2.2696   302.7
7.6200        -351.6640    -354.1894       2.5254   336.8
7.6300        -351.6691    -353.7162       2.0472   273.1
7.6400        -351.6867    -354.1925       2.5058   334.2
7.6500        -351.7021    -354.0130       2.3109   308.2
7.6600        -351.7033    -353.8414       2.1381   285.2
7.6700        -351.6892    -353.8750       2.1858   291.6
7.6800        -351.6739    -353.8286       2.1548   287.4
7.6900        -351.6932    -354.1250       2.4318   324.4
7.7000        -351.6822    -353.6913       2.0090   268.0
7.7100        -351.6875    -354.0374       2.3499   313.4
7.7200        -351.6831    -353.8773       2.1942   292.7
7.7300        -351.6799    -353.9881       2.3082   307.9
7.7400        -351.6773    -353.8260       2.1487   286.6
7.7500        -351.6680    -353.9906       2.3226   309.8
7.7600        -351.6733    -354.0379       2.3646   315.4
7.7700        -351.6860    -354.2149       2.5289   337.3
7.7800        -351.7006    -354.0965       2.3959   319.6
7.7900        -351.7076    -353.8844       2.1768   290.4
7.8000        -351.7148    -354.3085       2.5937   346.0
7.8100        -351.7242    -354.0863       2.3621   315.1
7.8200        -351.7352    -354.2386       2.5034   333.9
7.8300        -351.7184    -353.6407       1.9223   256.4
7.8400        -351.7182    -354.0000       2.2818   304.4
7.8500        -351.7203    -353.8788       2.1585   287.9
7.8600        -351.7158    -354.1447       2.4288   324.0
7.8700        -351.7290    -353.9374       2.2085   294.6
7.8800        -351.7198    -353.8148       2.0950   279.4
7.8900        -351.7294    -353.9272       2.1978   293.1
7.9000        -351.7064    -353.7870       2.0806   277.5
7.9100        -351.6953    -353.6441       1.9488   259.9
7.9200        -351.6671    -353.6201       1.9530   260.5
7.9300        -351.6572    -353.8642       2.2071   294.4
7.9400        -351.6491    -353.8723       2.2231   296.5
7.9500        -351.6569    -353.8990       2.2421   299.1
7.9600        -351.6283    -353.6827       2.0544   274.0
7.9700        -351.6191    -353.9593       2.3402   312.1
7.9800        -351.6161    -353.8182       2.2021   293.7
7.9900        -351.6273    -354.0020       2.3747   316.7
8.0000        -351.6275    -353.7919       2.1645   288.7
8.0100        -351.6043    -353.4548       1.8505   246.8
8.0200        -351.5895    -353.8789       2.2894   305.4
8.0300        -351.6048    -353.8872       2.2824   304.4
8.0400        -351.5806    -353.4041       1.8235   243.2
8.0500        -351.5592    -353.5188       1.9596   261.4
8.0600        -351.5611    -353.9440       2.3829   317.8
8.0700        -351.5746    -354.0600       2.4853   331.5
8.0800        -351.5958    -354.2063       2.6105   348.2
8.0900        -351.6170    -353.8017       2.1847   291.4
8.1000        -351.6136    -353.9489       2.3353   311.5
8.1100        -351.6117    -354.0559       2.4442   326.0
8.1200        -351.6311    -354.2188       2.5877   345.2
8.1300        -351.6373    -353.7512       2.1139   282.0
8.1400        -351.6318    -353.7305       2.0987   279.9
8.1500        -351.6130    -353.6100       1.9970   266.4
8.1600        -351.6108    -353.7777       2.1669   289.0
8.1700        -351.6220    -353.8185       2.1965   293.0
8.1800        -351.6205    -353.8253       2.2048   294.1
8.1900        -351.6135    -353.7443       2.1308   284.2
8.2000        -351.6102    -354.0046       2.3944   319.4
8.2100        -351.6046    -353.6479       2.0434   272.6
8.2200        -351.5820    -353.7654       2.1834   291.2
8.2300        -351.5660    -353.9089       2.3429   312.5
8.2400        -351.5781    -354.0286       2.4505   326.9
8.2500        -351.6171    -353.9592       2.3421   312.4
8.2600        -351.6171    -353.8824       2.2653   302.2
8.2700        -351.5959    -353.6927       2.0969   279.7
8.2800        -351.5818    -353.8621       2.2803   304.2
8.2900        -351.5726    -353.7708       2.1982   293.2
8.3000        -351.5777    -354.0401       2.4624   328.4
8.3100        -351.5723    -353.7036       2.1312   284.3
8.3200        -351.5754    -353.6848       2.1094   281.4
8.3300        -351.5797    -353.7953       2.2156   295.5
8.3400        -351.5697    -353.9752       2.4055   320.9
8.3500        -351.5921    -354.0348       2.4427   325.8
8.3600        -351.6053    -353.9368       2.3315   311.0
8.3700        -351.6084    -353.6764       2.0680   275.8
8.3800        -351.5996    -353.8501       2.2506   300.2
8.3900        -351.6035    -353.7310       2.1275   283.8
8.4000        -351.6132    -353.8410       2.2278   297.2
8.4100        -351.5989    -353.6210       2.0221   269.7
8.4200        -351.5682    -353.5931       2.0249   270.1
8.4300        -351.5647    -353.6956       2.1309   284.2
8.4400        -351.5751    -354.0959       2.5208   336.2
8.4500        -351.5892    -353.8670       2.2778   303.8
8.4600        -351.6038    -353.9259       2.3220   309.7
8.4700        -351.6075    -353.7207       2.1132   281.9
8.4800        -351.6221    -354.1099       2.4877   331.8
8.4900        -351.6473    -353.9217       2.2744   303.4
8.5000        -351.6499    -353.8732       2.2232   296.5
8.5100        -351.6591    -353.9865       2.3274   310.4
8.5200        -351.6704    -354.3811       2.7106   361.6
8.5300        -351.6792    -353.9979       2.3187   309.3
8.5400        -351.6875    -353.9144       2.2269   297.0
8.5500        -351.6833    -353.9058       2.2225   296.4
8.5600        -351.7029    -354.3825       2.6797   357.4
8.5700        -351.7303    -354.2735       2.5432   339.2
8.5800        -351.7264    -353.7967       2.0703   276.1
8.5900        -351.7301    -353.8350       2.1049   280.8
8.6000        -351.7222    -353.9382       2.2161   295.6
8.6100        -351.7145    -353.9523       2.2379   298.5
8.6200        -351.7066    -353.7399       2.0333   271.2
8.6300        -351.6829    -353.5988       1.9159   255.6
8.6400        -351.6633    -353.9192       2.2559   300.9
8.6500        -351.6706    -354.0426       2.3720   316.4
8.6600        -351.6714    -354.0080       2.3366   311.7
8.6700        -351.6742    -354.1434       2.4692   329.4
8.6800        -351.6802    -353.8268       2.1466   286.3
8.6900        -351.6685    -353.6352       1.9667   262.3
8.7000        -351.6397    -353.6807       2.0410   272.2
8.7100        -351.6279    -353.8484       2.2204   296.2
8.7200        -351.6341    -353.9756       2.3414   312.3
8.7300        -351.6331    -353.8027       2.1696   289.4
8.7400        -351.6441    -354.0552       2.4111   321.6
8.7500        -351.6568    -353.8591       2.2024   293.8
8.7600        -351.6574    -353.8376       2.1802   290.8
8.7700        -351.6223    -353.5551       1.9328   257.8
8.7800        -351.6182    -353.9209       2.3027   307.2
8.7900        -351.6278    -353.7423       2.1145   282.0
8.8000        -351.6306    -353.9919       2.3613   315.0
8.8100        -351.6405    -353.8315       2.1910   292.2
8.8200        -351.6301    -353.7797       2.1496   286.7
8.8300        -351.6355    -353.8668       2.2313   297.6
8.8400        -351.6312    -354.0541       2.4229   323.2
8.8500        -351.6473    -354.0009       2.3536   313.9
8.8600        -351.6364    -353.7476       2.1112   281.6
8.8700        -351.5963    -353.5953       1.9990   266.6
8.8800        -351.5849    -353.8885       2.3036   307.3
8.8900        -351.5977    -353.9085       2.3108   308.2
8.9000        -351.5876    -353.5919       2.0043   267.3
8.9100        -351.5815    -353.7822       2.2007   293.5
8.9200        -351.5610    -353.6580       2.0970   279.7
8.9300        -351.5569    -353.8117       2.2548   300.8
8.9400        -351.5571    -353.9495       2.3923   319.1
8.9500        -351.5647    -353.8531       2.2884   305.2
8.9600        -351.5616    -354.0152       2.4536   327.3
8.9700        -351.5769    -354.0332       2.4563   327.6
8.9800        -351.6069    -353.9230       2.3161   308.9
8.9900        -351.6096    -353.8860       2.2765   303.6
9.0000        -351.6036    -353.8593       2.2557   300.9
9.0100        -351.5916    -353.9234       2.3318   311.0
9.0200        -351.6263    -354.1072       2.4809   330.9
9.0300        -351.6540    -354.3039       2.6499   353.5
9.0400        -351.6645    -354.0953       2.4308   324.2
9.0500        -351.6888    -354.2320       2.5432   339.2
9.0600        -351.7134    -354.0427       2.3293   310.7
9.0700        -351.7093    -353.7817       2.0724   276.4
9.0800        -351.6854    -353.6825       1.9971   266.4
9.0900        -351.6659    -353.5938       1.9279   257.2
9.1000        -351.6299    -353.7453       2.1154   282.2
9.1100        -351.6492    -354.1176       2.4685   329.3
9.1200        -351.6595    -353.9300       2.2705   302.9
9.1300        -351.6796    -354.0660       2.3864   318.3
9.1400        -351.6668    -353.8650       2.1982   293.2
9.1500        -351.6705    -354.0052       2.3347   311.4
9.1600        -351.6831    -353.8821       2.1990   293.3
9.1700        -351.6650    -353.6676       2.0026   267.1
9.1800        -351.6670    -353.9783       2.3114   308.3
9.1900        -351.6521    -353.7305       2.0784   277.2
9.2000        -351.6501    -353.8329       2.1828   291.2
9.2100        -351.6385    -353.7218       2.0834   277.9
9.2200        -351.6510    -353.9853       2.3344   311.4
9.2300        -351.6401    -353.8618       2.2217   296.3
9.2400        -351.6417    -354.1487       2.5070   334.4
9.2500        -351.6793    -354.1155       2.4362   325.0
9.2600        -351.6956    -354.1682       2.4727   329.8
9.2700        -351.6828    -353.7670       2.0842   278.0
9.2800        -351.6766    -353.8689       2.1923   292.4
9.2900        -351.6684    -353.8866       2.2182   295.9
9.3000        -351.6743    -354.2073       2.5331   337.9
9.3100        -351.6899    -354.0003       2.3105   308.2
9.3200        -351.7148    -354.1427       2.4279   323.8
9.3300        -351.7144    -353.9015       2.1870   291.7
9.3400        -351.7084    -353.9894       2.2810   304.3
9.3500        -351.7186    -354.0032       2.2846   304.7
9.3600        -351.7186    -353.9139       2.1953   292.8
9.3700        -351.7185    -354.1291       2.4106   321.5
9.3800        -351.7366    -354.2239       2.4873   331.8
9.3900        -351.7490    -354.0642       2.3153   308.8
9.4000        -351.7444    -353.7052       1.9607   261.5
9.4100        -351.7203    -353.8183       2.0980   279.8
9.4200        -351.7120    -354.0247       2.3127   308.5
9.4300        -351.7168    -353.9780       2.2612   301.6
9.4400        -351.7176    -353.8560       2.1384   285.2
9.4500        -351.7184    -354.0053       2.2869   305.0
9.4600        -351.6951    -353.9859       2.2909   305.6
9.4700        -351.7037    -353.9707       2.2670   302.4
9.4800        -351.7196    -353.9211       2.2015   293.6
9.4900        -351.6979    -353.6439       1.9459   259.6
9.5000        -351.6895    -353.9140       2.2245   296.7
9.5100        -351.6820    -353.8855       2.2034   293.9
9.5200        -351.6625    -353.5531       1.8907   252.2
9.5300        -351.6158    -353.6034       1.9876   265.1
9.5400        -351.6097    -353.8558       2.2461   299.6
9.5500        -351.6101    -353.9283       2.3181   309.2
9.5600        -351.6153    -353.9133       2.2980   306.5
9.5700        -351.6237    -353.9823       2.3586   314.6
9.5800        -351.6294    -353.9182       2.2888   305.3
9.5900        -351.6310    -353.8055       2.1745   290.0
9.6000        -351.6291    -354.0607       2.4316   324.3
9.6100        -351.6535    -353.7887       2.1352   284.8
9.6200        -351.6318    -353.7391       2.1074   281.1
9.6300        -351.5992    -353.5176       1.9184   255.9
9.6400        -351.5767    -353.7315       2.1549   287.4
9.6500        -351.5733    -353.9925       2.4192   322.7
9.6600        -351.5913    -353.9371       2.3458   312.9
9.6700        -351.5785    -353.8174       2.2388   298.6
9.6800        -351.5692    -353.6634       2.0943   279.3
9.6900        -351.5581    -353.6486       2.0905   278.8
9.7000        -351.5473    -353.6797       2.1324   284.4
9.7100        -351.5237    -353.7205       2.1967   293.0
9.7200        -351.5136    -353.6823       2.1686   289.3
9.7300        -351.5140    -353.7996       2.2856   304.9
9.7400        -351.5135    -353.8123       2.2989   306.6
9.7500        -351.5206    -353.9154       2.3948   319.4
9.7600        -351.5177    -353.6011       2.0834   277.9
9.7700        -351.5049    -353.7245       2.2196   296.1
9.7800        -351.5019    -353.7307       2.2288   297.3
9.7900        -351.5068    -353.9802       2.4733   329.9
9.8000        -351.5212    -353.9518       2.4305   324.2
9.8100        -351.5363    -353.9350       2.3987   320.0
9.8200        -351.5487    -354.0385       2.4898   332.1
9.8300        -351.5690    -353.8899       2.3209   309.6
9.8400        -351.5766    -353.8513       2.2746   303.4
9.8500        -351.5676    -353.7603       2.1927   292.5
9.8600        -351.5802    -353.9031       2.3229   309.8
9.8700        -351.5852    -353.7506       2.1655   288.8
9.8800        -351.5769    -353.9061       2.3293   310.7
9.8900        -351.5897    -354.0203       2.4307   324.2
9.9000        -351.5965    -353.8489       2.2524   300.4
9.9100        -351.5900    -353.8656       2.2757   303.5
9.9200        -351.6250    -354.3267       2.7018   360.4
9.9300        -351.6651    -354.3062       2.6411   352.3
9.9400        -351.6979    -354.2664       2.5684   342.6
9.9500        -351.7074    -354.1219       2.4144   322.0
9.9600        -351.7145    -353.8321       2.1176   282.5
9.9700        -351.7104    -353.8197       2.1094   281.4
9.9800        -351.7077    -354.1794       2.4716   329.7
9.9900        -351.7104    -353.9344       2.2240   296.7
10.0000       -351.7182    -354.0737       2.3555   314.2
