Time[ps]      Etot[eV]     Epot[eV]     Ekin[eV]    T[K]
0.0000        -273.4708    -273.4708       0.0000     0.0
0.0100        -273.3848    -274.3356       0.9507   175.1
0.0200        -273.3365    -274.5142       1.1777   216.9
0.0300        -273.2929    -274.6255       1.3326   245.5
0.0400        -273.2514    -274.4920       1.2406   228.5
0.0500        -273.2197    -274.5904       1.3707   252.5
0.0600        -273.1897    -274.6072       1.4175   261.1
0.0700        -273.1634    -274.4227       1.2593   232.0
0.0800        -273.1296    -274.5102       1.3806   254.3
0.0900        -273.0994    -274.4343       1.3350   245.9
0.1000        -273.0797    -274.4471       1.3674   251.9
0.1100        -273.0621    -274.4785       1.4163   260.9
0.1200        -273.0358    -274.4104       1.3746   253.2
0.1300        -273.0205    -274.4523       1.4318   263.7
0.1400        -272.9979    -274.3638       1.3659   251.6
0.1500        -272.9674    -274.3435       1.3762   253.5
0.1600        -272.9246    -274.0358       1.1112   204.7
0.1700        -272.8855    -274.2115       1.3260   244.2
0.1800        -272.8593    -274.3393       1.4800   272.6
0.1900        -272.8341    -274.2554       1.4213   261.8
0.2000        -272.8197    -274.3908       1.5711   289.4
0.2100        -272.8104    -274.2163       1.4060   259.0
0.2200        -272.7978    -274.4120       1.6142   297.3
0.2300        -272.7756    -274.1669       1.3913   256.3
0.2400        -272.7664    -274.2033       1.4369   264.7
0.2500        -272.7475    -274.3163       1.5688   289.0
0.2600        -272.7433    -274.1729       1.4297   263.3
0.2700        -272.7132    -274.2016       1.4885   274.2
0.2800        -272.7074    -274.2753       1.5679   288.8
0.2900        -272.6957    -274.2511       1.5554   286.5
0.3000        -272.6948    -274.1862       1.4914   274.7
0.3100        -272.6794    -274.1904       1.5110   278.3
0.3200        -272.6780    -274.3471       1.6692   307.5
0.3300        -272.6565    -274.0166       1.3602   250.5
0.3400        -272.6547    -274.3176       1.6629   306.3
0.3500        -272.6512    -274.2270       1.5758   290.3
0.3600        -272.6715    -274.5990       1.9276   355.1
0.3700        -272.6632    -274.1754       1.5122   278.5
0.3800        -272.6635    -274.2422       1.5787   290.8
0.3900        -272.6383    -274.1508       1.5125   278.6
0.4000        -272.6451    -274.2943       1.6492   303.8
0.4100        -272.6428    -274.2331       1.5904   292.9
0.4200        -272.6415    -274.1378       1.4963   275.6
0.4300        -272.6311    -274.1794       1.5483   285.2
0.4400        -272.6183    -273.9031       1.2848   236.7
0.4500        -272.6040    -274.0814       1.4773   272.1
0.4600        -272.6022    -274.1281       1.5259   281.1
0.4700        -272.6025    -274.1586       1.5561   286.6
0.4800        -272.5787    -274.0282       1.4495   267.0
0.4900        -272.5717    -274.1924       1.6207   298.5
0.5000        -272.5705    -274.2227       1.6522   304.3
0.5100        -272.5708    -274.1881       1.6173   297.9
0.5200        -272.5535    -274.2233       1.6698   307.6
0.5300        -272.5648    -274.2319       1.6671   307.1
0.5400        -272.5562    -274.1118       1.5557   286.6
0.5500        -272.5514    -274.2865       1.7351   319.6
0.5600        -272.5485    -274.1146       1.5661   288.5
0.5700        -272.5409    -273.9820       1.4411   265.5
0.5800        -272.5347    -274.0190       1.4842   273.4
0.5900        -272.5353    -274.0027       1.4674   270.3
0.6000        -272.5267    -274.1992       1.6725   308.1
0.6100        -272.5208    -273.9478       1.4271   262.9
0.6200        -272.5333    -274.5031       1.9698   362.8
0.6300        -272.5386    -274.0288       1.4902   274.5
0.6400        -272.5453    -274.3352       1.7899   329.7
0.6500        -272.5424    -274.0322       1.4898   274.4
0.6600        -272.5504    -274.3114       1.7610   324.4
0.6700        -272.5437    -274.0439       1.5002   276.3
0.6800        -272.5472    -274.1456       1.5984   294.4
0.6900        -272.5293    -273.8824       1.3531   249.2
0.7000        -272.5256    -274.2337       1.7081   314.6
0.7100        -272.5391    -274.1959       1.6568   305.2
0.7200        -272.5437    -274.2684       1.7247   317.7
0.7300        -272.5306    -274.0165       1.4860   273.7
0.7400        -272.5240    -274.1677       1.6437   302.8
0.7500        -272.5246    -274.0652       1.5406   283.8
0.7600        -272.5150    -274.0011       1.4861   273.7
0.7700        -272.4906    -274.0322       1.5416   284.0
0.7800        -272.4831    -273.9934       1.5103   278.2
0.7900        -272.4786    -274.0918       1.6132   297.1
0.8000        -272.4895    -274.0368       1.5473   285.0
0.8100        -272.4956    -274.2231       1.7275   318.2
0.8200        -272.4853    -274.0897       1.6044   295.5
0.8300        -272.4906    -274.2816       1.7911   329.9
0.8400        -272.5239    -274.4106       1.8868   347.5
0.8500        -272.5482    -274.3521       1.8039   332.3
0.8600        -272.5411    -273.9745       1.4334   264.0
0.8700        -272.5414    -274.1180       1.5766   290.4
0.8800        -272.5510    -274.3375       1.7865   329.1
0.8900        -272.5429    -274.1480       1.6051   295.6
0.9000        -272.5288    -274.0699       1.5411   283.9
0.9100        -272.5045    -274.0001       1.4956   275.5
0.9200        -272.5165    -274.1937       1.6772   308.9
0.9300        -272.5391    -274.4257       1.8866   347.5
0.9400        -272.5436    -274.3735       1.8300   337.1
0.9500        -272.5482    -274.2111       1.6629   306.3
0.9600        -272.5559    -274.2205       1.6646   306.6
0.9700        -272.5465    -274.0662       1.5197   279.9
0.9800        -272.5214    -273.8665       1.3451   247.8
0.9900        -272.4938    -274.0229       1.5290   281.6
1.0000        -272.4833    -274.0480       1.5647   288.2
1.0100        -272.4836    -274.0001       1.5165   279.3
1.0200        -272.4828    -274.1943       1.7116   315.3
1.0300        -272.4771    -273.9441       1.4670   270.2
1.0400        -272.4736    -274.1009       1.6273   299.8
1.0500        -272.4729    -274.2167       1.7438   321.2
1.0600        -272.4851    -274.2617       1.7766   327.2
1.0700        -272.4884    -273.9264       1.4379   264.9
1.0800        -272.4769    -274.0113       1.5344   282.6
1.0900        -272.4690    -273.8878       1.4189   261.4
1.1000        -272.4685    -274.0710       1.6024   295.2
1.1100        -272.4552    -273.9073       1.4521   267.5
1.1200        -272.4258    -273.8527       1.4269   262.8
1.1300        -272.4404    -274.2745       1.8341   337.8
1.1400        -272.4704    -274.3971       1.9266   354.9
1.1500        -272.4960    -274.1954       1.6994   313.0
1.1600        -272.4851    -274.1410       1.6560   305.0
1.1700        -272.4846    -274.1476       1.6631   306.3
1.1800        -272.4978    -274.3241       1.8263   336.4
1.1900        -272.5271    -274.2076       1.6805   309.5
1.2000        -272.5358    -274.5210       1.9852   365.7
1.2100        -272.5547    -274.4149       1.8603   342.7
1.2200        -272.5706    -274.1394       1.5689   289.0
1.2300        -272.5625    -274.0728       1.5102   278.2
1.2400        -272.5497    -274.1105       1.5609   287.5
1.2500        -272.5549    -274.3410       1.7860   329.0
1.2600        -272.5661    -274.0734       1.5072   277.6
1.2700        -272.5674    -274.2285       1.6611   306.0
1.2800        -272.5657    -274.1827       1.6170   297.9
1.2900        -272.5768    -274.4572       1.8804   346.4
1.3000        -272.5923    -274.2487       1.6564   305.1
1.3100        -272.5794    -274.0652       1.4858   273.7
1.3200        -272.5603    -274.0925       1.5322   282.2
1.3300        -272.5543    -274.0630       1.5087   277.9
1.3400        -272.5280    -274.0635       1.5355   282.8
1.3500        -272.5403    -274.2943       1.7541   323.1
1.3600        -272.5520    -274.3353       1.7832   328.5
1.3700        -272.5521    -274.0735       1.5215   280.3
1.3800        -272.5244    -273.9374       1.4130   260.3
1.3900        -272.5282    -274.2564       1.7282   318.3
1.4000        -272.5381    -274.1166       1.5785   290.8
1.4100        -272.5472    -274.0449       1.4977   275.9
1.4200        -272.5366    -274.2690       1.7324   319.1
1.4300        -272.5384    -274.1685       1.6300   300.3
1.4400        -272.5364    -274.0563       1.5199   280.0
1.4500        -272.5301    -274.1750       1.6448   303.0
1.4600        -272.5436    -274.1241       1.5805   291.1
1.4700        -272.5414    -274.3080       1.7666   325.4
1.4800        -272.5229    -273.7767       1.2538   230.9
1.4900        -272.5028    -274.0637       1.5609   287.5
1.5000        -272.5126    -274.1482       1.6356   301.3
1.5100        -272.5349    -274.3352       1.8003   331.6
1.5200        -272.5335    -274.1551       1.6216   298.7
1.5300        -272.5253    -274.3327       1.8074   332.9
1.5400        -272.5418    -274.0255       1.4836   273.3
1.5500        -272.5361    -274.1830       1.6469   303.4
1.5600        -272.5241    -274.0350       1.5109   278.3
1.5700        -272.5260    -274.2547       1.7288   318.4
1.5800        -272.5101    -273.9458       1.4357   264.5
1.5900        -272.5102    -274.2323       1.7221   317.2
1.6000        -272.5391    -274.6440       2.1049   387.7
1.6100        -272.5552    -274.2146       1.6593   305.6
1.6200        -272.5654    -274.0571       1.4917   274.8
1.6300        -272.5571    -274.2284       1.6713   307.9
1.6400        -272.5620    -274.1996       1.6375   301.6
1.6500        -272.5452    -273.9725       1.4274   262.9
1.6600        -272.5481    -274.2083       1.6602   305.8
1.6700        -272.5559    -274.1902       1.6343   301.0
1.6800        -272.5622    -274.2046       1.6423   302.5
1.6900        -272.5346    -273.9325       1.3979   257.5
1.7000        -272.5289    -274.5022       1.9733   363.5
1.7100        -272.5701    -274.4659       1.8959   349.2
1.7200        -272.5903    -274.4341       1.8438   339.6
1.7300        -272.5962    -274.3355       1.7392   320.4
1.7400        -272.5923    -274.1953       1.6030   295.3
1.7500        -272.5909    -273.9335       1.3426   247.3
1.7600        -272.5732    -274.0129       1.4397   265.2
1.7700        -272.5727    -274.3775       1.8047   332.4
1.7800        -272.5753    -274.0811       1.5058   277.4
1.7900        -272.5529    -274.0609       1.5081   277.8
1.8000        -272.5560    -274.4188       1.8628   343.1
1.8100        -272.5909    -274.5117       1.9209   353.8
1.8200        -272.6064    -274.2757       1.6693   307.5
1.8300        -272.5861    -273.9553       1.3693   252.2
1.8400        -272.5645    -274.0443       1.4798   272.6
1.8500        -272.5584    -274.1588       1.6004   294.8
1.8600        -272.5509    -274.1161       1.5652   288.3
1.8700        -272.5345    -274.2245       1.6901   311.3
1.8800        -272.5493    -274.1872       1.6379   301.7
1.8900        -272.5517    -274.1186       1.5669   288.6
1.9000        -272.5516    -274.2896       1.7381   320.1
1.9100        -272.5676    -274.3619       1.7943   330.5
1.9200        -272.5714    -274.1058       1.5344   282.6
1.9300        -272.5794    -274.2595       1.6802   309.5
1.9400        -272.5802    -274.2551       1.6748   308.5
1.9500        -272.5888    -274.4462       1.8573   342.1
1.9600        -272.5948    -274.1358       1.5410   283.8
1.9700        -272.5870    -274.2142       1.6272   299.7
1.9800        -272.6113    -274.3781       1.7667   325.4
1.9900        -272.6176    -274.1614       1.5438   284.4
2.0000        -272.6029    -274.1390       1.5361   283.0
2.0100        -272.5831    -274.0028       1.4197   261.5
2.0200        -272.5658    -274.0211       1.4553   268.1
2.0300        -272.5532    -274.0117       1.4585   268.6
2.0400        -272.5468    -274.2481       1.7013   313.4
2.0500        -272.5520    -274.3376       1.7856   328.9
2.0600        -272.5572    -274.3354       1.7782   327.5
2.0700        -272.5603    -274.2656       1.7054   314.1
2.0800        -272.5547    -274.1609       1.6062   295.9
2.0900        -272.5609    -274.1858       1.6249   299.3
2.1000        -272.5486    -274.0981       1.5495   285.4
2.1100        -272.5409    -274.0602       1.5194   279.9
2.1200        -272.5292    -274.0319       1.5027   276.8
2.1300        -272.5319    -274.2627       1.7308   318.8
2.1400        -272.5278    -274.0903       1.5626   287.8
2.1500        -272.5158    -274.1888       1.6729   308.2
2.1600        -272.5294    -274.2762       1.7469   321.8
2.1700        -272.5370    -274.3279       1.7909   329.9
2.1800        -272.5576    -274.4314       1.8738   345.2
2.1900        -272.5680    -274.1733       1.6052   295.7
2.2000        -272.5658    -274.0453       1.4794   272.5
2.2100        -272.5558    -274.1520       1.5962   294.0
2.2200        -272.5717    -274.3465       1.7748   326.9
2.2300        -272.5690    -274.1880       1.6190   298.2
2.2400        -272.5679    -274.2297       1.6618   306.1
2.2500        -272.5482    -273.9309       1.3827   254.7
2.2600        -272.5256    -274.1184       1.5928   293.4
2.2700        -272.5203    -274.1138       1.5934   293.5
2.2800        -272.5173    -274.2094       1.6920   311.7
2.2900        -272.5205    -274.0716       1.5511   285.7
2.3000        -272.5273    -274.1914       1.6641   306.5
2.3100        -272.5416    -274.2522       1.7106   315.1
2.3200        -272.5469    -274.1019       1.5550   286.4
2.3300        -272.5350    -273.9437       1.4086   259.5
2.3400        -272.5263    -274.2255       1.6992   313.0
2.3500        -272.5412    -274.2411       1.6999   313.1
2.3600        -272.5269    -274.0524       1.5255   281.0
2.3700        -272.5365    -274.5143       1.9778   364.3
2.3800        -272.5623    -274.3813       1.8190   335.1
2.3900        -272.5817    -274.4194       1.8377   338.5
2.4000        -272.5912    -274.1300       1.5388   283.4
2.4100        -272.5861    -274.2808       1.6947   312.2
2.4200        -272.5850    -274.2473       1.6624   306.2
2.4300        -272.5934    -274.2133       1.6199   298.4
2.4400        -272.5878    -274.1271       1.5393   283.5
2.4500        -272.5838    -274.2950       1.7112   315.2
2.4600        -272.5906    -274.2120       1.6214   298.7
2.4700        -272.5720    -274.1718       1.5998   294.7
2.4800        -272.5652    -274.0600       1.4948   275.3
2.4900        -272.5552    -274.0717       1.5166   279.4
2.5000        -272.5674    -274.4005       1.8331   337.7
2.5100        -272.5721    -274.1250       1.5528   286.0
2.5200        -272.5672    -274.1187       1.5515   285.8
2.5300        -272.5665    -274.1653       1.5989   294.5
2.5400        -272.5629    -274.0633       1.5004   276.4
2.5500        -272.5430    -274.0017       1.4587   268.7
2.5600        -272.5268    -273.9718       1.4451   266.2
2.5700        -272.5166    -274.0515       1.5349   282.7
2.5800        -272.5177    -274.2912       1.7736   326.7
2.5900        -272.5353    -274.3247       1.7894   329.6
2.6000        -272.5632    -274.4174       1.8542   341.5
2.6100        -272.5649    -274.1679       1.6030   295.3
2.6200        -272.5520    -274.0614       1.5094   278.0
2.6300        -272.5450    -274.2166       1.6717   307.9
2.6400        -272.5611    -274.3873       1.8262   336.4
2.6500        -272.5815    -274.3223       1.7408   320.7
2.6600        -272.5791    -274.3054       1.7262   318.0
2.6700        -272.5822    -274.3540       1.7718   326.4
2.6800        -272.6007    -274.3867       1.7860   329.0
2.6900        -272.6240    -274.3799       1.7559   323.4
2.7000        -272.6217    -274.0435       1.4218   261.9
2.7100        -272.6032    -274.1208       1.5175   279.5
2.7200        -272.5893    -274.1362       1.5469   284.9
2.7300        -272.5889    -274.2936       1.7047   314.0
2.7400        -272.5845    -274.0366       1.4521   267.5
2.7500        -272.5809    -274.2211       1.6402   302.1
2.7600        -272.5903    -274.2904       1.7001   313.2
2.7700        -272.5961    -274.4534       1.8573   342.1
2.7800        -272.6211    -274.4574       1.8362   338.2
2.7900        -272.6196    -274.2412       1.6216   298.7
2.8000        -272.6141    -274.0079       1.3938   256.7
2.8100        -272.5957    -274.2256       1.6299   300.2
2.8200        -272.6130    -274.4491       1.8361   338.2
2.8300        -272.6262    -274.3653       1.7391   320.3
2.8400        -272.6117    -273.9935       1.3818   254.5
2.8500        -272.5859    -274.0131       1.4272   262.9
2.8600        -272.5768    -274.2377       1.6609   305.9
2.8700        -272.5864    -274.3899       1.8035   332.2
2.8800        -272.5920    -274.2396       1.6476   303.5
2.8900        -272.5782    -274.1204       1.5422   284.1
2.9000        -272.5743    -274.1774       1.6031   295.3
2.9100        -272.5891    -274.3175       1.7284   318.4
2.9200        -272.6000    -274.1987       1.5987   294.5
2.9300        -272.5860    -274.1100       1.5240   280.7
2.9400        -272.5725    -274.0966       1.5240   280.7
2.9500        -272.5798    -274.3001       1.7203   316.9
2.9600        -272.5932    -274.3142       1.7209   317.0
2.9700        -272.5980    -274.4022       1.8042   332.3
2.9800        -272.6074    -274.3214       1.7140   315.7
2.9900        -272.5993    -273.9857       1.3863   255.4
3.0000        -272.5796    -274.0978       1.5182   279.6
3.0100        -272.5735    -274.2557       1.6822   309.9
3.0200        -272.5834    -274.3147       1.7313   318.9
3.0300        -272.5936    -274.2058       1.6122   297.0
3.0400        -272.5793    -274.0714       1.4921   274.8
3.0500        -272.5623    -274.0350       1.4726   271.3
3.0600        -272.5531    -274.1143       1.5613   287.6
3.0700        -272.5599    -274.1154       1.5555   286.5
3.0800        -272.5575    -274.2660       1.7085   314.7
3.0900        -272.5620    -274.1096       1.5476   285.1
3.1000        -272.5467    -274.1280       1.5813   291.3
3.1100        -272.5362    -274.0078       1.4716   271.1
3.1200        -272.5337    -274.2833       1.7497   322.3
3.1300        -272.5430    -274.2288       1.6858   310.5
3.1400        -272.5490    -274.2356       1.6866   310.7
3.1500        -272.5375    -274.0388       1.5013   276.5
3.1600        -272.5442    -274.3626       1.8185   335.0
3.1700        -272.5693    -274.4469       1.8777   345.9
3.1800        -272.5787    -274.1259       1.5472   285.0
3.1900        -272.5425    -273.8365       1.2941   238.4
3.2000        -272.5260    -274.1231       1.5971   294.2
3.2100        -272.5134    -274.0733       1.5599   287.3
3.2200        -272.5277    -274.4182       1.8905   348.2
3.2300        -272.5492    -274.3527       1.8035   332.2
3.2400        -272.5716    -274.3700       1.7984   331.3
3.2500        -272.5736    -274.2734       1.6998   313.1
3.2600        -272.5840    -274.3110       1.7270   318.1
3.2700        -272.6096    -274.3279       1.7183   316.5
3.2800        -272.6006    -274.0582       1.4576   268.5
3.2900        -272.5691    -274.0154       1.4463   266.4
3.3000        -272.5714    -274.1330       1.5616   287.6
3.3100        -272.5801    -274.3648       1.7847   328.7
3.3200        -272.5785    -274.0305       1.4521   267.5
3.3300        -272.5664    -274.1740       1.6077   296.1
3.3400        -272.5600    -274.1403       1.5803   291.1
3.3500        -272.5769    -274.4818       1.9049   350.9
3.3600        -272.5903    -274.0914       1.5011   276.5
3.3700        -272.5811    -274.3048       1.7237   317.5
3.3800        -272.5802    -274.2058       1.6256   299.4
3.3900        -272.5815    -274.1440       1.5625   287.8
3.4000        -272.5877    -274.3054       1.7177   316.4
3.4100        -272.5903    -274.2403       1.6500   303.9
3.4200        -272.6139    -274.5337       1.9198   353.6
3.4300        -272.6287    -274.2904       1.6617   306.1
3.4400        -272.6282    -274.0890       1.4608   269.1
3.4500        -272.6105    -274.1053       1.4948   275.3
3.4600        -272.6051    -274.1674       1.5623   287.8
3.4700        -272.5911    -273.9975       1.4065   259.1
3.4800        -272.5754    -274.1212       1.5458   284.7
3.4900        -272.5657    -274.0069       1.4413   265.5
3.5000        -272.5419    -273.9088       1.3668   251.8
3.5100        -272.5398    -274.2245       1.6847   310.3
3.5200        -272.5510    -274.3188       1.7678   325.6
3.5300        -272.5625    -274.2692       1.7066   314.4
3.5400        -272.5651    -274.2517       1.6866   310.7
3.5500        -272.5720    -274.1855       1.6135   297.2
3.5600        -272.5727    -274.2012       1.6285   300.0
3.5700        -272.5733    -274.0637       1.4904   274.5
3.5800        -272.5698    -274.3295       1.7597   324.1
3.5900        -272.5622    -274.0827       1.5205   280.1
3.6000        -272.5775    -274.2967       1.7192   316.7
3.6100        -272.5734    -274.0607       1.4874   274.0
3.6200        -272.5687    -274.3055       1.7367   319.9
3.6300        -272.5742    -274.3036       1.7294   318.6
3.6400        -272.5953    -274.4930       1.8977   349.6
3.6500        -272.6046    -274.2194       1.6147   297.4
3.6600        -272.6103    -274.4638       1.8535   341.4
3.6700        -272.6154    -274.1922       1.5768   290.4
3.6800        -272.6060    -274.0944       1.4884   274.2
3.6900        -272.5817    -273.9700       1.3883   255.7
3.7000        -272.5738    -274.3488       1.7750   327.0
3.7100        -272.5814    -274.1137       1.5323   282.2
3.7200        -272.5758    -274.0405       1.4647   269.8
3.7300        -272.5712    -274.3021       1.7309   318.8
3.7400        -272.5811    -274.3146       1.7336   319.3
3.7500        -272.5938    -274.3482       1.7544   323.2
3.7600        -272.6050    -274.3638       1.7588   324.0
3.7700        -272.6150    -274.3928       1.7778   327.5
3.7800        -272.6176    -274.1807       1.5630   287.9
3.7900        -272.6147    -274.3480       1.7334   319.3
3.8000        -272.6125    -274.2369       1.6244   299.2
3.8100        -272.6041    -274.2466       1.6425   302.5
3.8200        -272.5991    -274.2080       1.6088   296.3
3.8300        -272.5997    -274.2031       1.6034   295.3
3.8400        -272.6143    -274.2979       1.6836   310.1
3.8500        -272.6079    -274.1228       1.5149   279.0
3.8600        -272.6019    -274.3038       1.7020   313.5
3.8700        -272.6089    -274.2752       1.6663   306.9
3.8800        -272.6234    -274.4972       1.8738   345.1
3.8900        -272.6282    -274.2255       1.5973   294.2
3.9000        -272.6349    -274.2073       1.5724   289.6
3.9100        -272.6278    -274.3817       1.7539   323.1
3.9200        -272.6376    -274.2629       1.6253   299.4
3.9300        -272.6266    -274.3631       1.7365   319.9
3.9400        -272.6508    -274.2960       1.6451   303.0
3.9500        -272.6270    -273.9217       1.2947   238.5
3.9600        -272.6141    -274.2576       1.6435   302.7
3.9700        -272.6105    -274.1711       1.5606   287.5
3.9800        -272.6160    -274.3528       1.7368   319.9
3.9900        -272.6311    -274.2988       1.6676   307.2
4.0000        -272.6459    -274.4872       1.8413   339.2
4.0100        -272.6642    -274.2638       1.5996   294.6
4.0200        -272.6600    -274.2977       1.6377   301.7
4.0300        -272.6700    -274.3280       1.6579   305.4
4.0400        -272.6704    -274.2083       1.5379   283.3
4.0500        -272.6545    -274.0107       1.3562   249.8
4.0600        -272.6200    -274.0443       1.4243   262.4
4.0700        -272.6061    -274.0410       1.4349   264.3
4.0800        -272.5733    -274.0183       1.4450   266.2
4.0900        -272.5731    -274.1558       1.5828   291.5
4.1000        -272.5578    -274.0438       1.4860   273.7
4.1100        -272.5541    -274.1910       1.6370   301.5
4.1200        -272.5583    -274.2167       1.6584   305.5
4.1300        -272.5528    -274.1660       1.6132   297.2
4.1400        -272.5522    -274.0965       1.5443   284.5
4.1500        -272.5296    -274.0889       1.5593   287.2
4.1600        -272.5125    -273.9701       1.4576   268.5
4.1700        -272.5157    -274.2827       1.7669   325.5
4.1800        -272.5390    -274.3560       1.8171   334.7
4.1900        -272.5685    -274.4633       1.8948   349.0
4.2000        -272.5759    -274.0928       1.5169   279.4
4.2100        -272.5654    -274.1257       1.5603   287.4
4.2200        -272.5769    -274.1926       1.6157   297.6
4.2300        -272.5673    -274.3849       1.8175   334.8
4.2400        -272.5866    -274.2885       1.7019   313.5
4.2500        -272.5667    -274.0859       1.5192   279.8
4.2600        -272.5628    -274.1708       1.6080   296.2
4.2700        -272.5660    -274.2520       1.6860   310.6
4.2800        -272.5578    -274.1494       1.5915   293.2
4.2900        -272.5442    -274.1108       1.5666   288.6
4.3000        -272.5424    -274.3367       1.7943   330.5
4.3100        -272.5534    -274.1267       1.5733   289.8
4.3200        -272.5703    -274.3411       1.7709   326.2
4.3300        -272.5653    -274.1875       1.6222   298.8
4.3400        -272.5730    -274.2564       1.6835   310.1
4.3500        -272.5767    -274.1288       1.5520   285.9
4.3600        -272.5931    -274.3571       1.7640   324.9
4.3700        -272.5957    -274.1830       1.5873   292.4
4.3800        -272.5917    -274.2117       1.6200   298.4
4.3900        -272.6016    -274.2480       1.6464   303.3
4.4000        -272.6212    -274.6583       2.0371   375.2
4.4100        -272.6514    -274.3258       1.6745   308.4
4.4200        -272.6425    -274.3731       1.7306   318.8
4.4300        -272.6335    -274.2596       1.6261   299.5
4.4400        -272.6363    -274.3319       1.6956   312.3
4.4500        -272.6288    -274.1678       1.5391   283.5
4.4600        -272.6176    -274.1588       1.5411   283.9
4.4700        -272.5927    -273.9402       1.3475   248.2
4.4800        -272.5743    -274.0823       1.5080   277.8
4.4900        -272.5650    -274.1825       1.6175   297.9
4.5000        -272.5966    -274.5821       1.9855   365.7
4.5100        -272.6199    -274.4766       1.8567   342.0
4.5200        -272.6412    -274.4626       1.8214   335.5
4.5300        -272.6369    -274.0778       1.4408   265.4
4.5400        -272.6305    -274.2705       1.6400   302.1
4.5500        -272.6236    -274.0320       1.4084   259.4
4.5600        -272.6188    -274.2146       1.5958   293.9
4.5700        -272.6214    -274.2104       1.5890   292.7
4.5800        -272.6101    -274.1487       1.5385   283.4
4.5900        -272.6107    -274.1648       1.5541   286.3
4.6000        -272.6210    -274.4034       1.7824   328.3
4.6100        -272.6199    -274.0614       1.4415   265.5
4.6200        -272.6207    -274.3966       1.7759   327.1
4.6300        -272.6267    -274.2687       1.6420   302.5
4.6400        -272.6274    -274.4547       1.8274   336.6
4.6500        -272.6355    -274.1550       1.5195   279.9
4.6600        -272.6378    -274.2793       1.6415   302.4
4.6700        -272.6397    -274.1312       1.4915   274.7
4.6800        -272.6363    -274.3505       1.7142   315.7
4.6900        -272.6456    -274.4285       1.7829   328.4
4.7000        -272.6490    -274.3973       1.7483   322.0
4.7100        -272.6565    -274.4024       1.7459   321.6
4.7200        -272.6617    -274.2325       1.5707   289.3
4.7300        -272.6629    -274.4255       1.7626   324.7
4.7400        -272.6591    -274.1454       1.4863   273.8
4.7500        -272.6432    -274.2363       1.5931   293.4
4.7600        -272.6484    -274.2789       1.6304   300.3
4.7700        -272.6523    -274.2404       1.5882   292.5
4.7800        -272.6603    -274.3123       1.6519   304.3
4.7900        -272.6644    -274.1849       1.5205   280.1
4.8000        -272.6569    -274.2211       1.5642   288.1
4.8100        -272.6570    -274.1631       1.5061   277.4
4.8200        -272.6445    -274.1323       1.4879   274.1
4.8300        -272.6482    -274.4081       1.7599   324.2
4.8400        -272.6502    -274.3622       1.7119   315.3
4.8500        -272.6518    -274.0216       1.3698   252.3
4.8600        -272.6356    -274.1938       1.5583   287.0
4.8700        -272.6270    -274.3832       1.7562   323.5
4.8800        -272.6243    -274.2543       1.6300   300.2
4.8900        -272.6180    -274.1247       1.5068   277.5
4.9000        -272.6112    -274.1181       1.5069   277.6
4.9100        -272.5887    -273.9534       1.3647   251.4
4.9200        -272.5594    -273.8142       1.2548   231.1
4.9300        -272.5401    -274.1920       1.6520   304.3
4.9400        -272.5624    -274.2147       1.6523   304.4
4.9500        -272.5698    -274.3264       1.7567   323.6
4.9600        -272.5991    -274.5320       1.9328   356.0
4.9700        -272.6086    -274.4027       1.7942   330.5
4.9800        -272.6255    -274.2415       1.6160   297.7
4.9900        -272.6190    -274.1052       1.4861   273.7
5.0000        -272.6236    -274.3179       1.6943   312.1
5.0100        -272.6145    -274.1231       1.5086   277.9
5.0200        -272.6350    -274.3812       1.7461   321.6
5.0300        -272.6534    -274.1585       1.5051   277.2
5.0400        -272.6417    -274.2782       1.6365   301.4
5.0500        -272.6367    -274.2484       1.6116   296.9
5.0600        -272.6278    -274.3322       1.7043   313.9
5.0700        -272.6244    -274.4611       1.8367   338.3
5.0800        -272.6548    -274.6450       1.9902   366.6
5.0900        -272.6923    -274.7563       2.0640   380.2
5.1000        -272.7173    -274.5425       1.8251   336.2
5.1100        -272.7344    -274.5435       1.8092   333.3
5.1200        -272.7430    -274.4563       1.7133   315.6
5.1300        -272.7338    -274.2212       1.4874   274.0
5.1400        -272.7072    -273.9952       1.2881   237.3
5.1500        -272.6876    -274.3428       1.6552   304.9
5.1600        -272.6821    -274.1749       1.4928   275.0
5.1700        -272.6814    -274.2431       1.5617   287.7
5.1800        -272.6693    -274.1049       1.4357   264.5
5.1900        -272.6753    -274.3904       1.7151   315.9
5.2000        -272.6758    -274.2955       1.6197   298.3
5.2100        -272.6780    -274.1633       1.4853   273.6
5.2200        -272.6678    -274.3688       1.7010   313.3
5.2300        -272.6639    -274.2136       1.5496   285.4
5.2400        -272.6710    -274.4732       1.8023   332.0
5.2500        -272.6701    -274.2585       1.5884   292.6
5.2600        -272.6668    -274.5106       1.8438   339.6
5.2700        -272.6765    -274.3789       1.7024   313.6
5.2800        -272.6787    -274.3230       1.6443   302.9
5.2900        -272.6841    -274.2085       1.5244   280.8
5.3000        -272.6817    -274.1919       1.5102   278.2
5.3100        -272.6770    -274.3139       1.6369   301.5
5.3200        -272.6886    -274.3662       1.6777   309.0
5.3300        -272.6899    -274.4598       1.7698   326.0
5.3400        -272.6987    -274.3511       1.6525   304.4
5.3500        -272.6952    -274.3425       1.6473   303.4
5.3600        -272.6980    -274.3716       1.6736   308.3
5.3700        -272.6970    -274.3757       1.6787   309.2
5.3800        -272.6867    -274.2004       1.5137   278.8
5.3900        -272.6896    -274.3408       1.6512   304.1
5.4000        -272.6853    -274.2828       1.5975   294.3
5.4100        -272.6843    -274.3622       1.6779   309.1
5.4200        -272.6738    -274.1899       1.5162   279.3
5.4300        -272.6639    -274.2045       1.5405   283.8
5.4400        -272.6654    -274.2375       1.5721   289.6
5.4500        -272.6547    -274.2336       1.5790   290.8
5.4600        -272.6547    -274.3217       1.6670   307.1
5.4700        -272.6740    -274.5918       1.9178   353.3
5.4800        -272.6977    -274.3651       1.6674   307.1
5.4900        -272.7121    -274.5156       1.8035   332.2
5.5000        -272.7219    -274.2517       1.5298   281.8
5.5100        -272.7126    -274.2062       1.4936   275.1
5.5200        -272.7027    -274.0124       1.3097   241.2
5.5300        -272.6734    -274.0652       1.3918   256.4
5.5400        -272.6547    -274.1956       1.5408   283.8
5.5500        -272.6703    -274.4972       1.8268   336.5
5.5600        -272.6751    -274.2021       1.5270   281.3
5.5700        -272.6746    -274.2194       1.5448   284.5
5.5800        -272.6833    -274.4354       1.7521   322.7
5.5900        -272.6881    -274.3565       1.6684   307.3
5.6000        -272.6907    -274.2755       1.5848   291.9
5.6100        -272.6997    -274.3662       1.6665   307.0
5.6200        -272.6993    -274.1689       1.4696   270.7
5.6300        -272.6848    -274.2981       1.6132   297.2
5.6400        -272.6923    -274.4147       1.7223   317.3
5.6500        -272.7110    -274.5903       1.8793   346.2
5.6600        -272.7297    -274.3168       1.5872   292.4
5.6700        -272.7239    -274.3231       1.5992   294.6
5.6800        -272.7135    -274.2110       1.4975   275.8
5.6900        -272.7060    -274.2219       1.5159   279.2
5.7000        -272.6934    -274.1002       1.4069   259.1
5.7100        -272.6809    -274.1123       1.4314   263.7
5.7200        -272.6626    -274.2864       1.6238   299.1
5.7300        -272.6554    -274.3036       1.6482   303.6
5.7400        -272.6578    -274.3477       1.6899   311.3
5.7500        -272.6572    -274.2192       1.5620   287.7
5.7600        -272.6585    -274.3016       1.6431   302.6
5.7700        -272.6608    -274.3876       1.7268   318.1
5.7800        -272.6910    -274.3766       1.6856   310.5
5.7900        -272.6820    -274.0960       1.4140   260.5
5.8000        -272.6799    -274.1220       1.4421   265.6
5.8100        -272.6733    -274.2193       1.5460   284.8
5.8200        -272.6588    -273.9641       1.3053   240.4
5.8300        -272.6371    -274.0086       1.3715   252.6
5.8400        -272.6425    -274.3797       1.7372   320.0
5.8500        -272.6479    -273.9972       1.3493   248.5
5.8600        -272.6461    -274.2496       1.6035   295.4
5.8700        -272.6523    -274.1169       1.4647   269.8
5.8800        -272.6479    -274.2341       1.5862   292.2
5.8900        -272.6694    -274.4879       1.8185   335.0
5.9000        -272.6728    -274.2857       1.6129   297.1
5.9100        -272.6714    -274.3007       1.6292   300.1
5.9200        -272.6662    -274.1724       1.5062   277.4
5.9300        -272.6557    -274.1995       1.5438   284.4
5.9400        -272.6578    -274.5872       1.9294   355.4
5.9500        -272.6739    -274.3511       1.6772   308.9
5.9600        -272.6885    -274.5248       1.8363   338.3
5.9700        -272.7152    -274.6096       1.8944   348.9
5.9800        -272.7401    -274.5005       1.7604   324.3
5.9900        -272.7194    -274.0321       1.3128   241.8
6.0000        -272.6952    -274.1788       1.4836   273.3
6.0100        -272.6711    -274.0585       1.3874   255.6
6.0200        -272.6694    -274.3544       1.6850   310.4
6.0300        -272.6664    -274.2574       1.5910   293.1
6.0400        -272.6683    -274.1872       1.5189   279.8
6.0500        -272.6695    -274.3244       1.6549   304.8
6.0600        -272.6679    -274.3560       1.6881   311.0
6.0700        -272.6710    -274.3421       1.6711   307.8
6.0800        -272.6689    -274.3883       1.7194   316.7
6.0900        -272.6848    -274.3108       1.6260   299.5
6.1000        -272.7060    -274.3412       1.6352   301.2
6.1100        -272.7066    -274.4233       1.7167   316.2
6.1200        -272.6996    -274.1349       1.4353   264.4
6.1300        -272.6980    -274.3357       1.6377   301.7
6.1400        -272.6969    -274.3742       1.6773   309.0
6.1500        -272.6800    -274.3489       1.6689   307.4
6.1600        -272.6987    -274.4324       1.7338   319.4
6.1700        -272.7055    -274.4223       1.7168   316.2
6.1800        -272.6894    -274.3159       1.6265   299.6
6.1900        -272.6910    -274.4166       1.7257   317.9
6.2000        -272.6835    -274.2646       1.5811   291.2
6.2100        -272.6713    -274.1193       1.4480   266.7
6.2200        -272.6718    -274.1970       1.5252   280.9
6.2300        -272.6798    -274.3997       1.7200   316.8
6.2400        -272.6582    -274.1904       1.5321   282.2
6.2500        -272.6743    -274.3095       1.6352   301.2
6.2600        -272.6633    -273.9084       1.2450   229.3
6.2700        -272.6545    -274.1527       1.4982   276.0
6.2800        -272.6619    -274.6013       1.9394   357.2
6.2900        -272.6700    -274.3689       1.6989   312.9
6.3000        -272.6630    -274.0816       1.4185   261.3
6.3100        -272.6717    -274.3265       1.6549   304.8
6.3200        -272.6547    -274.4388       1.7841   328.6
6.3300        -272.6408    -274.2682       1.6274   299.8
6.3400        -272.6509    -274.3539       1.7031   313.7
6.3500        -272.6685    -274.3810       1.7126   315.5
6.3600        -272.6627    -274.3573       1.6947   312.2
6.3700        -272.6646    -274.3432       1.6786   309.2
6.3800        -272.6692    -274.2152       1.5460   284.8
6.3900        -272.6446    -274.2310       1.5864   292.2
6.4000        -272.6265    -274.0732       1.4467   266.5
6.4100        -272.6404    -274.3926       1.7522   322.7
6.4200        -272.6577    -274.3620       1.7044   313.9
6.4300        -272.6807    -274.5268       1.8461   340.0
6.4400        -272.6893    -274.2789       1.5896   292.8
6.4500        -272.6739    -274.2501       1.5762   290.3
6.4600        -272.6528    -274.0604       1.4076   259.3
6.4700        -272.6496    -274.2718       1.6222   298.8
6.4800        -272.6390    -274.2789       1.6399   302.1
6.4900        -272.6538    -274.4843       1.8304   337.2
6.5000        -272.6690    -274.4134       1.7444   321.3
6.5100        -272.6792    -274.4549       1.7757   327.1
6.5200        -272.6593    -274.1822       1.5228   280.5
6.5300        -272.6662    -274.1576       1.4914   274.7
6.5400        -272.6401    -274.2215       1.5813   291.3
6.5500        -272.6271    -274.5170       1.8899   348.1
6.5600        -272.6617    -274.5886       1.9269   354.9
6.5700        -272.6839    -274.3921       1.7081   314.6
6.5800        -272.6833    -274.4044       1.7212   317.0
6.5900        -272.7049    -274.5672       1.8623   343.0
6.6000        -272.7017    -274.1633       1.4616   269.2
6.6100        -272.6733    -274.0064       1.3330   245.5
6.6200        -272.6452    -274.1324       1.4871   273.9
6.6300        -272.6406    -274.5296       1.8890   347.9
6.6400        -272.6442    -274.3811       1.7369   319.9
6.6500        -272.6499    -274.1744       1.5245   280.8
6.6600        -272.6582    -274.3909       1.7327   319.2
6.6700        -272.6648    -274.4338       1.7689   325.8
6.6800        -272.6754    -274.3606       1.6852   310.4
6.6900        -272.6852    -274.4806       1.7953   330.7
6.7000        -272.6951    -274.2679       1.5729   289.7
6.7100        -272.7066    -274.4995       1.7929   330.3
6.7200        -272.7171    -274.3582       1.6411   302.3
6.7300        -272.7212    -274.3931       1.6719   308.0
6.7400        -272.7185    -274.3356       1.6171   297.9
6.7500        -272.7163    -274.4149       1.6986   312.9
6.7600        -272.7094    -274.1754       1.4660   270.0
6.7700        -272.7109    -274.4095       1.6986   312.9
6.7800        -272.7015    -274.2741       1.5726   289.7
6.7900        -272.6792    -274.2513       1.5720   289.6
6.8000        -272.6799    -274.3507       1.6708   307.8
6.8100        -272.6913    -274.4144       1.7231   317.4
6.8200        -272.6778    -274.0649       1.3871   255.5
6.8300        -272.6815    -274.4424       1.7609   324.3
6.8400        -272.6921    -274.3244       1.6323   300.7
6.8500        -272.7091    -274.5875       1.8785   346.0
6.8600        -272.6932    -274.2202       1.5270   281.3
6.8700        -272.7046    -274.5428       1.8383   338.6
6.8800        -272.7167    -274.4775       1.7609   324.4
6.8900        -272.7257    -274.3828       1.6571   305.2
6.9000        -272.7240    -274.2086       1.4847   273.5
6.9100        -272.7137    -274.2933       1.5796   291.0
6.9200        -272.7184    -274.3208       1.6024   295.2
6.9300        -272.7186    -274.3419       1.6234   299.0
6.9400        -272.7200    -274.2977       1.5777   290.6
6.9500        -272.7235    -274.3521       1.6287   300.0
6.9600        -272.7193    -274.3064       1.5870   292.3
6.9700        -272.7100    -274.2873       1.5773   290.5
6.9800        -272.7009    -274.3084       1.6076   296.1
6.9900        -272.7028    -274.4940       1.7912   329.9
7.0000        -272.7180    -274.3573       1.6393   302.0
7.0100        -272.7117    -274.3348       1.6231   299.0
7.0200        -272.6982    -274.2083       1.5101   278.2
7.0300        -272.6880    -274.2272       1.5392   283.5
7.0400        -272.7013    -274.3388       1.6376   301.6
7.0500        -272.7056    -274.2909       1.5853   292.0
7.0600        -272.6964    -274.2532       1.5568   286.8
7.0700        -272.6881    -274.1267       1.4387   265.0
7.0800        -272.6901    -274.5140       1.8239   336.0
7.0900        -272.6873    -274.2457       1.5584   287.1
7.1000        -272.6698    -274.1446       1.4748   271.7
7.1100        -272.6755    -274.2776       1.6021   295.1
7.1200        -272.6841    -274.3502       1.6660   306.9
7.1300        -272.6934    -274.1367       1.4433   265.9
7.1400        -272.6489    -274.1516       1.5027   276.8
7.1500        -272.6327    -274.2675       1.6348   301.1
7.1600        -272.6228    -274.2198       1.5970   294.2
7.1700        -272.6351    -274.3488       1.7137   315.7
7.1800        -272.6514    -274.5878       1.9364   356.7
7.1900        -272.6674    -274.4424       1.7750   327.0
7.2000        -272.6814    -274.3770       1.6956   312.3
7.2100        -272.6701    -274.0664       1.3963   257.2
7.2200        -272.6552    -273.9238       1.2687   233.7
7.2300        -272.6329    -274.0724       1.4395   265.1
7.2400        -272.6342    -274.4379       1.8038   332.3
7.2500        -272.6248    -274.1390       1.5142   278.9
7.2600        -272.6411    -274.5042       1.8632   343.2
7.2700        -272.6543    -274.4428       1.7885   329.4
7.2800        -272.6867    -274.4807       1.7940   330.5
7.2900        -272.6797    -274.1761       1.4964   275.6
7.3000        -272.6735    -274.1819       1.5084   277.9
7.3100        -272.6552    -273.9185       1.2633   232.7
7.3200        -272.6583    -274.2219       1.5637   288.0
7.3300        -272.6355    -274.1808       1.5452   284.6
7.3400        -272.6507    -274.4395       1.7888   329.5
7.3500        -272.6519    -274.2289       1.5770   290.5
7.3600        -272.6479    -274.4817       1.8338   337.8
7.3700        -272.6462    -274.0985       1.4523   267.5
7.3800        -272.6730    -274.7371       2.0641   380.2
7.3900        -272.6799    -274.5206       1.8407   339.1
7.4000        -272.6915    -274.5192       1.8276   336.6
7.4100        -272.7113    -274.4768       1.7655   325.2
7.4200        -272.7204    -274.3822       1.6618   306.1
7.4300        -272.7183    -274.1671       1.4488   266.9
7.4400        -272.7071    -274.3849       1.6779   309.1
7.4500        -272.6949    -274.2354       1.5405   283.8
7.4600        -272.6917    -274.2803       1.5886   292.6
7.4700        -272.6990    -274.2787       1.5797   291.0
7.4800        -272.7097    -274.3034       1.5937   293.6
7.4900        -272.6936    -274.2585       1.5649   288.3
7.5000        -272.6815    -274.1714       1.4899   274.4
7.5100        -272.6715    -274.2218       1.5503   285.6
7.5200        -272.6813    -274.3312       1.6500   303.9
7.5300        -272.6750    -274.1048       1.4298   263.4
7.5400        -272.6579    -274.1728       1.5149   279.1
7.5500        -272.6551    -274.0886       1.4335   264.1
7.5600        -272.6566    -274.4618       1.8052   332.5
7.5700        -272.6785    -274.2771       1.5986   294.5
7.5800        -272.6798    -274.2085       1.5288   281.6
7.5900        -272.6751    -274.1254       1.4503   267.1
7.6000        -272.6451    -274.0187       1.3736   253.0
7.6100        -272.6398    -274.2184       1.5786   290.8
7.6200        -272.6492    -274.2816       1.6323   300.7
7.6300        -272.6500    -274.3716       1.7216   317.1
7.6400        -272.6583    -274.1878       1.5295   281.7
7.6500        -272.6420    -274.3629       1.7209   317.0
7.6600        -272.6629    -274.3973       1.7345   319.5
7.6700        -272.6816    -274.6204       1.9388   357.1
7.6800        -272.7056    -274.4990       1.7933   330.3
7.6900        -272.7084    -274.4927       1.7843   328.7
7.7000        -272.7186    -274.5041       1.7854   328.9
7.7100        -272.7326    -274.3352       1.6026   295.2
7.7200        -272.7360    -274.4962       1.7603   324.2
7.7300        -272.7317    -274.3728       1.6411   302.3
7.7400        -272.7408    -274.5031       1.7624   324.6
7.7500        -272.7444    -274.2795       1.5351   282.8
7.7600        -272.7294    -274.1704       1.4410   265.4
7.7700        -272.7221    -274.3705       1.6484   303.6
7.7800        -272.7185    -274.1912       1.4727   271.3
7.7900        -272.7239    -274.4618       1.7379   320.1
7.8000        -272.7183    -274.4931       1.7747   326.9
7.8100        -272.7528    -274.8018       2.0491   377.4
7.8200        -272.7944    -274.6070       1.8126   333.9
7.8300        -272.8142    -274.6776       1.8635   343.3
7.8400        -272.8240    -274.3651       1.5411   283.9
7.8500        -272.8157    -274.5942       1.7785   327.6
7.8600        -272.8185    -274.6437       1.8253   336.2
7.8700        -272.8248    -274.3475       1.5228   280.5
7.8800        -272.8350    -274.6865       1.8514   341.0
7.8900        -272.8519    -274.5545       1.7027   313.6
7.9000        -272.8632    -274.6569       1.7937   330.4
7.9100        -272.8731    -274.6808       1.8077   333.0
7.9200        -272.8707    -274.4904       1.6197   298.3
7.9300        -272.8745    -274.5748       1.7003   313.2
7.9400        -272.8834    -274.6234       1.7401   320.5
7.9500        -272.8974    -274.7463       1.8489   340.6
7.9600        -272.9230    -274.5183       1.5953   293.9
7.9700        -272.9046    -274.1425       1.2380   228.0
7.9800        -272.8651    -274.4584       1.5933   293.5
7.9900        -272.8839    -274.5602       1.6763   308.8
8.0000        -272.8883    -274.7152       1.8270   336.5
8.0100        -272.9051    -274.7697       1.8646   343.5
8.0200        -272.9018    -274.3538       1.4520   267.5
8.0300        -272.8977    -274.6641       1.7664   325.4
8.0400        -272.8977    -274.5195       1.6217   298.7
8.0500        -272.8966    -274.5666       1.6700   307.6
8.0600        -272.9013    -274.7238       1.8226   335.7
8.0700        -272.9106    -274.6241       1.7134   315.6
8.0800        -272.9247    -274.4203       1.4955   275.5
8.0900        -272.9164    -274.4662       1.5498   285.5
8.1000        -272.9051    -274.2550       1.3499   248.7
8.1100        -272.9075    -274.6132       1.7056   314.2
8.1200        -272.9097    -274.7366       1.8270   336.5
8.1300        -272.9240    -274.6242       1.7002   313.2
8.1400        -272.9267    -274.5608       1.6341   301.0
8.1500        -272.9139    -274.3683       1.4544   267.9
