Time[ps]      Etot[eV]     Epot[eV]     Ekin[eV]    T[K]
0.0000        -277.7878    -277.7878       0.0000     0.0
0.0100        -278.3089    -287.8253       9.5164  1502.5
0.0200        -279.0317    -288.5287       9.4970  1499.4
0.0300        -279.7136    -288.0490       8.3354  1316.0
0.0400        -280.3215    -288.7916       8.4701  1337.3
0.0500        -280.9816    -289.1748       8.1932  1293.6
0.0600        -281.6288    -289.7829       8.1541  1287.4
0.0700        -282.1364    -289.5565       7.4201  1171.5
0.0800        -282.6180    -289.6579       7.0400  1111.5
0.0900        -283.0609    -289.4708       6.4099  1012.0
0.1000        -283.4532    -289.6581       6.2049   979.7
0.1100        -283.9067    -289.7718       5.8651   926.0
0.1200        -284.3208    -290.0296       5.7088   901.3
0.1300        -284.6967    -290.2797       5.5830   881.5
0.1400        -285.0221    -289.9738       4.9517   781.8
0.1500        -285.2987    -289.9919       4.6932   741.0
0.1600        -285.5673    -289.8434       4.2761   675.1
0.1700        -285.8456    -290.3027       4.4571   703.7
0.1800        -286.0989    -290.6474       4.5486   718.1
0.1900        -286.3293    -290.3994       4.0702   642.6
0.2000        -286.5151    -289.9490       3.4339   542.2
0.2100        -286.6642    -290.1323       3.4681   547.6
0.2200        -286.8731    -290.7175       3.8444   607.0
0.2300        -287.0790    -290.9691       3.8902   614.2
0.2400        -287.2211    -290.5494       3.3283   525.5
0.2500        -287.3560    -290.2121       2.8561   450.9
0.2600        -287.5004    -290.6155       3.1151   491.8
0.2700        -287.6085    -290.7238       3.1153   491.9
0.2800        -287.6997    -290.5436       2.8439   449.0
0.2900        -287.7925    -290.4123       2.6198   413.6
0.3000        -287.8656    -290.2529       2.3872   376.9
0.3100        -287.9300    -290.5086       2.5786   407.1
0.3200        -287.9617    -290.2852       2.3235   366.9
0.3300        -288.0302    -290.4174       2.3873   376.9
0.3400        -288.0897    -290.4408       2.3511   371.2
0.3500        -288.1096    -290.4482       2.3386   369.2
0.3600        -288.1495    -290.6555       2.5060   395.7
0.3700        -288.2163    -290.7504       2.5342   400.1
0.3800        -288.3045    -290.9487       2.6442   417.5
0.3900        -288.3528    -290.8949       2.5422   401.4
0.4000        -288.4072    -290.6723       2.2651   357.6
0.4100        -288.4512    -290.6387       2.1876   345.4
0.4200        -288.4715    -290.6114       2.1399   337.9
0.4300        -288.5022    -290.7665       2.2643   357.5
0.4400        -288.5450    -290.8839       2.3389   369.3
0.4500        -288.6030    -291.1789       2.5759   406.7
0.4600        -288.6575    -291.1694       2.5119   396.6
0.4700        -288.6987    -291.1059       2.4072   380.1
0.4800        -288.7688    -291.2063       2.4376   384.9
0.4900        -288.8193    -291.3185       2.4992   394.6
0.5000        -288.8640    -291.3239       2.4599   388.4
0.5100        -288.9277    -291.4956       2.5679   405.4
0.5200        -288.9937    -291.4397       2.4460   386.2
0.5300        -289.0459    -291.3319       2.2860   360.9
0.5400        -289.0515    -291.0927       2.0412   322.3
0.5500        -289.0816    -291.3855       2.3040   363.8
0.5600        -289.1521    -291.7617       2.6096   412.0
0.5700        -289.2268    -291.8184       2.5917   409.2
0.5800        -289.2736    -291.4741       2.2005   347.4
0.5900        -289.3041    -291.4181       2.1139   333.8
0.6000        -289.3329    -291.7079       2.3750   375.0
0.6100        -289.4154    -291.8523       2.4369   384.8
0.6200        -289.4457    -291.7588       2.3131   365.2
0.6300        -289.4899    -291.7371       2.2472   354.8
0.6400        -289.5342    -291.7323       2.1981   347.0
0.6500        -289.5625    -291.7922       2.2297   352.0
0.6600        -289.6056    -292.1438       2.5382   400.7
0.6700        -289.6762    -292.3281       2.6520   418.7
0.6800        -289.7619    -292.3302       2.5683   405.5
0.6900        -289.8146    -292.3617       2.5471   402.1
0.7000        -289.8309    -291.7951       1.9642   310.1
0.7100        -289.8642    -292.1909       2.3267   367.4
0.7200        -289.9155    -292.4019       2.4864   392.6
0.7300        -289.9625    -292.3689       2.4065   379.9
0.7400        -289.9849    -292.1662       2.1813   344.4
0.7500        -290.0227    -292.0656       2.0429   322.5
0.7600        -290.0313    -292.1518       2.1205   334.8
0.7700        -290.0439    -292.1079       2.0640   325.9
0.7800        -290.0737    -292.1527       2.0790   328.2
0.7900        -290.1165    -292.5446       2.4280   383.3
0.8000        -290.1695    -292.7917       2.6222   414.0
0.8100        -290.2526    -292.9305       2.6779   422.8
0.8200        -290.3644    -293.3366       2.9722   469.3
0.8300        -290.4367    -293.0042       2.5675   405.4
0.8400        -290.4851    -292.9700       2.4849   392.3
0.8500        -290.5672    -293.2576       2.6903   424.8
0.8600        -290.6377    -293.1211       2.4834   392.1
0.8700        -290.7142    -293.5264       2.8122   444.0
0.8800        -290.7745    -293.2797       2.5052   395.5
0.8900        -290.8436    -293.3799       2.5363   400.4
0.9000        -290.9092    -293.3014       2.3921   377.7
0.9100        -290.9343    -292.9758       2.0415   322.3
0.9200        -290.9425    -293.0334       2.0909   330.1
0.9300        -290.9955    -293.7391       2.7436   433.2
0.9400        -291.1005    -294.1644       3.0639   483.7
0.9500        -291.2027    -294.1287       2.9260   462.0
0.9600        -291.3066    -294.2757       2.9691   468.8
0.9700        -291.4135    -294.1287       2.7153   428.7
0.9800        -291.4735    -294.0197       2.5462   402.0
0.9900        -291.5253    -293.7729       2.2477   354.9
1.0000        -291.5596    -293.9529       2.3933   377.9
1.0100        -291.6354    -294.2083       2.5729   406.2
1.0200        -291.7104    -294.2267       2.5164   397.3
1.0300        -291.7609    -294.0450       2.2841   360.6
1.0400        -291.8106    -294.1909       2.3803   375.8
1.0500        -291.8743    -294.1569       2.2826   360.4
1.0600        -291.9016    -294.0839       2.1824   344.6
1.0700        -291.9282    -294.2040       2.2758   359.3
1.0800        -291.9673    -294.3399       2.3726   374.6
1.0900        -292.0040    -294.2633       2.2593   356.7
1.1000        -292.0290    -294.1960       2.1670   342.1
1.1100        -292.0430    -294.1381       2.0951   330.8
1.1200        -292.0613    -294.1734       2.1121   333.5
1.1300        -292.1044    -294.5244       2.4200   382.1
1.1400        -292.1572    -294.5888       2.4316   383.9
1.1500        -292.2194    -294.8601       2.6406   416.9
1.1600        -292.2899    -294.8197       2.5298   399.4
1.1700        -292.3492    -294.5393       2.1901   345.8
1.1800        -292.3840    -294.8152       2.4312   383.8
1.1900        -292.4505    -295.1420       2.6915   424.9
1.2000        -292.5075    -295.1116       2.6040   411.1
1.2100        -292.5744    -295.1521       2.5776   407.0
1.2200        -292.6666    -295.2950       2.6284   415.0
1.2300        -292.7493    -295.5623       2.8130   444.1
1.2400        -292.8203    -295.5028       2.6826   423.5
1.2500        -292.8988    -295.6564       2.7577   435.4
1.2600        -292.9959    -295.7869       2.7910   440.7
1.2700        -293.0624    -295.6646       2.6022   410.8
1.2800        -293.1514    -295.9499       2.7985   441.8
1.2900        -293.2436    -296.0379       2.7943   441.2
1.3000        -293.3201    -296.1375       2.8174   444.8
1.3100        -293.4149    -296.0863       2.6714   421.8
1.3200        -293.4841    -295.8839       2.3998   378.9
1.3300        -293.5658    -296.5335       2.9677   468.6
1.3400        -293.6660    -296.4615       2.7955   441.4
1.3500        -293.7642    -296.4550       2.6909   424.8
1.3600        -293.8577    -297.0420       3.1843   502.8
1.3700        -294.0188    -297.5208       3.5020   552.9
1.3800        -294.1784    -297.7551       3.5767   564.7
1.3900        -294.3429    -297.6023       3.2594   514.6
1.4000        -294.4634    -297.3188       2.8554   450.8
1.4100        -294.5351    -297.3016       2.7665   436.8
1.4200        -294.6536    -297.8810       3.2274   509.6
1.4300        -294.7916    -297.9580       3.1664   499.9
1.4400        -294.8993    -297.4664       2.5671   405.3
1.4500        -294.9858    -297.6940       2.7083   427.6
1.4600        -295.0412    -297.2022       2.1611   341.2
1.4700        -295.0778    -297.6009       2.5231   398.4
1.4800        -295.1264    -297.3484       2.2220   350.8
1.4900        -295.1894    -297.6318       2.4423   385.6
1.5000        -295.2511    -297.9773       2.7262   430.4
1.5100        -295.3240    -298.2757       2.9517   466.0
1.5200        -295.4284    -298.4562       3.0278   478.0
1.5300        -295.5057    -298.0480       2.5423   401.4
1.5400        -295.5681    -298.1680       2.5999   410.5
1.5500        -295.6356    -298.1296       2.4940   393.8
1.5600        -295.6669    -297.7130       2.0461   323.0
1.5700        -295.7059    -297.9349       2.2290   351.9
1.5800        -295.7485    -297.9957       2.2472   354.8
1.5900        -295.8167    -298.7063       2.8896   456.2
1.6000        -295.8964    -298.4185       2.5220   398.2
1.6100        -295.9507    -298.2884       2.3377   369.1
1.6200        -296.0107    -298.4089       2.3982   378.6
1.6300        -296.0615    -298.3886       2.3272   367.4
1.6400        -296.0896    -298.3264       2.2368   353.2
1.6500        -296.1171    -298.4389       2.3218   366.6
1.6600        -296.1624    -298.3261       2.1637   341.6
1.6700        -296.1687    -298.2271       2.0584   325.0
1.6800        -296.1846    -298.1966       2.0120   317.7
1.6900        -296.2038    -298.2220       2.0182   318.6
1.7000        -296.2274    -298.3086       2.0813   328.6
1.7100        -296.2469    -298.5163       2.2694   358.3
1.7200        -296.2922    -298.6780       2.3858   376.7
1.7300        -296.3164    -298.5014       2.1850   345.0
1.7400        -296.3479    -298.5208       2.1729   343.1
1.7500        -296.3806    -298.7333       2.3527   371.5
1.7600        -296.4280    -298.9335       2.5056   395.6
1.7700        -296.4824    -298.8918       2.4094   380.4
1.7800        -296.5346    -299.1292       2.5947   409.7
1.7900        -296.6016    -299.0148       2.4132   381.0
1.8000        -296.6344    -298.8243       2.1899   345.8
1.8100        -296.6537    -298.5378       1.8841   297.5
1.8200        -296.6603    -298.6970       2.0367   321.6
1.8300        -296.6750    -298.8675       2.1925   346.2
1.8400        -296.6876    -298.7119       2.0244   319.6
1.8500        -296.7276    -298.9996       2.2720   358.7
1.8600        -296.7611    -298.9901       2.2290   351.9
1.8700        -296.7984    -298.9530       2.1546   340.2
1.8800        -296.8331    -298.9230       2.0899   330.0
1.8900        -296.8466    -298.9376       2.0910   330.1
1.9000        -296.8507    -298.8251       1.9744   311.7
1.9100        -296.8811    -299.2042       2.3231   366.8
1.9200        -296.9233    -299.0836       2.1604   341.1
1.9300        -296.9348    -298.9655       2.0307   320.6
1.9400        -296.9450    -299.0295       2.0845   329.1
1.9500        -296.9606    -299.0695       2.1089   333.0
1.9600        -296.9858    -299.1371       2.1513   339.7
1.9700        -296.9999    -299.1127       2.1128   333.6
1.9800        -297.0200    -299.0286       2.0086   317.1
1.9900        -297.0332    -298.9378       1.9046   300.7
2.0000        -297.0359    -298.7947       1.7588   277.7
2.0100        -297.0185    -298.5223       1.5038   237.4
2.0200        -297.0034    -298.8008       1.7975   283.8
2.0300        -297.0163    -299.2017       2.1853   345.0
2.0400        -297.0502    -299.1979       2.1477   339.1
2.0500        -297.0570    -299.0344       1.9774   312.2
2.0600        -297.0578    -299.1602       2.1024   331.9
2.0700        -297.0836    -299.3205       2.2370   353.2
2.0800        -297.1153    -299.0480       1.9327   305.1
2.0900        -297.1100    -299.0652       1.9552   308.7
2.1000        -297.1260    -299.1239       1.9979   315.4
2.1100        -297.1437    -299.4416       2.2978   362.8
2.1200        -297.1797    -299.3346       2.1549   340.2
2.1300        -297.1907    -299.2122       2.0215   319.2
2.1400        -297.1990    -299.2492       2.0502   323.7
2.1500        -297.2140    -299.1988       1.9848   313.4
2.1600        -297.2040    -298.9470       1.7430   275.2
2.1700        -297.2023    -299.2353       2.0330   321.0
2.1800        -297.2135    -299.1858       1.9722   311.4
2.1900        -297.2309    -299.3105       2.0795   328.3
2.2000        -297.2202    -299.0368       1.8166   286.8
2.2100        -297.2311    -299.2995       2.0684   326.6
2.2200        -297.2368    -299.1534       1.9166   302.6
2.2300        -297.2469    -299.4149       2.1680   342.3
2.2400        -297.2656    -299.0734       1.8077   285.4
2.2500        -297.2765    -299.2389       1.9624   309.8
2.2600        -297.2798    -299.1373       1.8574   293.3
2.2700        -297.2793    -299.4503       2.1711   342.8
2.2800        -297.3063    -299.3123       2.0060   316.7
2.2900        -297.2927    -299.0934       1.8006   284.3
2.3000        -297.2817    -299.1138       1.8321   289.3
2.3100        -297.2834    -299.2742       1.9908   314.3
2.3200        -297.2896    -299.0910       1.8014   284.4
2.3300        -297.2683    -298.8762       1.6079   253.9
2.3400        -297.2576    -299.3324       2.0748   327.6
2.3500        -297.2597    -299.0456       1.7859   282.0
2.3600        -297.2689    -299.2985       2.0296   320.4
2.3700        -297.2834    -299.4308       2.1475   339.1
2.3800        -297.3108    -299.3445       2.0337   321.1
2.3900        -297.3318    -299.1533       1.8214   287.6
2.4000        -297.3262    -299.1281       1.8019   284.5
2.4100        -297.3017    -298.8633       1.5616   246.6
2.4200        -297.3112    -299.2667       1.9555   308.7
2.4300        -297.2979    -298.9492       1.6513   260.7
2.4400        -297.2719    -298.9031       1.6312   257.5
2.4500        -297.2587    -299.1181       1.8595   293.6
2.4600        -297.2458    -299.0739       1.8281   288.6
2.4700        -297.2444    -299.3336       2.0892   329.9
2.4800        -297.2496    -299.0991       1.8494   292.0
2.4900        -297.2593    -299.1680       1.9086   301.3
2.5000        -297.2513    -299.1568       1.9055   300.9
2.5100        -297.2654    -299.3044       2.0389   321.9
2.5200        -297.2980    -299.2166       1.9186   302.9
2.5300        -297.2750    -298.9855       1.7105   270.1
2.5400        -297.2685    -299.1752       1.9067   301.0
2.5500        -297.2684    -299.1030       1.8346   289.7
2.5600        -297.2585    -299.0393       1.7808   281.2
2.5700        -297.2363    -298.9826       1.7463   275.7
2.5800        -297.2512    -299.3362       2.0849   329.2
2.5900        -297.2548    -299.2922       2.0373   321.7
2.6000        -297.2478    -298.9370       1.6891   266.7
2.6100        -297.2344    -299.0530       1.8186   287.1
2.6200        -297.2460    -299.2693       2.0232   319.4
2.6300        -297.2511    -298.9456       1.6945   267.5
2.6400        -297.2448    -299.1148       1.8700   295.2
2.6500        -297.2470    -299.0701       1.8231   287.8
2.6600        -297.2604    -299.3505       2.0901   330.0
2.6700        -297.2667    -299.2280       1.9613   309.7
2.6800        -297.2751    -299.2363       1.9612   309.6
2.6900        -297.2739    -299.1555       1.8816   297.1
2.7000        -297.2781    -299.3257       2.0476   323.3
2.7100        -297.3000    -299.1715       1.8715   295.5
2.7200        -297.2926    -299.1584       1.8658   294.6
2.7300        -297.2755    -299.0556       1.7801   281.0
2.7400        -297.2782    -299.2206       1.9423   306.7
2.7500        -297.2876    -299.2111       1.9234   303.7
2.7600        -297.2883    -299.2802       1.9919   314.5
2.7700        -297.2948    -299.1768       1.8819   297.1
2.7800        -297.2967    -299.2737       1.9770   312.1
2.7900        -297.3052    -299.1602       1.8550   292.9
2.8000        -297.2915    -299.1196       1.8281   288.6
2.8100        -297.2759    -299.0765       1.8006   284.3
2.8200        -297.2847    -299.2137       1.9290   304.6
2.8300        -297.2786    -299.1788       1.9002   300.0
2.8400        -297.2903    -299.2721       1.9818   312.9
2.8500        -297.3045    -299.3333       2.0288   320.3
2.8600        -297.3360    -299.5609       2.2249   351.3
2.8700        -297.3587    -299.4232       2.0646   326.0
2.8800        -297.3652    -299.2482       1.8830   297.3
2.8900        -297.3826    -299.5386       2.1559   340.4
2.9000        -297.4142    -299.6108       2.1967   346.8
2.9100        -297.4385    -299.2631       1.8246   288.1
2.9200        -297.4301    -299.4602       2.0301   320.5
2.9300        -297.4311    -299.4115       1.9803   312.7
2.9400        -297.4361    -299.5789       2.1428   338.3
2.9500        -297.4660    -299.6913       2.2254   351.4
2.9600        -297.4787    -299.4080       1.9293   304.6
2.9700        -297.4956    -299.7911       2.2955   362.4
2.9800        -297.5561    -300.0794       2.5233   398.4
2.9900        -297.6031    -299.7957       2.1926   346.2
3.0000        -297.6152    -299.6206       2.0054   316.6
3.0100        -297.6350    -299.7241       2.0891   329.8
3.0200        -297.6571    -299.6299       1.9729   311.5
3.0300        -297.6814    -299.7762       2.0948   330.7
3.0400        -297.6874    -299.6485       1.9611   309.6
3.0500        -297.6872    -299.6647       1.9775   312.2
3.0600        -297.7020    -299.7512       2.0491   323.5
3.0700        -297.7091    -299.7444       2.0352   321.3
3.0800        -297.7260    -299.8165       2.0905   330.1
3.0900        -297.7502    -299.9929       2.2426   354.1
3.1000        -297.7781    -299.9209       2.1428   338.3
3.1100        -297.7992    -299.8547       2.0555   324.5
3.1200        -297.8068    -299.9481       2.1413   338.1
3.1300        -297.8327    -299.9792       2.1465   338.9
3.1400        -297.8475    -299.7529       1.9054   300.8
3.1500        -297.8736    -299.9900       2.1164   334.1
3.1600        -297.8921    -299.8734       1.9814   312.8
3.1700        -297.8913    -299.8349       1.9436   306.9
3.1800        -297.9156    -300.2049       2.2893   361.4
3.1900        -297.9555    -300.2292       2.2737   359.0
3.2000        -297.9780    -300.0117       2.0336   321.1
3.2100        -298.0097    -300.2122       2.2024   347.7
3.2200        -298.0242    -299.9166       1.8924   298.8
3.2300        -298.0433    -300.1074       2.0641   325.9
3.2400        -298.0723    -300.3678       2.2955   362.4
3.2500        -298.0986    -300.1589       2.0603   325.3
3.2600        -298.1239    -300.2218       2.0980   331.2
3.2700        -298.1565    -300.3472       2.1906   345.9
3.2800        -298.1678    -300.1413       1.9735   311.6
3.2900        -298.1816    -300.2026       2.0210   319.1
3.3000        -298.1936    -300.1149       1.9213   303.3
3.3100        -298.1974    -300.2635       2.0661   326.2
3.3200        -298.2076    -300.1378       1.9302   304.7
3.3300        -298.2158    -300.0474       1.8316   289.2
3.3400        -298.2173    -300.2312       2.0139   318.0
3.3500        -298.2288    -300.2001       1.9713   311.2
3.3600        -298.2365    -300.2647       2.0282   320.2
3.3700        -298.2421    -299.9324       1.6903   266.9
3.3800        -298.2240    -300.1187       1.8947   299.1
3.3900        -298.1943    -299.7862       1.5919   251.3
3.4000        -298.1871    -300.1832       1.9961   315.1
3.4100        -298.1756    -300.0621       1.8866   297.9
3.4200        -298.1679    -299.8832       1.7153   270.8
3.4300        -298.1567    -299.9826       1.8259   288.3
3.4400        -298.1560    -300.0780       1.9220   303.5
3.4500        -298.1370    -299.7455       1.6085   254.0
3.4600        -298.1284    -300.0577       1.9293   304.6
3.4700        -298.1462    -300.3038       2.1576   340.7
3.4800        -298.1571    -300.2629       2.1057   332.5
3.4900        -298.1958    -300.2845       2.0887   329.8
3.5000        -298.1994    -300.1389       1.9396   306.2
3.5100        -298.2007    -300.1222       1.9214   303.4
3.5200        -298.2099    -300.0451       1.8352   289.8
3.5300        -298.2146    -300.3105       2.0959   330.9
3.5400        -298.2402    -300.3870       2.1468   338.9
3.5500        -298.2835    -300.5355       2.2520   355.6
3.5600        -298.3034    -300.3213       2.0179   318.6
3.5700        -298.3014    -300.2527       1.9513   308.1
3.5800        -298.3028    -300.2852       1.9824   313.0
3.5900        -298.3178    -300.3151       1.9972   315.3
3.6000        -298.3432    -300.5333       2.1901   345.8
3.6100        -298.3403    -299.9452       1.6050   253.4
3.6200        -298.3102    -299.9831       1.6729   264.1
3.6300        -298.2973    -300.2085       1.9112   301.7
3.6400        -298.3097    -300.4012       2.0916   330.2
3.6500        -298.3263    -300.4324       2.1061   332.5
3.6600        -298.3340    -300.2642       1.9302   304.8
3.6700        -298.3458    -300.1433       1.7975   283.8
3.6800        -298.3479    -300.3130       1.9651   310.3
3.6900        -298.3663    -300.7096       2.3433   370.0
3.7000        -298.3793    -300.1707       1.7914   282.8
3.7100        -298.3583    -300.2101       1.8518   292.4
3.7200        -298.3455    -299.9555       1.6100   254.2
3.7300        -298.3501    -300.4547       2.1046   332.3
3.7400        -298.3919    -300.5797       2.1878   345.4
3.7500        -298.4083    -300.1411       1.7329   273.6
3.7600        -298.3976    -300.3013       1.9037   300.6
3.7700        -298.4029    -300.5771       2.1742   343.3
3.7800        -298.4252    -300.3292       1.9040   300.6
3.7900        -298.4557    -300.7643       2.3085   364.5
3.8000        -298.4730    -300.4919       2.0189   318.8
3.8100        -298.4781    -300.3926       1.9146   302.3
3.8200        -298.4918    -300.7713       2.2796   359.9
3.8300        -298.5235    -300.7581       2.2347   352.8
3.8400        -298.5922    -301.1606       2.5684   405.5
3.8500        -298.6525    -301.1435       2.4910   393.3
3.8600        -298.6756    -300.9387       2.2631   357.3
3.8700        -298.7309    -301.1009       2.3700   374.2
3.8800        -298.7937    -301.3738       2.5801   407.4
3.8900        -298.8256    -300.7968       1.9712   311.2
3.9000        -298.8273    -300.9490       2.1217   335.0
3.9100        -298.8429    -300.6244       1.7815   281.3
3.9200        -298.8768    -301.2689       2.3921   377.7
3.9300        -298.9341    -301.0840       2.1498   339.4
3.9400        -298.9586    -301.2815       2.3229   366.7
3.9500        -298.9756    -301.0350       2.0594   325.1
3.9600        -298.9916    -301.0070       2.0153   318.2
3.9700        -299.0030    -300.9588       1.9557   308.8
3.9800        -299.0183    -301.1001       2.0818   328.7
3.9900        -299.0473    -301.2715       2.2242   351.2
4.0000        -299.0841    -301.3145       2.2304   352.1
4.0100        -299.0744    -301.0941       2.0197   318.9
4.0200        -299.0887    -301.1259       2.0372   321.6
4.0300        -299.0957    -301.0926       1.9970   315.3
4.0400        -299.0943    -300.9722       1.8779   296.5
4.0500        -299.0926    -301.2060       2.1134   333.7
4.0600        -299.1127    -301.2511       2.1384   337.6
4.0700        -299.1216    -300.8762       1.7546   277.0
4.0800        -299.1255    -300.8971       1.7716   279.7
4.0900        -299.1100    -300.6274       1.5174   239.6
4.1000        -299.0941    -301.0594       1.9653   310.3
4.1100        -299.0855    -300.9250       1.8395   290.4
4.1200        -299.1066    -300.9686       1.8620   294.0
4.1300        -299.1203    -301.2673       2.1469   339.0
4.1400        -299.1353    -301.2239       2.0886   329.8
4.1500        -299.1459    -301.0837       1.9378   305.9
4.1600        -299.1615    -301.1740       2.0124   317.7
4.1700        -299.1774    -301.2078       2.0304   320.6
4.1800        -299.1825    -301.2375       2.0550   324.4
4.1900        -299.1961    -301.3723       2.1762   343.6
4.2000        -299.2286    -301.4073       2.1787   344.0
4.2100        -299.2409    -301.3043       2.0635   325.8
4.2200        -299.2476    -301.0118       1.7641   278.5
4.2300        -299.2377    -301.1571       1.9194   303.0
4.2400        -299.2373    -301.0266       1.7893   282.5
4.2500        -299.2371    -301.1271       1.8900   298.4
4.2600        -299.2395    -301.1392       1.8996   299.9
4.2700        -299.2325    -301.2449       2.0124   317.7
4.2800        -299.2359    -301.3456       2.1097   333.1
4.2900        -299.2823    -301.5817       2.2994   363.0
4.3000        -299.3015    -301.2366       1.9351   305.5
4.3100        -299.2854    -301.1869       1.9015   300.2
4.3200        -299.2620    -301.2105       1.9484   307.6
4.3300        -299.2950    -301.2018       1.9068   301.1
4.3400        -299.2914    -300.9663       1.6749   264.4
4.3500        -299.2710    -301.1027       1.8317   289.2
4.3600        -299.2577    -301.1039       1.8463   291.5
4.3700        -299.2568    -301.0981       1.8413   290.7
4.3800        -299.2433    -301.1946       1.9513   308.1
4.3900        -299.2564    -301.2206       1.9642   310.1
4.4000        -299.2566    -301.1595       1.9029   300.4
4.4100        -299.2680    -301.2464       1.9784   312.4
4.4200        -299.2869    -301.5437       2.2568   356.3
4.4300        -299.3123    -301.2669       1.9546   308.6
4.4400        -299.3191    -301.3513       2.0321   320.8
4.4500        -299.3115    -301.0811       1.7695   279.4
4.4600        -299.3051    -301.0936       1.7885   282.4
4.4700        -299.3202    -301.3512       2.0311   320.7
4.4800        -299.3395    -301.5489       2.2094   348.8
4.4900        -299.3325    -300.9778       1.6454   259.8
4.5000        -299.3314    -301.3127       1.9814   312.8
4.5100        -299.3397    -301.3445       2.0049   316.5
4.5200        -299.3521    -301.3398       1.9877   313.8
4.5300        -299.3813    -301.6957       2.3144   365.4
4.5400        -299.4045    -301.5257       2.1212   334.9
4.5500        -299.4146    -301.4539       2.0393   322.0
4.5600        -299.4349    -301.4573       2.0224   319.3
4.5700        -299.4489    -301.4277       1.9788   312.4
4.5800        -299.4347    -301.2576       1.8230   287.8
4.5900        -299.4278    -301.4433       2.0154   318.2
4.6000        -299.4504    -301.4773       2.0269   320.0
4.6100        -299.4739    -301.4362       1.9623   309.8
4.6200        -299.4642    -301.0732       1.6091   254.0
4.6300        -299.4494    -301.2332       1.7838   281.6
4.6400        -299.4574    -301.4677       2.0103   317.4
4.6500        -299.4743    -301.5518       2.0775   328.0
4.6600        -299.4770    -301.4230       1.9460   307.2
4.6700        -299.4715    -301.3090       1.8374   290.1
4.6800        -299.4614    -301.2990       1.8377   290.1
4.6900        -299.4570    -301.4440       1.9870   313.7
4.7000        -299.4368    -300.9747       1.5379   242.8
4.7100        -299.4097    -301.1688       1.7591   277.7
4.7200        -299.4042    -301.1203       1.7161   270.9
4.7300        -299.3907    -301.0986       1.7079   269.7
4.7400        -299.3769    -301.3911       2.0142   318.0
4.7500        -299.3967    -301.6516       2.2549   356.0
4.7600        -299.4128    -301.4099       1.9971   315.3
4.7700        -299.3990    -301.2607       1.8617   293.9
4.7800        -299.3851    -301.3438       1.9587   309.2
4.7900        -299.4183    -301.7564       2.3381   369.1
4.8000        -299.4493    -301.4343       1.9850   313.4
4.8100        -299.4327    -301.0363       1.6037   253.2
4.8200        -299.4246    -301.3329       1.9084   301.3
4.8300        -299.4363    -301.4681       2.0318   320.8
4.8400        -299.4497    -301.3813       1.9316   305.0
4.8500        -299.4462    -301.2274       1.7812   281.2
4.8600        -299.4460    -301.3043       1.8583   293.4
4.8700        -299.4574    -301.5763       2.1189   334.5
4.8800        -299.4700    -301.7012       2.2312   352.3
4.8900        -299.4981    -301.4373       1.9392   306.2
4.9000        -299.4865    -301.3347       1.8483   291.8
4.9100        -299.4760    -301.3174       1.8414   290.7
4.9200        -299.4587    -301.2166       1.7579   277.5
4.9300        -299.4566    -301.4181       1.9615   309.7
4.9400        -299.4558    -301.4302       1.9744   311.7
4.9500        -299.4451    -301.3589       1.9137   302.2
4.9600        -299.4717    -301.5640       2.0923   330.3
4.9700        -299.4856    -301.5910       2.1053   332.4
4.9800        -299.4993    -301.4171       1.9178   302.8
4.9900        -299.5015    -301.3797       1.8782   296.5
5.0000        -299.5065    -301.3867       1.8802   296.9
5.0100        -299.5069    -301.4222       1.9153   302.4
5.0200        -299.5220    -301.5009       1.9789   312.4
5.0300        -299.5288    -301.2645       1.7357   274.0
5.0400        -299.4969    -301.2295       1.7326   273.5
5.0500        -299.4810    -301.5126       2.0317   320.8
5.0600        -299.4756    -301.3253       1.8498   292.0
5.0700        -299.4924    -301.4521       1.9597   309.4
5.0800        -299.4904    -301.3906       1.9002   300.0
5.0900        -299.4877    -301.3480       1.8603   293.7
5.1000        -299.4658    -301.1411       1.6752   264.5
5.1100        -299.4701    -301.4416       1.9716   311.3
5.1200        -299.4596    -301.2375       1.7778   280.7
5.1300        -299.4343    -301.1169       1.6826   265.7
5.1400        -299.4256    -301.2199       1.7943   283.3
5.1500        -299.4315    -301.5708       2.1393   337.8
5.1600        -299.4514    -301.5786       2.1271   335.8
5.1700        -299.4605    -301.3810       1.9205   303.2
5.1800        -299.4495    -301.1492       1.6997   268.4
5.1900        -299.4620    -301.5704       2.1084   332.9
5.2000        -299.4647    -301.6383       2.1736   343.2
5.2100        -299.4756    -301.4144       1.9388   306.1
5.2200        -299.4952    -301.4678       1.9726   311.4
5.2300        -299.5170    -301.5926       2.0756   327.7
5.2400        -299.5105    -301.3616       1.8511   292.3
5.2500        -299.4931    -301.3635       1.8703   295.3
5.2600        -299.5276    -301.6832       2.1557   340.3
5.2700        -299.5333    -301.5828       2.0495   323.6
5.2800        -299.5215    -301.1722       1.6508   260.6
5.2900        -299.5457    -301.8686       2.3229   366.8
5.3000        -299.5601    -301.2675       1.7074   269.6
5.3100        -299.5174    -301.3239       1.8065   285.2
5.3200        -299.5602    -301.7134       2.1532   340.0
5.3300        -299.5775    -301.6479       2.0704   326.9
5.3400        -299.6073    -301.6682       2.0608   325.4
5.3500        -299.6176    -301.8134       2.1958   346.7
5.3600        -299.6659    -301.9550       2.2891   361.4
5.3700        -299.6984    -301.9001       2.2017   347.6
5.3800        -299.7080    -301.8234       2.1154   334.0
5.3900        -299.7154    -301.9608       2.2454   354.5
5.4000        -299.7184    -301.3554       1.6370   258.5
5.4100        -299.6891    -301.1503       1.4612   230.7
5.4200        -299.6960    -301.7238       2.0278   320.2
5.4300        -299.7170    -301.4835       1.7665   278.9
5.4400        -299.7358    -301.8398       2.1040   332.2
5.4500        -299.7596    -302.0079       2.2483   355.0
5.4600        -299.8020    -302.2570       2.4550   387.6
5.4700        -299.8054    -302.0337       2.2283   351.8
5.4800        -299.8256    -302.0067       2.1812   344.4
5.4900        -299.8386    -301.9120       2.0734   327.4
5.5000        -299.8482    -301.6657       1.8175   287.0
5.5100        -299.8485    -301.8773       2.0289   320.3
5.5200        -299.8815    -302.0595       2.1780   343.9
5.5300        -299.9368    -301.9908       2.0540   324.3
5.5400        -299.9529    -302.1884       2.2355   353.0
5.5500        -299.9796    -302.1198       2.1401   337.9
5.5600        -300.0110    -302.1422       2.1312   336.5
5.5700        -300.0152    -301.9810       1.9658   310.4
5.5800        -300.0410    -302.3276       2.2865   361.0
5.5900        -300.0535    -301.9502       1.8967   299.5
5.6000        -300.0550    -302.0335       1.9784   312.4
5.6100        -300.0516    -301.9399       1.8884   298.1
5.6200        -300.0752    -302.0298       1.9546   308.6
5.6300        -300.0616    -301.8046       1.7430   275.2
5.6400        -300.0534    -302.2044       2.1510   339.6
5.6500        -300.0568    -301.8486       1.7918   282.9
5.6600        -300.0473    -302.1209       2.0736   327.4
5.6700        -300.0577    -301.8836       1.8260   288.3
5.6800        -300.0474    -301.8860       1.8386   290.3
5.6900        -300.0343    -302.0062       1.9719   311.3
5.7000        -300.0388    -302.0008       1.9621   309.8
5.7100        -300.0131    -301.8033       1.7902   282.6
5.7200        -300.0227    -301.8393       1.8166   286.8
5.7300        -300.0272    -302.0612       2.0340   321.1
5.7400        -300.0258    -301.8323       1.8065   285.2
5.7500        -300.0200    -301.8541       1.8341   289.6
5.7600        -300.0178    -301.8893       1.8715   295.5
5.7700        -300.0296    -301.9282       1.8986   299.8
5.7800        -300.0461    -302.1180       2.0719   327.1
5.7900        -300.0641    -302.0539       1.9899   314.2
5.8000        -300.0541    -301.8217       1.7676   279.1
5.8100        -300.0398    -301.6733       1.6335   257.9
5.8200        -300.0297    -301.9406       1.9110   301.7
5.8300        -300.0518    -301.8551       1.8033   284.7
5.8400        -300.0608    -301.8566       1.7958   283.5
5.8500        -300.0628    -302.0628       1.9999   315.8
5.8600        -300.0631    -302.0169       1.9538   308.5
5.8700        -300.0739    -301.9065       1.8326   289.3
5.8800        -300.0731    -302.0347       1.9617   309.7
5.8900        -300.0673    -301.9606       1.8932   298.9
5.9000        -300.1006    -302.1849       2.0842   329.1
5.9100        -300.1200    -302.0781       1.9581   309.2
5.9200        -300.1529    -302.3579       2.2050   348.1
5.9300        -300.1771    -302.1922       2.0151   318.2
5.9400        -300.1708    -301.9887       1.8179   287.0
5.9500        -300.1679    -302.0688       1.9009   300.1
5.9600        -300.1600    -301.8227       1.6627   262.5
5.9700        -300.1474    -302.0008       1.8534   292.6
5.9800        -300.1480    -301.8375       1.6895   266.8
5.9900        -300.1424    -302.1053       1.9629   309.9
6.0000        -300.1443    -302.2820       2.1377   337.5
6.0100        -300.1561    -302.3621       2.2060   348.3
6.0200        -300.1672    -302.3419       2.1748   343.4
6.0300        -300.1679    -302.2101       2.0422   322.4
6.0400        -300.1690    -302.3174       2.1484   339.2
6.0500        -300.1837    -302.2936       2.1099   333.1
6.0600        -300.2051    -302.1069       1.9018   300.3
6.0700        -300.2207    -302.1069       1.8862   297.8
6.0800        -300.2390    -302.1932       1.9542   308.5
6.0900        -300.2668    -302.2836       2.0168   318.4
6.1000        -300.2915    -302.2560       1.9645   310.2
6.1100        -300.3038    -302.1119       1.8081   285.5
6.1200        -300.2939    -302.0445       1.7506   276.4
6.1300        -300.2615    -301.8158       1.5543   245.4
6.1400        -300.2409    -301.8978       1.6569   261.6
6.1500        -300.2302    -302.0501       1.8199   287.3
6.1600        -300.2398    -301.9230       1.6832   265.8
6.1700        -300.2447    -302.2529       2.0082   317.1
6.1800        -300.2784    -302.2516       1.9732   311.5
6.1900        -300.2733    -302.0609       1.7876   282.2
6.2000        -300.2640    -302.0808       1.8168   286.8
6.2100        -300.2622    -301.9517       1.6895   266.7
6.2200        -300.2441    -302.2081       1.9640   310.1
6.2300        -300.2723    -302.4120       2.1397   337.8
6.2400        -300.2852    -302.5143       2.2291   351.9
6.2500        -300.2878    -302.2420       1.9542   308.5
6.2600        -300.2949    -302.3492       2.0543   324.3
6.2700        -300.3029    -302.2413       1.9383   306.0
6.2800        -300.3029    -302.3078       2.0049   316.5
6.2900        -300.3066    -302.2923       1.9857   313.5
6.3000        -300.3277    -302.2328       1.9050   300.8
6.3100        -300.3288    -302.2975       1.9687   310.8
6.3200        -300.3180    -302.3805       2.0625   325.6
6.3300        -300.3285    -302.2729       1.9444   307.0
6.3400        -300.2938    -301.8352       1.5414   243.4
6.3500        -300.2840    -302.1867       1.9028   300.4
6.3600        -300.3058    -302.2332       1.9273   304.3
6.3700        -300.3300    -302.3462       2.0162   318.3
6.3800        -300.3296    -302.0732       1.7436   275.3
6.3900        -300.3092    -301.9227       1.6136   254.8
6.4000        -300.3018    -302.2710       1.9692   310.9
6.4100        -300.3053    -302.2102       1.9048   300.7
6.4200        -300.3031    -302.0834       1.7804   281.1
6.4300        -300.3062    -302.2450       1.9387   306.1
6.4400        -300.2907    -302.1416       1.8509   292.2
6.4500        -300.2873    -302.2740       1.9866   313.7
6.4600        -300.2861    -302.1108       1.8248   288.1
6.4700        -300.3227    -302.4134       2.0906   330.1
6.4800        -300.3421    -302.2633       1.9212   303.3
6.4900        -300.3458    -302.4709       2.1251   335.5
6.5000        -300.3685    -302.4016       2.0331   321.0
6.5100        -300.3526    -302.2371       1.8844   297.5
6.5200        -300.3527    -302.1872       1.8345   289.6
6.5300        -300.3645    -302.2326       1.8681   294.9
6.5400        -300.3822    -302.6655       2.2833   360.5
6.5500        -300.3869    -302.4243       2.0374   321.7
6.5600        -300.4055    -302.4901       2.0846   329.1
6.5700        -300.4086    -302.1817       1.7731   279.9
6.5800        -300.3904    -302.1897       1.7993   284.1
6.5900        -300.3687    -302.2291       1.8604   293.7
6.6000        -300.3426    -301.9895       1.6468   260.0
6.6100        -300.3251    -302.2599       1.9348   305.5
6.6200        -300.3111    -301.8658       1.5546   245.5
6.6300        -300.2776    -301.9704       1.6928   267.3
6.6400        -300.2729    -302.0739       1.8009   284.3
6.6500        -300.2616    -302.0479       1.7863   282.0
6.6600        -300.2766    -302.3038       2.0272   320.1
6.6700        -300.2979    -302.4786       2.1807   344.3
6.6800        -300.3175    -302.4427       2.1252   335.5
6.6900        -300.3162    -302.4193       2.1030   332.0
6.7000        -300.3378    -302.4280       2.0903   330.0
6.7100        -300.3667    -302.8175       2.4508   386.9
6.7200        -300.4029    -302.2975       1.8946   299.1
6.7300        -300.3978    -302.3566       1.9588   309.3
6.7400        -300.4130    -302.3039       1.8909   298.5
6.7500        -300.4105    -302.2795       1.8690   295.1
6.7600        -300.4042    -302.2920       1.8878   298.1
6.7700        -300.3945    -302.4973       2.1028   332.0
6.7800        -300.3915    -302.2296       1.8381   290.2
6.7900        -300.3736    -302.3375       1.9639   310.1
6.8000        -300.3716    -302.4025       2.0308   320.6
6.8100        -300.3731    -302.5588       2.1856   345.1
6.8200        -300.3844    -302.2803       1.8959   299.3
6.8300        -300.3871    -302.5446       2.1575   340.6
6.8400        -300.4009    -302.3987       1.9978   315.4
6.8500        -300.4155    -302.4730       2.0575   324.8
6.8600        -300.4255    -302.4059       1.9804   312.7
6.8700        -300.4372    -302.4797       2.0425   322.5
6.8800        -300.4424    -302.4824       2.0400   322.1
6.8900        -300.4404    -302.3363       1.8959   299.3
6.9000        -300.4260    -302.0581       1.6321   257.7
6.9100        -300.3904    -301.9013       1.5109   238.5
6.9200        -300.3592    -302.0067       1.6476   260.1
6.9300        -300.3371    -302.0031       1.6661   263.0
6.9400        -300.3119    -301.9304       1.6185   255.5
6.9500        -300.3202    -302.2844       1.9642   310.1
6.9600        -300.3292    -301.9862       1.6570   261.6
6.9700        -300.3035    -301.9103       1.6067   253.7
6.9800        -300.2974    -301.9113       1.6139   254.8
6.9900        -300.2883    -302.1972       1.9089   301.4
7.0000        -300.2977    -302.2084       1.9107   301.7
7.0100        -300.3109    -302.3411       2.0302   320.5
7.0200        -300.3227    -302.4645       2.1417   338.1
7.0300        -300.3435    -302.2218       1.8783   296.6
7.0400        -300.3403    -302.3669       2.0266   320.0
7.0500        -300.3462    -302.4081       2.0618   325.5
7.0600        -300.3371    -302.0609       1.7238   272.2
7.0700        -300.3245    -302.1677       1.8432   291.0
7.0800        -300.3330    -302.2681       1.9351   305.5
7.0900        -300.3347    -302.3747       2.0400   322.1
7.1000        -300.3278    -302.0691       1.7413   274.9
7.1100        -300.3250    -302.2188       1.8938   299.0
7.1200        -300.3265    -302.3680       2.0415   322.3
7.1300        -300.3454    -302.5213       2.1759   343.5
7.1400        -300.3701    -302.3816       2.0114   317.6
7.1500        -300.3894    -302.5043       2.1150   333.9
7.1600        -300.3932    -302.2096       1.8164   286.8
7.1700        -300.4013    -302.4662       2.0649   326.0
7.1800        -300.4102    -302.2708       1.8606   293.8
7.1900        -300.3977    -302.0756       1.6779   264.9
7.2000        -300.3753    -302.2111       1.8358   289.8
7.2100        -300.3859    -302.4768       2.0909   330.1
7.2200        -300.3690    -302.2512       1.8822   297.2
7.2300        -300.3638    -302.4582       2.0944   330.7
7.2400        -300.3651    -302.1031       1.7380   274.4
7.2500        -300.3505    -302.3275       1.9769   312.1
7.2600        -300.3714    -302.5259       2.1546   340.2
7.2700        -300.3773    -302.2167       1.8394   290.4
7.2800        -300.3751    -302.3542       1.9791   312.5
7.2900        -300.3826    -302.1745       1.7919   282.9
7.3000        -300.3891    -302.3570       1.9679   310.7
7.3100        -300.3857    -302.1536       1.7679   279.1
7.3200        -300.3778    -302.1862       1.8084   285.5
7.3300        -300.3526    -302.0220       1.6694   263.6
7.3400        -300.3450    -302.1798       1.8348   289.7
7.3500        -300.3560    -302.5215       2.1655   341.9
7.3600        -300.3639    -302.2433       1.8794   296.7
7.3700        -300.3727    -302.4590       2.0863   329.4
7.3800        -300.3826    -302.2110       1.8284   288.7
7.3900        -300.3782    -302.3861       2.0079   317.0
7.4000        -300.3887    -302.3302       1.9415   306.5
7.4100        -300.4091    -302.4767       2.0676   326.4
7.4200        -300.4072    -302.4046       1.9974   315.4
7.4300        -300.4084    -302.3081       1.8997   299.9
7.4400        -300.4023    -302.4563       2.0540   324.3
7.4500        -300.4226    -302.4462       2.0236   319.5
7.4600        -300.4097    -302.2526       1.8429   291.0
7.4700        -300.3899    -302.0207       1.6308   257.5
7.4800        -300.3809    -302.3291       1.9482   307.6
7.4900        -300.3709    -302.0792       1.7083   269.7
7.5000        -300.3586    -302.1521       1.7935   283.2
7.5100        -300.3564    -302.3374       1.9810   312.8
7.5200        -300.3724    -302.3680       1.9956   315.1
7.5300        -300.3737    -302.1988       1.8250   288.1
7.5400        -300.3960    -302.4645       2.0685   326.6
7.5500        -300.3897    -302.2106       1.8209   287.5
7.5600        -300.3839    -302.4737       2.0898   329.9
7.5700        -300.4003    -302.3279       1.9276   304.3
7.5800        -300.3877    -302.0602       1.6725   264.1
7.5900        -300.3822    -301.9795       1.5973   252.2
7.6000        -300.3438    -301.6879       1.3440   212.2
7.6100        -300.3228    -301.9711       1.6483   260.2
7.6200        -300.2924    -301.7673       1.4749   232.9
7.6300        -300.2765    -302.1800       1.9034   300.5
7.6400        -300.2894    -302.3665       2.0771   327.9
7.6500        -300.3095    -302.1601       1.8506   292.2
7.6600        -300.2986    -301.9305       1.6319   257.7
7.6700        -300.2929    -302.1838       1.8909   298.5
7.6800        -300.2953    -302.1769       1.8816   297.1
7.6900        -300.2953    -302.3842       2.0889   329.8
7.7000        -300.3065    -302.4446       2.1381   337.6
7.7100        -300.3353    -302.6020       2.2666   357.9
7.7200        -300.3678    -302.5221       2.1544   340.1
7.7300        -300.3804    -302.2495       1.8690   295.1
7.7400        -300.3590    -302.2279       1.8690   295.1
7.7500        -300.3546    -302.3754       2.0208   319.0
7.7600        -300.3735    -302.5529       2.1793   344.1
7.7700        -300.3752    -302.1917       1.8166   286.8
7.7800        -300.3856    -302.3516       1.9660   310.4
7.7900        -300.3992    -302.4196       2.0203   319.0
7.8000        -300.4078    -302.1215       1.7137   270.6
7.8100        -300.3905    -302.2286       1.8381   290.2
7.8200        -300.3892    -302.3075       1.9183   302.9
7.8300        -300.3977    -302.4560       2.0583   325.0
7.8400        -300.4005    -302.1296       1.7291   273.0
7.8500        -300.3632    -301.9585       1.5953   251.9
7.8600        -300.3398    -302.1175       1.7776   280.7
7.8700        -300.3346    -302.2007       1.8661   294.6
7.8800        -300.3149    -302.0231       1.7082   269.7
7.8900        -300.2894    -302.0212       1.7318   273.4
7.9000        -300.2810    -302.1536       1.8726   295.7
7.9100        -300.2700    -301.9854       1.7154   270.8
7.9200        -300.2532    -301.9727       1.7195   271.5
7.9300        -300.2346    -302.1223       1.8876   298.0
7.9400        -300.2386    -302.0513       1.8126   286.2
7.9500        -300.2478    -302.4162       2.1685   342.4
7.9600        -300.2632    -302.1377       1.8745   296.0
7.9700        -300.2574    -301.9361       1.6787   265.0
7.9800        -300.2676    -302.1249       1.8574   293.3
7.9900        -300.2660    -302.0879       1.8219   287.7
8.0000        -300.2394    -302.0197       1.7803   281.1
8.0100        -300.2289    -302.0434       1.8145   286.5
8.0200        -300.2413    -302.1740       1.9327   305.1
8.0300        -300.2510    -301.9933       1.7423   275.1
8.0400        -300.2436    -302.1746       1.9310   304.9
8.0500        -300.2368    -302.0774       1.8406   290.6
8.0600        -300.2243    -301.9438       1.7195   271.5
8.0700        -300.2064    -302.1168       1.9104   301.6
8.0800        -300.2094    -302.2582       2.0488   323.5
8.0900        -300.2192    -302.2727       2.0535   324.2
8.1000        -300.2142    -301.9383       1.7240   272.2
8.1100        -300.2060    -302.0320       1.8261   288.3
8.1200        -300.2032    -301.9466       1.7434   275.3
8.1300        -300.1896    -301.9964       1.8068   285.3
8.1400        -300.1838    -302.3619       2.1781   343.9
8.1500        -300.1907    -302.1743       1.9836   313.2
8.1600        -300.2122    -302.1303       1.9182   302.8
8.1700        -300.2056    -302.0099       1.8043   284.9
8.1800        -300.1982    -302.0739       1.8757   296.1
8.1900        -300.2082    -302.0060       1.7978   283.8
8.2000        -300.2061    -302.0709       1.8649   294.4
8.2100        -300.2126    -302.2085       1.9958   315.1
8.2200        -300.2263    -302.1750       1.9488   307.7
8.2300        -300.2434    -302.4236       2.1803   344.2
8.2400        -300.2589    -302.2882       2.0294   320.4
8.2500        -300.2493    -302.3001       2.0508   323.8
8.2600        -300.2302    -302.0956       1.8654   294.5
8.2700        -300.2178    -302.2107       1.9928   314.6
8.2800        -300.2299    -302.1107       1.8808   297.0
8.2900        -300.2136    -302.0493       1.8357   289.8
8.3000        -300.2054    -301.9839       1.7785   280.8
8.3100        -300.2016    -302.0057       1.8041   284.8
8.3200        -300.1957    -302.1304       1.9347   305.5
8.3300        -300.2042    -302.0024       1.7983   283.9
8.3400        -300.1976    -301.9227       1.7251   272.4
8.3500        -300.1855    -301.7649       1.5794   249.4
8.3600        -300.1843    -302.0763       1.8920   298.7
8.3700        -300.1841    -302.0333       1.8492   292.0
8.3800        -300.1831    -302.1320       1.9489   307.7
8.3900        -300.1907    -302.2246       2.0339   321.1
8.4000        -300.1769    -302.1152       1.9383   306.0
8.4100        -300.1718    -301.9888       1.8171   286.9
8.4200        -300.1690    -302.0988       1.9298   304.7
8.4300        -300.1557    -301.8703       1.7146   270.7
8.4400        -300.1224    -301.7200       1.5976   252.2
8.4500        -300.0993    -302.0264       1.9271   304.3
8.4600        -300.1012    -301.9955       1.8943   299.1
8.4700        -300.0979    -302.1128       2.0149   318.1
8.4800        -300.0920    -301.8439       1.7520   276.6
8.4900        -300.0914    -301.9334       1.8421   290.8
8.5000        -300.1028    -301.8574       1.7546   277.0
8.5100        -300.0958    -301.9569       1.8611   293.8
8.5200        -300.1187    -302.1525       2.0338   321.1
8.5300        -300.1381    -302.3847       2.2466   354.7
8.5400        -300.1630    -302.1936       2.0307   320.6
8.5500        -300.1624    -302.3108       2.1484   339.2
8.5600        -300.1680    -302.0933       1.9253   304.0
8.5700        -300.1824    -302.3784       2.1960   346.7
8.5800        -300.1849    -302.1262       1.9413   306.5
8.5900        -300.1881    -302.3494       2.1614   341.2
8.6000        -300.2131    -302.2940       2.0809   328.5
8.6100        -300.2172    -302.3897       2.1725   343.0
8.6200        -300.2276    -301.9786       1.7511   276.5
8.6300        -300.2156    -302.0546       1.8390   290.4
8.6400        -300.2102    -302.0926       1.8824   297.2
8.6500        -300.1917    -301.8148       1.6231   256.3
8.6600        -300.1884    -302.0726       1.8842   297.5
8.6700        -300.1949    -302.1875       1.9926   314.6
8.6800        -300.1774    -301.9211       1.7437   275.3
8.6900        -300.1633    -302.0462       1.8830   297.3
8.7000        -300.1432    -301.8469       1.7038   269.0
8.7100        -300.1301    -301.7657       1.6356   258.2
8.7200        -300.1116    -301.9868       1.8752   296.1
8.7300        -300.1112    -301.8516       1.7404   274.8
8.7400        -300.0903    -301.9313       1.8410   290.7
8.7500        -300.0881    -301.8257       1.7376   274.3
8.7600        -300.0801    -302.2392       2.1591   340.9
8.7700        -300.1018    -302.1212       2.0194   318.8
8.7800        -300.0866    -301.8679       1.7814   281.2
8.7900        -300.1041    -302.2122       2.1081   332.8
8.8000        -300.0873    -301.7858       1.6985   268.2
8.8100        -300.0867    -302.0959       2.0092   317.2
8.8200        -300.0879    -301.9667       1.8788   296.6
8.8300        -300.0912    -302.1031       2.0120   317.7
8.8400        -300.1025    -302.0017       1.8993   299.9
8.8500        -300.1020    -302.1060       2.0040   316.4
8.8600        -300.1183    -302.1574       2.0391   321.9
8.8700        -300.1350    -302.1902       2.0552   324.5
8.8800        -300.1349    -301.8483       1.7134   270.5
8.8900        -300.1318    -302.0733       1.9415   306.5
8.9000        -300.1193    -302.0792       1.9599   309.4
8.9100        -300.1080    -301.7712       1.6633   262.6
8.9200        -300.0993    -302.0267       1.9274   304.3
8.9300        -300.1012    -301.9177       1.8165   286.8
8.9400        -300.1047    -301.8676       1.7630   278.3
8.9500        -300.1143    -302.0833       1.9690   310.9
8.9600        -300.1290    -302.4793       2.3503   371.1
8.9700        -300.1706    -302.3028       2.1322   336.6
8.9800        -300.1970    -302.4893       2.2924   361.9
8.9900        -300.2271    -302.3352       2.1081   332.8
9.0000        -300.2597    -302.4181       2.1584   340.8
9.0100        -300.2740    -302.2254       1.9514   308.1
9.0200        -300.2811    -302.2913       2.0102   317.4
9.0300        -300.2657    -301.8872       1.6215   256.0
9.0400        -300.2476    -302.1632       1.9156   302.4
9.0500        -300.2446    -302.2220       1.9774   312.2
9.0600        -300.2538    -302.2426       1.9888   314.0
9.0700        -300.2440    -302.1260       1.8820   297.1
9.0800        -300.2301    -302.1871       1.9570   309.0
9.0900        -300.2143    -301.9848       1.7705   279.5
9.1000        -300.2088    -302.2349       2.0261   319.9
9.1100        -300.2132    -302.1013       1.8881   298.1
9.1200        -300.2224    -302.1945       1.9721   311.4
9.1300        -300.2501    -302.3841       2.1340   336.9
9.1400        -300.2849    -302.6985       2.4135   381.1
9.1500        -300.2954    -302.0477       1.7523   276.7
9.1600        -300.3017    -302.4583       2.1566   340.5
9.1700        -300.3102    -302.0974       1.7872   282.2
9.1800        -300.3100    -302.1560       1.8460   291.5
9.1900        -300.3289    -302.3108       1.9818   312.9
9.2000        -300.3298    -302.1591       1.8293   288.8
9.2100        -300.3113    -301.9840       1.6727   264.1
9.2200        -300.3002    -302.4328       2.1326   336.7
9.2300        -300.3216    -302.0643       1.7427   275.2
9.2400        -300.3278    -302.4289       2.1011   331.7
9.2500        -300.3425    -302.4658       2.1233   335.2
9.2600        -300.3575    -302.6073       2.2498   355.2
9.2700        -300.3799    -302.3985       2.0186   318.7
9.2800        -300.3751    -302.2721       1.8970   299.5
9.2900        -300.3724    -302.2790       1.9066   301.0
9.3000        -300.3652    -301.9710       1.6058   253.5
9.3100        -300.3523    -302.2842       1.9319   305.0
9.3200        -300.3428    -301.9920       1.6493   260.4
9.3300        -300.3475    -302.4289       2.0813   328.6
9.3400        -300.3307    -301.9400       1.6093   254.1
9.3500        -300.3197    -302.4093       2.0896   329.9
9.3600        -300.3050    -301.9661       1.6611   262.3
9.3700        -300.2907    -302.1642       1.8735   295.8
9.3800        -300.2887    -302.0863       1.7976   283.8
9.3900        -300.2943    -302.3347       2.0404   322.2
9.4000        -300.2954    -302.3737       2.0783   328.1
9.4100        -300.3109    -302.2815       1.9707   311.1
9.4200        -300.3178    -302.2554       1.9377   305.9
9.4300        -300.3188    -302.2175       1.8987   299.8
9.4400        -300.3240    -302.3879       2.0639   325.9
9.4500        -300.3182    -302.1845       1.8663   294.7
9.4600        -300.3222    -302.2521       1.9299   304.7
9.4700        -300.3175    -302.0514       1.7339   273.8
9.4800        -300.3007    -301.9940       1.6932   267.3
9.4900        -300.2914    -302.1139       1.8226   287.8
9.5000        -300.3085    -302.3821       2.0736   327.4
9.5100        -300.3152    -302.2644       1.9492   307.7
9.5200        -300.3325    -302.5166       2.1841   344.8
9.5300        -300.3474    -302.2700       1.9225   303.5
9.5400        -300.3499    -302.3065       1.9565   308.9
9.5500        -300.3673    -302.5642       2.1969   346.9
9.5600        -300.4040    -302.7514       2.3474   370.6
9.5700        -300.4414    -302.6409       2.1996   347.3
9.5800        -300.4457    -302.4069       1.9611   309.6
9.5900        -300.4453    -302.3056       1.8602   293.7
9.6000        -300.4460    -302.4470       2.0010   315.9
9.6100        -300.4478    -302.3413       1.8935   299.0
9.6200        -300.4318    -302.2691       1.8373   290.1
9.6300        -300.4241    -302.0245       1.6003   252.7
9.6400        -300.4093    -302.4124       2.0031   316.3
9.6500        -300.4014    -302.3671       1.9657   310.4
9.6600        -300.4165    -302.4986       2.0821   328.7
9.6700        -300.4097    -302.1346       1.7248   272.3
9.6800        -300.4008    -302.1998       1.7990   284.0
9.6900        -300.3875    -302.1155       1.7280   272.8
9.7000        -300.3970    -302.4048       2.0078   317.0
9.7100        -300.3953    -302.3235       1.9282   304.4
9.7200        -300.4083    -302.2320       1.8237   287.9
9.7300        -300.4139    -302.4120       1.9981   315.5
9.7400        -300.4190    -302.3051       1.8861   297.8
9.7500        -300.4328    -302.3672       1.9344   305.4
9.7600        -300.4336    -302.3582       1.9247   303.9
9.7700        -300.4487    -302.3353       1.8866   297.9
9.7800        -300.4329    -302.4200       1.9871   313.7
9.7900        -300.4225    -302.1802       1.7577   277.5
9.8000        -300.4097    -302.1895       1.7798   281.0
9.8100        -300.3969    -302.1402       1.7433   275.2
9.8200        -300.3871    -302.2802       1.8930   298.9
9.8300        -300.3883    -302.3173       1.9290   304.6
9.8400        -300.3825    -302.2484       1.8660   294.6
9.8500        -300.3636    -302.0410       1.6775   264.8
9.8600        -300.3411    -302.2634       1.9223   303.5
9.8700        -300.3309    -302.0406       1.7097   269.9
9.8800        -300.3131    -302.1171       1.8039   284.8
9.8900        -300.3040    -302.0993       1.7953   283.5
9.9000        -300.3013    -302.0930       1.7917   282.9
9.9100        -300.2823    -302.1750       1.8927   298.8
9.9200        -300.2867    -302.2204       1.9337   305.3
9.9300        -300.2801    -301.9796       1.6995   268.3
9.9400        -300.2561    -302.2520       1.9959   315.1
9.9500        -300.2666    -302.1356       1.8690   295.1
9.9600        -300.2479    -301.9144       1.6664   263.1
9.9700        -300.2310    -302.2021       1.9711   311.2
9.9800        -300.2307    -302.0866       1.8559   293.0
9.9900        -300.2357    -302.5650       2.3293   367.8
10.0000       -300.2539    -302.0255       1.7716   279.7
