Time[ps]      Etot[eV]     Epot[eV]     Ekin[eV]    T[K]
0.0000        -305.1077    -305.1077       0.0000     0.0
0.0100        -304.4631    -307.5490       3.0859   459.1
0.0200        -304.6105    -309.0245       4.4140   656.7
0.0300        -304.2301    -308.8765       4.6464   691.3
0.0400        -304.5983    -308.8095       4.2112   626.5
0.0500        -304.7446    -308.9352       4.1906   623.5
0.0600        -303.9117    -307.7928       3.8811   577.4
0.0700        -304.8369    -308.7708       3.9340   585.3
0.0800        -305.0691    -309.0118       3.9426   586.6
0.0900        -301.8599    -308.0235       6.1636   917.0
0.1000        -286.2911    -307.7336      21.4425  3190.1
0.1100        -294.5445    -300.2551       5.7106   849.6
0.1200         -14.0745    -297.3552     283.2807  42145.4
0.1300         -38.5437    -281.9628     243.4191  36214.9
0.1400         -61.1398    -272.3359     211.1961  31420.9
0.1500         -80.1475    -264.6978     184.5503  27456.6
0.1600         -96.8670    -249.1606     152.2936  22657.6
0.1700        -111.1912    -241.8651     130.6739  19441.1
0.1800        -123.5137    -245.0484     121.5346  18081.4
0.1900        -136.1309    -257.6891     121.5582  18084.9
0.2000        -147.7929    -262.7400     114.9471  17101.4
0.2100        -158.5909    -261.4386     102.8477  15301.3
0.2200        -168.7457    -265.2600      96.5143  14359.0
0.2300        -177.7729    -258.4751      80.7022  12006.5
0.2400        -185.5401    -257.7067      72.1666  10736.7
0.2500        -191.9364    -254.2360      62.2996  9268.7
0.2600        -198.3784    -258.9760      60.5977  9015.5
0.2700        -204.0402    -258.8165      54.7763  8149.4
0.2800        -209.1744    -259.2948      50.1204  7456.7
0.2900        -213.8894    -264.5134      50.6240  7531.6
0.3000        -218.9712    -269.9638      50.9925  7586.5
0.3100        -223.3993    -266.8602      43.4608  6465.9
0.3200        -227.4921    -269.7520      42.2598  6287.2
0.3300        -231.5815    -272.5508      40.9694  6095.3
0.3400        -235.2388    -273.2666      38.0279  5657.6
0.3500        -238.9011    -272.2336      33.3325  4959.1
0.3600        -241.5761    -269.1631      27.5870  4104.3
0.3700        -244.2903    -275.7249      31.4345  4676.7
0.3800        -247.3894    -278.5249      31.1355  4632.2
0.3900        -249.8706    -273.8476      23.9770  3567.2
0.4000        -252.1206    -272.7974      20.6768  3076.2
0.4100        -254.2626    -278.4147      24.1521  3593.2
0.4200        -256.6954    -286.2039      29.5085  4390.2
0.4300        -259.5951    -290.0208      30.4256  4526.6
0.4400        -262.2994    -289.9892      27.6897  4119.6
0.4500        -264.2169    -288.4426      24.2257  3604.2
0.4600        -266.2494    -288.3133      22.0639  3282.6
0.4700        -267.9365    -288.4889      20.5523  3057.7
0.4800        -269.8586    -290.3343      20.4757  3046.3
0.4900        -271.3845    -289.5844      18.1999  2707.7
0.5000        -273.0996    -290.8423      17.7427  2639.7
0.5100        -274.7917    -291.7002      16.9084  2515.6
0.5200        -276.0971    -291.2532      15.1562  2254.9
0.5300        -277.4960    -294.7002      17.2041  2559.6
0.5400        -278.9697    -293.9789      15.0092  2233.0
0.5500        -280.3351    -295.4648      15.1297  2250.9
0.5600        -281.5414    -293.8125      12.2711  1825.6
0.5700        -282.6980    -295.7835      13.0855  1946.8
0.5800        -283.8275    -297.4386      13.6111  2025.0
0.5900        -284.8831    -296.7140      11.8309  1760.1
0.6000        -285.7585    -296.3375      10.5789  1573.9
0.6100        -286.5801    -296.5408       9.9607  1481.9
0.6200        -287.6961    -297.7920      10.0959  1502.0
0.6300        -288.4033    -298.0617       9.6584  1436.9
0.6400        -289.2585    -300.6093      11.3508  1688.7
0.6500        -289.9687    -299.7000       9.7314  1447.8
0.6600        -290.9662    -302.7392      11.7731  1751.5
0.6700        -291.7948    -302.8586      11.0638  1646.0
0.6800        -292.7723    -304.0113      11.2390  1672.1
0.6900        -293.5299    -302.2321       8.7022  1294.7
0.7000        -294.2340    -303.6790       9.4450  1405.2
0.7100        -295.0068    -303.6497       8.6429  1285.9
0.7200        -295.6720    -303.9420       8.2701  1230.4
0.7300        -296.1879    -304.8115       8.6236  1283.0
0.7400        -296.9611    -305.5803       8.6192  1282.3
0.7500        -297.5837    -305.8893       8.3056  1235.7
0.7600        -298.2201    -306.1557       7.9356  1180.6
0.7700        -299.0041    -307.4981       8.4940  1263.7
0.7800        -299.7231    -308.8952       9.1721  1364.6
0.7900        -300.4400    -311.0882      10.6482  1584.2
0.8000        -301.1056    -308.9425       7.8370  1166.0
0.8100        -301.6526    -309.9307       8.2781  1231.6
0.8200        -302.2341    -309.4067       7.1726  1067.1
0.8300        -302.7299    -309.8987       7.1688  1066.5
0.8400        -303.2094    -309.8686       6.6592   990.7
0.8500        -303.6930    -311.0711       7.3781  1097.7
0.8600        -304.2393    -312.0602       7.8209  1163.6
0.8700        -304.7173    -311.9080       7.1907  1069.8
0.8800        -305.1882    -311.5289       6.3407   943.3
0.8900        -305.5998    -311.1160       5.5162   820.7
0.9000        -305.9766    -312.2510       6.2745   933.5
0.9100        -306.3488    -311.9140       5.5652   828.0
0.9200        -306.7030    -312.2922       5.5891   831.5
0.9300        -306.9940    -311.5052       4.5112   671.2
0.9400        -307.3032    -312.9820       5.6788   844.9
0.9500        -307.6733    -312.9706       5.2974   788.1
0.9600        -308.0134    -312.9601       4.9467   735.9
0.9700        -308.3008    -313.3653       5.0645   753.5
0.9800        -308.6222    -313.8233       5.2011   773.8
0.9900        -308.9219    -313.4771       4.5553   677.7
1.0000        -309.2081    -314.5710       5.3629   797.9
1.0100        -309.5419    -314.5672       5.0252   747.6
1.0200        -309.8944    -315.8929       5.9986   892.4
1.0300        -310.2558    -315.4693       5.2135   775.6
1.0400        -310.5771    -315.7682       5.1911   772.3
1.0500        -310.8427    -314.9795       4.1368   615.5
1.0600        -311.0321    -314.8957       3.8636   574.8
1.0700        -311.2532    -315.3567       4.1035   610.5
1.0800        -311.4480    -315.2917       3.8437   571.9
1.0900        -311.6600    -315.5224       3.8624   574.6
1.1000        -311.8590    -315.5327       3.6737   546.6
1.1100        -312.0112    -315.8048       3.7936   564.4
1.1200        -312.1418    -315.7018       3.5600   529.6
1.1300        -312.3087    -315.8244       3.5157   523.1
1.1400        -312.4586    -315.8421       3.3835   503.4
1.1500        -312.5591    -315.9205       3.3615   500.1
1.1600        -312.7045    -316.4172       3.7127   552.4
1.1700        -312.8594    -316.4609       3.6015   535.8
1.1800        -313.0103    -316.2822       3.2719   486.8
1.1900        -313.1035    -316.2675       3.1640   470.7
1.2000        -313.2301    -316.5799       3.3498   498.4
1.2100        -313.3571    -316.8666       3.5095   522.1
1.2200        -313.5219    -317.1306       3.6087   536.9
1.2300        -313.6417    -316.7587       3.1170   463.7
1.2400        -313.7796    -317.0725       3.2929   489.9
1.2500        -313.8897    -317.0713       3.1817   473.4
1.2600        -313.9952    -316.9745       2.9793   443.3
1.2700        -314.0918    -317.0547       2.9628   440.8
1.2800        -314.1850    -317.4984       3.3134   493.0
1.2900        -314.2970    -317.3565       3.0595   455.2
1.3000        -314.4077    -317.3963       2.9886   444.6
1.3100        -314.5212    -317.5901       3.0689   456.6
1.3200        -314.6022    -317.4031       2.8010   416.7
1.3300        -314.6884    -317.2209       2.5324   376.8
1.3400        -314.7555    -317.4091       2.6535   394.8
1.3500        -314.8179    -317.4758       2.6580   395.4
1.3600        -314.9013    -317.6399       2.7387   407.4
1.3700        -314.9658    -317.5346       2.5689   382.2
1.3800        -315.0151    -317.7246       2.7096   403.1
1.3900        -315.0832    -317.6659       2.5827   384.2
1.4000        -315.1022    -317.3317       2.2295   331.7
1.4100        -315.1325    -317.4719       2.3394   348.0
1.4200        -315.1798    -317.4857       2.3059   343.1
1.4300        -315.1871    -317.5519       2.3648   351.8
1.4400        -315.2300    -317.5851       2.3551   350.4
1.4500        -315.2632    -317.6010       2.3378   347.8
1.4600        -315.2718    -317.2930       2.0212   300.7
1.4700        -315.2834    -317.4305       2.1471   319.4
1.4800        -315.3206    -317.6223       2.3017   342.4
1.4900        -315.3593    -317.7748       2.4155   359.4
1.5000        -315.4052    -317.9929       2.5878   385.0
1.5100        -315.4376    -317.8408       2.4032   357.5
1.5200        -315.4829    -317.9232       2.4404   363.1
1.5300        -315.5450    -318.2918       2.7467   408.6
1.5400        -315.6135    -318.2665       2.6530   394.7
1.5500        -315.6355    -317.9598       2.3243   345.8
1.5600        -315.6811    -318.0016       2.3205   345.2
1.5700        -315.7107    -317.8824       2.1717   323.1
1.5800        -315.7437    -318.2475       2.5038   372.5
1.5900        -315.7862    -318.3599       2.5737   382.9
1.6000        -315.8444    -318.3613       2.5169   374.5
1.6100        -315.9028    -318.4178       2.5150   374.2
1.6200        -315.9267    -318.0918       2.1651   322.1
1.6300        -315.9527    -317.9452       1.9925   296.4
1.6400        -315.9463    -318.0559       2.1096   313.9
1.6500        -315.9872    -318.5180       2.5308   376.5
1.6600        -316.0294    -318.3607       2.3312   346.8
1.6700        -316.0779    -318.5644       2.4866   369.9
1.6800        -316.1202    -318.8214       2.7012   401.9
1.6900        -316.1615    -318.2744       2.1128   314.3
1.7000        -316.1510    -318.0907       1.9397   288.6
1.7100        -316.1431    -318.2638       2.1207   315.5
1.7200        -316.1617    -318.3471       2.1854   325.1
1.7300        -316.1840    -318.3965       2.2125   329.2
1.7400        -316.1973    -318.3858       2.1885   325.6
1.7500        -316.2086    -318.2877       2.0790   309.3
1.7600        -316.2157    -318.2385       2.0227   300.9
1.7700        -316.2219    -318.2915       2.0696   307.9
1.7800        -316.2342    -318.5692       2.3350   347.4
1.7900        -316.2630    -318.4387       2.1757   323.7
1.8000        -316.2686    -318.3527       2.0840   310.1
1.8100        -316.2663    -318.3703       2.1040   313.0
1.8200        -316.2786    -318.4764       2.1977   327.0
1.8300        -316.3020    -318.6205       2.3184   344.9
1.8400        -316.3155    -318.6372       2.3217   345.4
1.8500        -316.3407    -318.3285       1.9878   295.7
1.8600        -316.3543    -318.5249       2.1706   322.9
1.8700        -316.3607    -318.4438       2.0831   309.9
1.8800        -316.3658    -318.4484       2.0826   309.8
1.8900        -316.3620    -318.5371       2.1752   323.6
1.9000        -316.3827    -318.5388       2.1561   320.8
1.9100        -316.3809    -318.4325       2.0516   305.2
1.9200        -316.3824    -318.2974       1.9151   284.9
1.9300        -316.3895    -318.3701       1.9805   294.7
1.9400        -316.3787    -318.5158       2.1371   317.9
1.9500        -316.4009    -318.5636       2.1627   321.8
1.9600        -316.4003    -318.2824       1.8822   280.0
1.9700        -316.3932    -318.3277       1.9345   287.8
1.9800        -316.4050    -318.5286       2.1236   315.9
1.9900        -316.4052    -318.3344       1.9291   287.0
2.0000        -316.4124    -318.6276       2.2151   329.6
2.0100        -316.4197    -318.4057       1.9860   295.5
2.0200        -316.4358    -318.9746       2.5388   377.7
2.0300        -316.4513    -318.5239       2.0726   308.3
2.0400        -316.4605    -318.7130       2.2525   335.1
2.0500        -316.4858    -318.5227       2.0369   303.0
2.0600        -316.5008    -318.7988       2.2980   341.9
2.0700        -316.5417    -318.8317       2.2900   340.7
2.0800        -316.5406    -318.4768       1.9362   288.1
2.0900        -316.5448    -318.4018       1.8570   276.3
2.1000        -316.5321    -318.2564       1.7244   256.5
2.1100        -316.5093    -318.5761       2.0668   307.5
2.1200        -316.5050    -318.5570       2.0520   305.3
2.1300        -316.5221    -318.7213       2.1992   327.2
2.1400        -316.5534    -319.1033       2.5499   379.4
2.1500        -316.5975    -319.1539       2.5565   380.3
2.1600        -316.6523    -319.0193       2.3671   352.2
2.1700        -316.6728    -318.9281       2.2553   335.5
2.1800        -316.6777    -318.6087       1.9310   287.3
2.1900        -316.6897    -319.0408       2.3511   349.8
2.2000        -316.7099    -318.8124       2.1026   312.8
2.2100        -316.7252    -318.8467       2.1215   315.6
2.2200        -316.7462    -318.9394       2.1932   326.3
2.2300        -316.7414    -318.7360       1.9946   296.7
2.2400        -316.7673    -319.1336       2.3663   352.0
2.2500        -316.7995    -319.1106       2.3111   343.8
2.2600        -316.8322    -319.4853       2.6530   394.7
2.2700        -316.8988    -319.4050       2.5061   372.9
2.2800        -316.9454    -319.3040       2.3585   350.9
2.2900        -316.9845    -319.4076       2.4231   360.5
2.3000        -317.0172    -319.3862       2.3690   352.5
2.3100        -317.0462    -319.3866       2.3404   348.2
2.3200        -317.0906    -319.4046       2.3140   344.3
2.3300        -317.1138    -319.4441       2.3303   346.7
2.3400        -317.1489    -319.5025       2.3536   350.2
2.3500        -317.1925    -319.7344       2.5420   378.2
2.3600        -317.2526    -319.7482       2.4955   371.3
2.3700        -317.2877    -319.6876       2.4000   357.1
2.3800        -317.3313    -319.8112       2.4799   368.9
2.3900        -317.3808    -319.9758       2.5950   386.1
2.4000        -317.4231    -319.7980       2.3749   353.3
2.4100        -317.4663    -319.8045       2.3382   347.9
2.4200        -317.4916    -319.7147       2.2231   330.7
2.4300        -317.4907    -319.4716       1.9808   294.7
2.4400        -317.5015    -319.6349       2.1334   317.4
2.4500        -317.5183    -319.6766       2.1584   321.1
2.4600        -317.5400    -319.8061       2.2661   337.1
2.4700        -317.5753    -320.0571       2.4818   369.2
2.4800        -317.6271    -320.0188       2.3917   355.8
2.4900        -317.6736    -320.0975       2.4239   360.6
2.5000        -317.7009    -319.9648       2.2640   336.8
2.5100        -317.7266    -320.0181       2.2915   340.9
2.5200        -317.7374    -319.9305       2.1932   326.3
2.5300        -317.7512    -319.6534       1.9022   283.0
2.5400        -317.7507    -319.9243       2.1736   323.4
2.5500        -317.7598    -319.9031       2.1433   318.9
2.5600        -317.7680    -320.0353       2.2673   337.3
2.5700        -317.8115    -320.3246       2.5131   373.9
2.5800        -317.8658    -320.4760       2.6103   388.3
2.5900        -317.9090    -320.0857       2.1766   323.8
2.6000        -317.9209    -319.9934       2.0725   308.3
2.6100        -317.9295    -319.9685       2.0391   303.4
2.6200        -317.9428    -320.1160       2.1733   323.3
2.6300        -317.9682    -320.2412       2.2730   338.2
2.6400        -317.9928    -320.1348       2.1419   318.7
2.6500        -317.9983    -319.9805       1.9822   294.9
2.6600        -317.9981    -320.0703       2.0722   308.3
2.6700        -318.0158    -320.1304       2.1146   314.6
2.6800        -318.0228    -320.1715       2.1487   319.7
2.6900        -318.0364    -320.0688       2.0323   302.4
2.7000        -318.0485    -320.1872       2.1387   318.2
2.7100        -318.0611    -320.1342       2.0731   308.4
2.7200        -318.0511    -319.9211       1.8700   278.2
2.7300        -318.0378    -319.8987       1.8610   276.9
2.7400        -318.0473    -320.3028       2.2554   335.6
2.7500        -318.0719    -320.2450       2.1731   323.3
2.7600        -318.0680    -319.9206       1.8526   275.6
2.7700        -318.0493    -319.8870       1.8377   273.4
2.7800        -318.0413    -320.1727       2.1313   317.1
2.7900        -318.0533    -320.2392       2.1859   325.2
2.8000        -318.0884    -320.6043       2.5160   374.3
2.8100        -318.1216    -320.3647       2.2431   333.7
2.8200        -318.1427    -320.5346       2.3920   355.9
2.8300        -318.1834    -320.5305       2.3471   349.2
2.8400        -318.1914    -320.2038       2.0123   299.4
2.8500        -318.1966    -320.2859       2.0893   310.8
2.8600        -318.2042    -320.2214       2.0172   300.1
2.8700        -318.2113    -320.2914       2.0802   309.5
2.8800        -318.2215    -320.4161       2.1946   326.5
2.8900        -318.2282    -320.3679       2.1397   318.3
2.9000        -318.2405    -320.2083       1.9677   292.8
2.9100        -318.2252    -320.1942       1.9690   292.9
2.9200        -318.2127    -320.2422       2.0295   301.9
2.9300        -318.2258    -320.2215       1.9957   296.9
2.9400        -318.2070    -320.0117       1.8047   268.5
2.9500        -318.1808    -320.0372       1.8563   276.2
2.9600        -318.1644    -320.1244       1.9599   291.6
2.9700        -318.1814    -320.4521       2.2707   337.8
2.9800        -318.1970    -320.4905       2.2935   341.2
2.9900        -318.2253    -320.4183       2.1930   326.3
3.0000        -318.2319    -320.2670       2.0351   302.8
3.0100        -318.2348    -320.3752       2.1404   318.4
3.0200        -318.2235    -319.9518       1.7282   257.1
3.0300        -318.2008    -319.9781       1.7773   264.4
3.0400        -318.1886    -320.1422       1.9536   290.6
3.0500        -318.1819    -320.1502       1.9684   292.8
3.0600        -318.1702    -320.0417       1.8715   278.4
3.0700        -318.1785    -320.2705       2.0921   311.2
3.0800        -318.1857    -320.1617       1.9760   294.0
3.0900        -318.1942    -320.3027       2.1085   313.7
3.1000        -318.2065    -320.2702       2.0637   307.0
3.1100        -318.2086    -320.1623       1.9536   290.7
3.1200        -318.2136    -320.2673       2.0536   305.5
3.1300        -318.2267    -320.4990       2.2723   338.1
3.1400        -318.2553    -320.5137       2.2584   336.0
3.1500        -318.2648    -320.2232       1.9584   291.4
3.1600        -318.2567    -320.2182       1.9616   291.8
3.1700        -318.2677    -320.4889       2.2212   330.5
3.1800        -318.2793    -320.3668       2.0876   310.6
3.1900        -318.2648    -319.9900       1.7251   256.7
3.2000        -318.2535    -320.2757       2.0222   300.9
3.2100        -318.2294    -319.7601       1.5307   227.7
3.2200        -318.2005    -320.2021       2.0015   297.8
3.2300        -318.2072    -320.3514       2.1442   319.0
3.2400        -318.2279    -320.4668       2.2388   333.1
3.2500        -318.2284    -320.1301       1.9017   282.9
3.2600        -318.2284    -320.2697       2.0413   303.7
3.2700        -318.2242    -320.1822       1.9580   291.3
3.2800        -318.2295    -320.3380       2.1085   313.7
3.2900        -318.2324    -320.1325       1.9001   282.7
3.3000        -318.2204    -320.1013       1.8809   279.8
3.3100        -318.2278    -320.3687       2.1410   318.5
3.3200        -318.2311    -320.2836       2.0525   305.4
3.3300        -318.2030    -319.8811       1.6781   249.7
3.3400        -318.1738    -319.9017       1.7279   257.1
3.3500        -318.1491    -319.9711       1.8220   271.1
3.3600        -318.1377    -320.1614       2.0237   301.1
3.3700        -318.1595    -320.4836       2.3241   345.8
3.3800        -318.1897    -320.3401       2.1503   319.9
3.3900        -318.2031    -320.3644       2.1613   321.6
3.4000        -318.2172    -320.3601       2.1428   318.8
3.4100        -318.2112    -320.0130       1.8017   268.1
3.4200        -318.1946    -320.0720       1.8774   279.3
3.4300        -318.1814    -320.0469       1.8655   277.5
3.4400        -318.1737    -320.1644       1.9907   296.2
3.4500        -318.1643    -319.9604       1.7961   267.2
3.4600        -318.1460    -320.0432       1.8971   282.2
3.4700        -318.1317    -320.0703       1.9386   288.4
3.4800        -318.1279    -320.0492       1.9213   285.8
3.4900        -318.0914    -319.8463       1.7548   261.1
3.5000        -318.0916    -320.2916       2.2000   327.3
3.5100        -318.1094    -320.2718       2.1625   321.7
3.5200        -318.1231    -320.3716       2.2485   334.5
3.5300        -318.1287    -320.1013       1.9726   293.5
3.5400        -318.1405    -320.4251       2.2846   339.9
3.5500        -318.1542    -320.2638       2.1096   313.9
3.5600        -318.1483    -319.9027       1.7543   261.0
3.5700        -318.1291    -319.9959       1.8668   277.7
3.5800        -318.1178    -320.0978       1.9800   294.6
3.5900        -318.1167    -320.0890       1.9722   293.4
3.6000        -318.1031    -320.0566       1.9535   290.6
3.6100        -318.1140    -320.2488       2.1348   317.6
3.6200        -318.1147    -320.1910       2.0763   308.9
3.6300        -318.1319    -320.3071       2.1752   323.6
3.6400        -318.1536    -320.4980       2.3443   348.8
3.6500        -318.1632    -320.2130       2.0498   305.0
3.6600        -318.1865    -320.4675       2.2810   339.4
3.6700        -318.2078    -320.3859       2.1781   324.1
3.6800        -318.2116    -320.0578       1.8461   274.7
3.6900        -318.1756    -319.9381       1.7626   262.2
3.7000        -318.1830    -320.2405       2.0575   306.1
3.7100        -318.1819    -320.2228       2.0409   303.6
3.7200        -318.1815    -320.0383       1.8568   276.3
3.7300        -318.1667    -320.2754       2.1086   313.7
3.7400        -318.1694    -320.0125       1.8431   274.2
3.7500        -318.1893    -320.8490       2.6597   395.7
3.7600        -318.2262    -320.7469       2.5206   375.0
3.7700        -318.2824    -320.6641       2.3816   354.3
3.7800        -318.2973    -320.3295       2.0323   302.4
3.7900        -318.3010    -320.4750       2.1740   323.4
3.8000        -318.3028    -320.6152       2.3125   344.0
3.8100        -318.3480    -320.5512       2.2032   327.8
3.8200        -318.3676    -320.7094       2.3418   348.4
3.8300        -318.3762    -320.4845       2.1083   313.7
3.8400        -318.3795    -320.5638       2.1843   325.0
3.8500        -318.3999    -320.5140       2.1141   314.5
3.8600        -318.4221    -320.7785       2.3565   350.6
3.8700        -318.4501    -320.5531       2.1030   312.9
3.8800        -318.4689    -320.3427       1.8738   278.8
3.8900        -318.4662    -320.5569       2.0907   311.0
3.9000        -318.4618    -320.1266       1.6649   247.7
3.9100        -318.4575    -320.6666       2.2091   328.7
3.9200        -318.4483    -320.2692       1.8209   270.9
3.9300        -318.4721    -320.6514       2.1793   324.2
3.9400        -318.4792    -320.5752       2.0960   311.8
3.9500        -318.5029    -320.7848       2.2819   339.5
3.9600        -318.5487    -320.9155       2.3668   352.1
3.9700        -318.5856    -320.7478       2.1623   321.7
3.9800        -318.5997    -320.6430       2.0433   304.0
3.9900        -318.6221    -320.9193       2.2972   341.8
4.0000        -318.6701    -321.0041       2.3339   347.2
4.0100        -318.6931    -320.9886       2.2955   341.5
4.0200        -318.6865    -320.6577       1.9712   293.3
4.0300        -318.6617    -320.7518       2.0901   311.0
4.0400        -318.6827    -320.6723       1.9896   296.0
4.0500        -318.7111    -320.8294       2.1182   315.1
4.0600        -318.7314    -320.9355       2.2041   327.9
4.0700        -318.7292    -320.9551       2.2259   331.2
4.0800        -318.7385    -320.9719       2.2334   332.3
4.0900        -318.7476    -320.9504       2.2028   327.7
4.1000        -318.7655    -320.7032       1.9378   288.3
4.1100        -318.7403    -320.6239       1.8836   280.2
4.1200        -318.7582    -320.7271       1.9689   292.9
4.1300        -318.7390    -320.7284       1.9894   296.0
4.1400        -318.7396    -320.6772       1.9377   288.3
4.1500        -318.7319    -320.6868       1.9549   290.8
4.1600        -318.6901    -320.4633       1.7732   263.8
4.1700        -318.6695    -320.3831       1.7136   254.9
4.1800        -318.6919    -320.6640       1.9721   293.4
4.1900        -318.7279    -320.8008       2.0729   308.4
4.2000        -318.7333    -320.9231       2.1898   325.8
4.2100        -318.7404    -320.8991       2.1588   321.2
4.2200        -318.7247    -320.4971       1.7724   263.7
4.2300        -318.7163    -320.6076       1.8913   281.4
4.2400        -318.7173    -320.7969       2.0795   309.4
4.2500        -318.7313    -320.6986       1.9673   292.7
4.2600        -318.7646    -321.1485       2.3839   354.7
4.2700        -318.7826    -320.9149       2.1324   317.2
4.2800        -318.7760    -320.7655       1.9895   296.0
4.2900        -318.7806    -321.0635       2.2829   339.6
4.3000        -318.8024    -321.0010       2.1986   327.1
4.3100        -318.7812    -320.6100       1.8287   272.1
4.3200        -318.7546    -320.7217       1.9672   292.7
4.3300        -318.7853    -320.9610       2.1756   323.7
4.3400        -318.8228    -320.9442       2.1214   315.6
4.3500        -318.8138    -320.9040       2.0902   311.0
4.3600        -318.7945    -320.7524       1.9579   291.3
4.3700        -318.7668    -320.6535       1.8867   280.7
4.3800        -318.7457    -320.7386       1.9929   296.5
4.3900        -318.7294    -320.4156       1.6862   250.9
4.4000        -318.7020    -320.5400       1.8381   273.5
4.4100        -318.7019    -320.5414       1.8395   273.7
4.4200        -318.7068    -320.9662       2.2594   336.1
4.4300        -318.7351    -320.8147       2.0797   309.4
4.4400        -318.7602    -321.0034       2.2432   333.7
4.4500        -318.7530    -320.7348       1.9819   294.9
4.4600        -318.7629    -320.9624       2.1995   327.2
4.4700        -318.7860    -320.7562       1.9702   293.1
4.4800        -318.7817    -320.4886       1.7069   253.9
4.4900        -318.7694    -320.5966       1.8272   271.8
4.5000        -318.7613    -320.6194       1.8581   276.4
4.5100        -318.7687    -321.0582       2.2894   340.6
4.5200        -318.8045    -320.9322       2.1277   316.6
4.5300        -318.8197    -321.0993       2.2797   339.2
4.5400        -318.8347    -321.0701       2.2354   332.6
4.5500        -318.8339    -321.0231       2.1892   325.7
4.5600        -318.8151    -320.6435       1.8285   272.0
4.5700        -318.8297    -320.7001       1.8703   278.3
4.5800        -318.8380    -320.8914       2.0534   305.5
4.5900        -318.8259    -320.8055       1.9795   294.5
4.6000        -318.8091    -320.8586       2.0496   304.9
4.6100        -318.8017    -320.5035       1.7018   253.2
4.6200        -318.7870    -320.6225       1.8355   273.1
4.6300        -318.7739    -320.8343       2.0604   306.5
4.6400        -318.7819    -320.9147       2.1328   317.3
4.6500        -318.7892    -320.8300       2.0408   303.6
4.6600        -318.7969    -320.9135       2.1165   314.9
4.6700        -318.8145    -321.0625       2.2480   334.4
4.6800        -318.8035    -320.5201       1.7166   255.4
4.6900        -318.7690    -320.7414       1.9724   293.4
4.7000        -318.7401    -320.4702       1.7301   257.4
4.7100        -318.7605    -320.8922       2.1317   317.1
4.7200        -318.7899    -321.1086       2.3187   345.0
4.7300        -318.7873    -320.7800       1.9927   296.5
4.7400        -318.7705    -321.0179       2.2474   334.4
4.7500        -318.7884    -320.8244       2.0359   302.9
4.7600        -318.7888    -320.6422       1.8534   275.7
4.7700        -318.7707    -320.6997       1.9290   287.0
4.7800        -318.7611    -320.4438       1.6828   250.4
4.7900        -318.7413    -320.5334       1.7921   266.6
4.8000        -318.7419    -320.7720       2.0301   302.0
4.8100        -318.7533    -320.8121       2.0589   306.3
4.8200        -318.7594    -320.7102       1.9508   290.2
4.8300        -318.7355    -320.7150       1.9795   294.5
4.8400        -318.7298    -320.6678       1.9379   288.3
4.8500        -318.7592    -321.0833       2.3241   345.8
4.8600        -318.8041    -321.2248       2.4206   360.1
4.8700        -318.8515    -321.4240       2.5725   382.7
4.8800        -318.8717    -321.0410       2.1693   322.7
4.8900        -318.8481    -320.6326       1.7846   265.5
4.9000        -318.8264    -320.8795       2.0531   305.4
4.9100        -318.8250    -321.0650       2.2400   333.3
4.9200        -318.8420    -320.9634       2.1214   315.6
4.9300        -318.8484    -320.9468       2.0985   312.2
4.9400        -318.8491    -320.7947       1.9456   289.5
4.9500        -318.8266    -320.7671       1.9405   288.7
4.9600        -318.8264    -320.8019       1.9755   293.9
4.9700        -318.8256    -320.6866       1.8610   276.9
4.9800        -318.8166    -321.1156       2.2990   342.0
4.9900        -318.8252    -320.7778       1.9526   290.5
5.0000        -318.8418    -321.1166       2.2748   338.4
5.0100        -318.8455    -320.9572       2.1117   314.2
5.0200        -318.8582    -320.7816       1.9234   286.2
5.0300        -318.8488    -320.8469       1.9981   297.3
5.0400        -318.8572    -320.9769       2.1197   315.4
5.0500        -318.8391    -320.7219       1.8828   280.1
5.0600        -318.8248    -320.6556       1.8307   272.4
5.0700        -318.8188    -320.7984       1.9796   294.5
5.0800        -318.8323    -320.8615       2.0292   301.9
5.0900        -318.8343    -320.9151       2.0808   309.6
5.1000        -318.8665    -321.2083       2.3418   348.4
5.1100        -318.8856    -321.0373       2.1517   320.1
5.1200        -318.8843    -321.1685       2.2842   339.8
5.1300        -318.8951    -321.0248       2.1298   316.9
5.1400        -318.9012    -321.0087       2.1075   313.5
5.1500        -318.9197    -321.0143       2.0946   311.6
5.1600        -318.9246    -320.8308       1.9062   283.6
5.1700        -318.9145    -320.6942       1.7797   264.8
5.1800        -318.9079    -320.8701       1.9621   291.9
5.1900        -318.9255    -321.0336       2.1080   313.6
5.2000        -318.9326    -320.7819       1.8493   275.1
5.2100        -318.9550    -321.1993       2.2443   333.9
5.2200        -318.9691    -320.9848       2.0157   299.9
5.2300        -318.9892    -321.2078       2.2186   330.1
5.2400        -319.0157    -321.3645       2.3489   349.5
5.2500        -319.0611    -321.4093       2.3482   349.4
5.2600        -319.0696    -321.1125       2.0429   303.9
5.2700        -319.0714    -321.1223       2.0509   305.1
5.2800        -319.0635    -321.0773       2.0137   299.6
5.2900        -319.0464    -320.9843       1.9379   288.3
5.3000        -319.0480    -320.8159       1.7680   263.0
5.3100        -319.0511    -321.1585       2.1075   313.5
5.3200        -319.0692    -321.2565       2.1873   325.4
5.3300        -319.0681    -321.0329       1.9647   292.3
5.3400        -319.0670    -321.3605       2.2935   341.2
5.3500        -319.0768    -321.1870       2.1102   313.9
5.3600        -319.0725    -320.9437       1.8712   278.4
5.3700        -319.0532    -320.9179       1.8646   277.4
5.3800        -319.0546    -320.9755       1.9209   285.8
5.3900        -319.0521    -321.0139       1.9618   291.9
5.4000        -319.0657    -321.1613       2.0956   311.8
5.4100        -319.0767    -321.0990       2.0222   300.9
5.4200        -319.0978    -321.4383       2.3404   348.2
5.4300        -319.1197    -321.3034       2.1837   324.9
5.4400        -319.1321    -321.2296       2.0975   312.1
5.4500        -319.1185    -321.0564       1.9379   288.3
5.4600        -319.0932    -321.1437       2.0505   305.1
5.4700        -319.1085    -321.2506       2.1421   318.7
5.4800        -319.1293    -321.1275       1.9981   297.3
5.4900        -319.1256    -321.1022       1.9766   294.1
5.5000        -319.1206    -321.0826       1.9620   291.9
5.5100        -319.1392    -320.9944       1.8552   276.0
5.5200        -319.1319    -321.1901       2.0582   306.2
5.5300        -319.1274    -320.9949       1.8675   277.8
5.5400        -319.1604    -321.2788       2.1184   315.2
5.5500        -319.1677    -321.2240       2.0563   305.9
5.5600        -319.1580    -321.0224       1.8644   277.4
5.5700        -319.1418    -321.0051       1.8633   277.2
5.5800        -319.1412    -321.2311       2.0899   310.9
5.5900        -319.1486    -321.0826       1.9340   287.7
5.6000        -319.1606    -321.2459       2.0853   310.2
5.6100        -319.1709    -321.1835       2.0125   299.4
5.6200        -319.1714    -321.1548       1.9833   295.1
5.6300        -319.1707    -321.3912       2.2205   330.4
5.6400        -319.1435    -321.0094       1.8659   277.6
5.6500        -319.1648    -321.3510       2.1862   325.3
5.6600        -319.1854    -321.2836       2.0982   312.2
5.6700        -319.1675    -321.1503       1.9828   295.0
5.6800        -319.1561    -321.1216       1.9656   292.4
5.6900        -319.1402    -321.1296       1.9895   296.0
5.7000        -319.1477    -321.0102       1.8624   277.1
5.7100        -319.1556    -321.1688       2.0133   299.5
5.7200        -319.1580    -320.9932       1.8353   273.0
5.7300        -319.1435    -321.2378       2.0943   311.6
5.7400        -319.1305    -320.9985       1.8680   277.9
5.7500        -319.1012    -321.1404       2.0392   303.4
5.7600        -319.1276    -321.2429       2.1154   314.7
5.7700        -319.1405    -321.0950       1.9545   290.8
5.7800        -319.1343    -321.2331       2.0988   312.2
5.7900        -319.1415    -321.2054       2.0638   307.1
5.8000        -319.1501    -321.4871       2.3370   347.7
5.8100        -319.1938    -321.4653       2.2715   337.9
5.8200        -319.2225    -321.7112       2.4887   370.3
5.8300        -319.2511    -321.4897       2.2386   333.1
5.8400        -319.2573    -321.5032       2.2459   334.1
5.8500        -319.2629    -321.3705       2.1075   313.5
5.8600        -319.2663    -321.5030       2.2367   332.8
5.8700        -319.2734    -321.2652       1.9918   296.3
5.8800        -319.2552    -321.1604       1.9052   283.5
5.8900        -319.2219    -320.8426       1.6207   241.1
5.9000        -319.1986    -321.3666       2.1680   322.6
5.9100        -319.2155    -321.1371       1.9217   285.9
5.9200        -319.1948    -321.0042       1.8093   269.2
5.9300        -319.1837    -321.1174       1.9337   287.7
5.9400        -319.1536    -320.9725       1.8189   270.6
5.9500        -319.1465    -321.2724       2.1259   316.3
5.9600        -319.1560    -321.0712       1.9152   284.9
5.9700        -319.1638    -321.2928       2.1290   316.7
5.9800        -319.1724    -321.2321       2.0596   306.4
5.9900        -319.1694    -321.2166       2.0472   304.6
6.0000        -319.1779    -321.1843       2.0063   298.5
6.0100        -319.1529    -320.9023       1.7494   260.3
6.0200        -319.1508    -321.0512       1.9004   282.7
6.0300        -319.1435    -320.8594       1.7159   255.3
6.0400        -319.1439    -321.1913       2.0474   304.6
6.0500        -319.1491    -321.2673       2.1183   315.1
6.0600        -319.1608    -321.2113       2.0505   305.1
6.0700        -319.1654    -321.2239       2.0586   306.3
6.0800        -319.1827    -321.5811       2.3984   356.8
6.0900        -319.2031    -321.2294       2.0262   301.5
6.1000        -319.1951    -321.3667       2.1716   323.1
6.1100        -319.1952    -321.2639       2.0687   307.8
6.1200        -319.2009    -321.5087       2.3078   343.3
6.1300        -319.2154    -320.9611       1.7457   259.7
6.1400        -319.2210    -321.3919       2.1710   323.0
6.1500        -319.2115    -320.8561       1.6447   244.7
6.1600        -319.1776    -321.1404       1.9628   292.0
6.1700        -319.1385    -321.0450       1.9064   283.6
6.1800        -319.1293    -320.8712       1.7419   259.2
6.1900        -319.1223    -321.2563       2.1339   317.5
6.2000        -319.1389    -321.1469       2.0080   298.7
6.2100        -319.1479    -321.0966       1.9487   289.9
6.2200        -319.1425    -321.2781       2.1356   317.7
6.2300        -319.1514    -321.0314       1.8800   279.7
6.2400        -319.1310    -321.2708       2.1397   318.3
6.2500        -319.1252    -321.2482       2.1230   315.8
6.2600        -319.1252    -320.9474       1.8221   271.1
6.2700        -319.1454    -321.2979       2.1525   320.2
6.2800        -319.1478    -321.1147       1.9669   292.6
6.2900        -319.1225    -321.2574       2.1349   317.6
6.3000        -319.1423    -321.3069       2.1646   322.0
6.3100        -319.1536    -321.2321       2.0786   309.2
6.3200        -319.1601    -321.1763       2.0162   300.0
6.3300        -319.1659    -321.1826       2.0167   300.0
6.3400        -319.1786    -321.3097       2.1311   317.1
6.3500        -319.1718    -321.0873       1.9155   285.0
6.3600        -319.1447    -321.1284       1.9837   295.1
6.3700        -319.1632    -321.2702       2.1070   313.5
6.3800        -319.1796    -321.3295       2.1499   319.9
6.3900        -319.1859    -321.4522       2.2663   337.2
6.4000        -319.2074    -321.3114       2.1040   313.0
6.4100        -319.2190    -321.2780       2.0589   306.3
6.4200        -319.2338    -321.2244       1.9906   296.2
6.4300        -319.2547    -321.5189       2.2642   336.9
6.4400        -319.2775    -321.4159       2.1384   318.1
6.4500        -319.2704    -321.2505       1.9801   294.6
6.4600        -319.2660    -321.5143       2.2483   334.5
6.4700        -319.3081    -321.6120       2.3039   342.8
6.4800        -319.3482    -321.7111       2.3629   351.5
6.4900        -319.3669    -321.6836       2.3167   344.7
6.5000        -319.3746    -321.3464       1.9718   293.4
6.5100        -319.3705    -321.4980       2.1275   316.5
6.5200        -319.3686    -321.1393       1.7707   263.4
6.5300        -319.3457    -321.2132       1.8675   277.8
6.5400        -319.3379    -321.2601       1.9222   286.0
6.5500        -319.3350    -321.2440       1.9090   284.0
6.5600        -319.3120    -320.9431       1.6310   242.7
6.5700        -319.2936    -320.9808       1.6872   251.0
6.5800        -319.2653    -321.3108       2.0455   304.3
6.5900        -319.2894    -321.4135       2.1242   316.0
6.6000        -319.2779    -321.3742       2.0964   311.9
6.6100        -319.2772    -321.2039       1.9267   286.6
6.6200        -319.2880    -321.3791       2.0911   311.1
6.6300        -319.3026    -321.5333       2.2306   331.9
6.6400        -319.3087    -321.3590       2.0503   305.0
6.6500        -319.2928    -321.1710       1.8781   279.4
6.6600        -319.2526    -321.0287       1.7760   264.2
6.6700        -319.2569    -321.2727       2.0157   299.9
6.6800        -319.2764    -321.5130       2.2366   332.7
6.6900        -319.2949    -321.5418       2.2469   334.3
6.7000        -319.3005    -321.5066       2.2061   328.2
6.7100        -319.2942    -321.4897       2.1955   326.6
6.7200        -319.3002    -321.3376       2.0374   303.1
6.7300        -319.3052    -321.2651       1.9599   291.6
6.7400        -319.3044    -321.2670       1.9626   292.0
6.7500        -319.3112    -321.2858       1.9747   293.8
6.7600        -319.3176    -321.4081       2.0905   311.0
6.7700        -319.3202    -321.3143       1.9941   296.7
6.7800        -319.3094    -321.1707       1.8614   276.9
6.7900        -319.2826    -321.1560       1.8734   278.7
6.8000        -319.2685    -321.2580       1.9895   296.0
6.8100        -319.2794    -321.1698       1.8904   281.2
6.8200        -319.2464    -321.0173       1.7709   263.5
6.8300        -319.2085    -321.0879       1.8793   279.6
6.8400        -319.1968    -321.1327       1.9359   288.0
6.8500        -319.1890    -320.9147       1.7257   256.7
6.8600        -319.1665    -320.7858       1.6193   240.9
6.8700        -319.1464    -321.2818       2.1354   317.7
6.8800        -319.1489    -321.2551       2.1062   313.4
6.8900        -319.1448    -321.2241       2.0793   309.3
6.9000        -319.1399    -321.0771       1.9371   288.2
6.9100        -319.1412    -321.3970       2.2558   335.6
6.9200        -319.1531    -321.3942       2.2411   333.4
6.9300        -319.1866    -321.3786       2.1920   326.1
6.9400        -319.2200    -321.3053       2.0853   310.2
6.9500        -319.2295    -321.2195       1.9901   296.1
6.9600        -319.2396    -321.4666       2.2271   331.3
6.9700        -319.2570    -321.3943       2.1373   318.0
6.9800        -319.2729    -321.3633       2.0903   311.0
6.9900        -319.2765    -321.3729       2.0964   311.9
7.0000        -319.2722    -321.2962       2.0240   301.1
7.0100        -319.2623    -321.2190       1.9566   291.1
7.0200        -319.2541    -321.2098       1.9558   291.0
7.0300        -319.2402    -321.1403       1.9001   282.7
7.0400        -319.2011    -320.8280       1.6269   242.0
7.0500        -319.1805    -321.1904       2.0099   299.0
7.0600        -319.1831    -321.3151       2.1319   317.2
7.0700        -319.1805    -321.2020       2.0215   300.8
7.0800        -319.1819    -321.2538       2.0720   308.3
7.0900        -319.1920    -321.4303       2.2383   333.0
7.1000        -319.2257    -321.4343       2.2086   328.6
7.1100        -319.2304    -321.2383       2.0080   298.7
7.1200        -319.2316    -321.3457       2.1141   314.5
7.1300        -319.2445    -321.2757       2.0311   302.2
7.1400        -319.2643    -321.6573       2.3931   356.0
7.1500        -319.2970    -321.3003       2.0033   298.0
7.1600        -319.2968    -321.4334       2.1366   317.9
7.1700        -319.3189    -321.5843       2.2654   337.0
7.1800        -319.3444    -321.7028       2.3585   350.9
7.1900        -319.3765    -321.8117       2.4352   362.3
7.2000        -319.4124    -321.6201       2.2077   328.4
7.2100        -319.4155    -321.2900       1.8744   278.9
7.2200        -319.4038    -321.4980       2.0942   311.6
7.2300        -319.4045    -321.5268       2.1223   315.7
7.2400        -319.4142    -321.5452       2.1310   317.0
7.2500        -319.4294    -321.6329       2.2034   327.8
7.2600        -319.4347    -321.4754       2.0407   303.6
7.2700        -319.4460    -321.6422       2.1962   326.7
7.2800        -319.4637    -321.5360       2.0724   308.3
7.2900        -319.4711    -321.4189       1.9479   289.8
7.3000        -319.4484    -321.2050       1.7566   261.3
7.3100        -319.4273    -321.3666       1.9393   288.5
7.3200        -319.4173    -321.4011       1.9838   295.1
7.3300        -319.4081    -321.3134       1.9052   283.5
7.3400        -319.4058    -321.3171       1.9114   284.4
7.3500        -319.4008    -321.3958       1.9950   296.8
7.3600        -319.4037    -321.3415       1.9377   288.3
7.3700        -319.3920    -321.4786       2.0866   310.4
7.3800        -319.3902    -321.3867       1.9964   297.0
7.3900        -319.3643    -321.1239       1.7596   261.8
7.4000        -319.3585    -321.5305       2.1721   323.2
7.4100        -319.3699    -321.3782       2.0083   298.8
7.4200        -319.3857    -321.6463       2.2606   336.3
7.4300        -319.4017    -321.4102       2.0085   298.8
7.4400        -319.3945    -321.2953       1.9008   282.8
7.4500        -319.3937    -321.5184       2.1246   316.1
7.4600        -319.4013    -321.4360       2.0347   302.7
7.4700        -319.4058    -321.1857       1.7799   264.8
7.4800        -319.3918    -321.3786       1.9868   295.6
7.4900        -319.3907    -321.5445       2.1538   320.4
7.5000        -319.3897    -321.2983       1.9086   284.0
7.5100        -319.3740    -321.2140       1.8400   273.7
7.5200        -319.3698    -321.4739       2.1041   313.0
7.5300        -319.3598    -321.1418       1.7820   265.1
7.5400        -319.3591    -321.3918       2.0327   302.4
7.5500        -319.3503    -321.2650       1.9147   284.9
7.5600        -319.3410    -321.2953       1.9543   290.8
7.5700        -319.3311    -321.3451       2.0140   299.6
7.5800        -319.3381    -321.2685       1.9304   287.2
7.5900        -319.3337    -321.4671       2.1333   317.4
7.6000        -319.3375    -321.3396       2.0020   297.9
7.6100        -319.3327    -321.5810       2.2483   334.5
7.6200        -319.3313    -321.1059       1.7746   264.0
7.6300        -319.3262    -321.3372       2.0110   299.2
7.6400        -319.3308    -321.5477       2.2169   329.8
7.6500        -319.3408    -321.3494       2.0086   298.8
7.6600        -319.3493    -321.5077       2.1584   321.1
7.6700        -319.3431    -321.3437       2.0006   297.6
7.6800        -319.3420    -321.2875       1.9456   289.5
7.6900        -319.3550    -321.2778       1.9228   286.1
7.7000        -319.3233    -321.0227       1.6994   252.8
7.7100        -319.3117    -321.2949       1.9832   295.1
7.7200        -319.2908    -321.2610       1.9702   293.1
7.7300        -319.2863    -321.2309       1.9445   289.3
7.7400        -319.2777    -321.3754       2.0977   312.1
7.7500        -319.2970    -321.5306       2.2336   332.3
7.7600        -319.2917    -321.1994       1.9077   283.8
7.7700        -319.2786    -320.9445       1.6658   247.8
7.7800        -319.2739    -321.2301       1.9562   291.0
7.7900        -319.2562    -321.2143       1.9581   291.3
7.8000        -319.2564    -321.2686       2.0121   299.4
7.8100        -319.2501    -321.2042       1.9541   290.7
7.8200        -319.2778    -321.5546       2.2768   338.7
7.8300        -319.2881    -321.2656       1.9775   294.2
7.8400        -319.2850    -321.3696       2.0846   310.1
7.8500        -319.2987    -321.3153       2.0166   300.0
7.8600        -319.2963    -321.3955       2.0992   312.3
7.8700        -319.3159    -321.4524       2.1365   317.9
7.8800        -319.3264    -321.3737       2.0473   304.6
7.8900        -319.3365    -321.6457       2.3092   343.6
7.9000        -319.3485    -321.3313       1.9828   295.0
7.9100        -319.3455    -321.3408       1.9953   296.9
7.9200        -319.3591    -321.5566       2.1975   326.9
7.9300        -319.3647    -321.5290       2.1642   322.0
7.9400        -319.3771    -321.4685       2.0915   311.2
7.9500        -319.3780    -321.4641       2.0862   310.4
7.9600        -319.3705    -321.0871       1.7166   255.4
7.9700        -319.3646    -321.2257       1.8611   276.9
7.9800        -319.3297    -321.1425       1.8127   269.7
7.9900        -319.3222    -321.1752       1.8530   275.7
8.0000        -319.3012    -321.3008       1.9995   297.5
8.0100        -319.3032    -321.5640       2.2608   336.4
8.0200        -319.3304    -321.4507       2.1203   315.4
8.0300        -319.3122    -321.1178       1.8056   268.6
8.0400        -319.3011    -321.1362       1.8351   273.0
8.0500        -319.3022    -321.5132       2.2110   328.9
8.0600        -319.3215    -321.3673       2.0458   304.4
8.0700        -319.3236    -321.4250       2.1014   312.6
8.0800        -319.3449    -321.6238       2.2789   339.0
8.0900        -319.3594    -321.4177       2.0583   306.2
8.1000        -319.3449    -321.1279       1.7830   265.3
8.1100        -319.3233    -321.1583       1.8349   273.0
8.1200        -319.3273    -321.5372       2.2100   328.8
8.1300        -319.3382    -321.4551       2.1169   314.9
8.1400        -319.3295    -321.3524       2.0228   301.0
8.1500        -319.3531    -321.7415       2.3884   355.3
8.1600        -319.3850    -321.5824       2.1973   326.9
8.1700        -319.3829    -321.4432       2.0603   306.5
8.1800        -319.4038    -321.6022       2.1984   327.1
8.1900        -319.4266    -321.8457       2.4191   359.9
8.2000        -319.4512    -321.6291       2.1779   324.0
8.2100        -319.4454    -321.4532       2.0078   298.7
8.2200        -319.4622    -321.7153       2.2531   335.2
8.2300        -319.4709    -321.3940       1.9231   286.1
8.2400        -319.4683    -321.6937       2.2254   331.1
8.2500        -319.4890    -321.6349       2.1460   319.3
8.2600        -319.5117    -321.6405       2.1288   316.7
8.2700        -319.5096    -321.5670       2.0575   306.1
8.2800        -319.4917    -321.3204       1.8288   272.1
8.2900        -319.4622    -320.9895       1.5273   227.2
8.3000        -319.4303    -321.4230       1.9927   296.5
8.3100        -319.4474    -321.6136       2.1662   322.3
8.3200        -319.4381    -321.3949       1.9568   291.1
8.3300        -319.4373    -321.3359       1.8987   282.5
8.3400        -319.4184    -321.5204       2.1020   312.7
8.3500        -319.4170    -321.3535       1.9365   288.1
8.3600        -319.4240    -321.3399       1.9159   285.0
8.3700        -319.4174    -321.5181       2.1007   312.5
8.3800        -319.4305    -321.6546       2.2241   330.9
8.3900        -319.4645    -321.8310       2.3665   352.1
8.4000        -319.4720    -321.6737       2.2017   327.6
8.4100        -319.5034    -321.8399       2.3365   347.6
8.4200        -319.5184    -321.7676       2.2492   334.6
8.4300        -319.5454    -321.4425       1.8971   282.2
8.4400        -319.5536    -321.8356       2.2821   339.5
8.4500        -319.5879    -321.8153       2.2274   331.4
8.4600        -319.6065    -321.5397       1.9331   287.6
8.4700        -319.6064    -321.6349       2.0284   301.8
8.4800        -319.5959    -321.6200       2.0241   301.1
8.4900        -319.6099    -321.8170       2.2072   328.4
8.5000        -319.6253    -321.7732       2.1479   319.6
8.5100        -319.6319    -321.6985       2.0666   307.5
8.5200        -319.6307    -321.4846       1.8539   275.8
8.5300        -319.6141    -321.4394       1.8253   271.6
8.5400        -319.5927    -321.2839       1.6913   251.6
8.5500        -319.5630    -321.2762       1.7132   254.9
8.5600        -319.5220    -321.3295       1.8075   268.9
8.5700        -319.5196    -321.4742       1.9546   290.8
8.5800        -319.5051    -321.3405       1.8354   273.1
8.5900        -319.4919    -321.1931       1.7012   253.1
8.6000        -319.4606    -321.5498       2.0892   310.8
8.6100        -319.4498    -321.2099       1.7601   261.9
8.6200        -319.4338    -321.5241       2.0903   311.0
8.6300        -319.4242    -321.3362       1.9120   284.5
8.6400        -319.4325    -321.7728       2.3402   348.2
8.6500        -319.4558    -321.4256       1.9698   293.1
8.6600        -319.4493    -321.4319       1.9826   295.0
8.6700        -319.4469    -321.3361       1.8892   281.1
8.6800        -319.4328    -321.3730       1.9402   288.6
8.6900        -319.4444    -321.6653       2.2209   330.4
8.7000        -319.4691    -321.7753       2.3062   343.1
8.7100        -319.4873    -321.6571       2.1698   322.8
8.7200        -319.5075    -321.7686       2.2611   336.4
8.7300        -319.5191    -321.5500       2.0308   302.1
8.7400        -319.5119    -321.6662       2.1544   320.5
8.7500        -319.5358    -321.8617       2.3260   346.0
8.7600        -319.5504    -321.7641       2.2137   329.3
8.7700        -319.5772    -321.6958       2.1186   315.2
8.7800        -319.5661    -321.5182       1.9521   290.4
8.7900        -319.5557    -321.5428       1.9872   295.6
8.8000        -319.5574    -321.6014       2.0441   304.1
8.8100        -319.5557    -321.4227       1.8670   277.8
8.8200        -319.5380    -321.6630       2.1250   316.2
8.8300        -319.5445    -321.4508       1.9063   283.6
8.8400        -319.5451    -321.6855       2.1404   318.4
8.8500        -319.5459    -321.3364       1.7905   266.4
8.8600        -319.5464    -321.5127       1.9663   292.5
8.8700        -319.5466    -321.5338       1.9872   295.6
8.8800        -319.5570    -321.6434       2.0864   310.4
8.8900        -319.5431    -321.4384       1.8954   282.0
8.9000        -319.5351    -321.5441       2.0090   298.9
8.9100        -319.5475    -321.6562       2.1087   313.7
8.9200        -319.5598    -321.6907       2.1309   317.0
8.9300        -319.5536    -321.4746       1.9209   285.8
8.9400        -319.5479    -321.5726       2.0247   301.2
8.9500        -319.5525    -321.5696       2.0171   300.1
8.9600        -319.5385    -321.5029       1.9645   292.3
8.9700        -319.5527    -321.7927       2.2399   333.3
8.9800        -319.5683    -321.6383       2.0700   308.0
8.9900        -319.5789    -321.7126       2.1338   317.5
9.0000        -319.5757    -321.5817       2.0061   298.5
9.0100        -319.5629    -321.4250       1.8621   277.0
9.0200        -319.5739    -321.8375       2.2636   336.8
9.0300        -319.5937    -321.7082       2.1145   314.6
9.0400        -319.5988    -321.6325       2.0337   302.6
9.0500        -319.5859    -321.3971       1.8112   269.5
9.0600        -319.5824    -321.5184       1.9360   288.0
9.0700        -319.5669    -321.3167       1.7498   260.3
9.0800        -319.5567    -321.5609       2.0043   298.2
9.0900        -319.5617    -321.7107       2.1490   319.7
9.1000        -319.5742    -321.5937       2.0195   300.5
9.1100        -319.5772    -321.5687       1.9915   296.3
9.1200        -319.5633    -321.4335       1.8703   278.2
9.1300        -319.5634    -321.5958       2.0323   302.4
9.1400        -319.5575    -321.5745       2.0170   300.1
9.1500        -319.5569    -321.5912       2.0344   302.7
9.1600        -319.5843    -321.7931       2.2088   328.6
9.1700        -319.5877    -321.5378       1.9501   290.1
9.1800        -319.5792    -321.5834       2.0042   298.2
9.1900        -319.5767    -321.4398       1.8631   277.2
9.2000        -319.5784    -321.5221       1.9437   289.2
9.2100        -319.5623    -321.6222       2.0599   306.5
9.2200        -319.5633    -321.6876       2.1243   316.1
9.2300        -319.5696    -321.6459       2.0762   308.9
9.2400        -319.5852    -321.6632       2.0780   309.2
9.2500        -319.5994    -321.7838       2.1844   325.0
9.2600        -319.6234    -321.7765       2.1532   320.3
9.2700        -319.6156    -321.3615       1.7459   259.7
9.2800        -319.6065    -321.5674       1.9609   291.7
9.2900        -319.5793    -321.4743       1.8950   281.9
9.3000        -319.5827    -321.5196       1.9369   288.2
9.3100        -319.5718    -321.5687       1.9969   297.1
9.3200        -319.5694    -321.3959       1.8265   271.7
9.3300        -319.5671    -321.6932       2.1261   316.3
9.3400        -319.5543    -321.3605       1.8061   268.7
9.3500        -319.5401    -321.3310       1.7908   266.4
9.3600        -319.5164    -321.4476       1.9312   287.3
9.3700        -319.5135    -321.4797       1.9661   292.5
9.3800        -319.5212    -321.8181       2.2969   341.7
9.3900        -319.5279    -321.4816       1.9536   290.7
9.4000        -319.5312    -321.4442       1.9130   284.6
9.4100        -319.4958    -321.1655       1.6697   248.4
9.4200        -319.4770    -321.4301       1.9531   290.6
9.4300        -319.4721    -321.3922       1.9202   285.7
9.4400        -319.4672    -321.4438       1.9766   294.1
9.4500        -319.4557    -321.2956       1.8399   273.7
9.4600        -319.4421    -321.3456       1.9035   283.2
9.4700        -319.4365    -321.2136       1.7770   264.4
9.4800        -319.4195    -321.4330       2.0135   299.6
9.4900        -319.4136    -321.2416       1.8280   272.0
9.5000        -319.4111    -321.3676       1.9564   291.1
9.5100        -319.4122    -321.5502       2.1380   318.1
9.5200        -319.4149    -321.1335       1.7186   255.7
9.5300        -319.4017    -321.4518       2.0501   305.0
9.5400        -319.3767    -320.9916       1.6148   240.2
9.5500        -319.3737    -321.5999       2.2261   331.2
9.5600        -319.3639    -321.1809       1.8170   270.3
9.5700        -319.3388    -321.2161       1.8773   279.3
9.5800        -319.3282    -321.3282       2.0000   297.6
9.5900        -319.3283    -321.4582       2.1299   316.9
9.6000        -319.3355    -321.1744       1.8389   273.6
9.6100        -319.3469    -321.7547       2.4078   358.2
9.6200        -319.3529    -321.2943       1.9414   288.8
9.6300        -319.3537    -321.4121       2.0584   306.2
9.6400        -319.3767    -321.7802       2.4035   357.6
9.6500        -319.4047    -321.3896       1.9849   295.3
9.6600        -319.4272    -321.5526       2.1254   316.2
9.6700        -319.4412    -321.6300       2.1888   325.6
9.6800        -319.4692    -321.8246       2.3555   350.4
9.6900        -319.4852    -321.5553       2.0702   308.0
9.7000        -319.4963    -321.7439       2.2477   334.4
9.7100        -319.5183    -321.5851       2.0667   307.5
9.7200        -319.5483    -321.9579       2.4096   358.5
9.7300        -319.5814    -321.7738       2.1924   326.2
9.7400        -319.5701    -321.6307       2.0606   306.6
9.7500        -319.5910    -321.8240       2.2330   332.2
9.7600        -319.6077    -321.7855       2.1778   324.0
9.7700        -319.6025    -321.4494       1.8469   274.8
9.7800        -319.6094    -321.5818       1.9724   293.4
9.7900        -319.5747    -321.4530       1.8783   279.4
9.8000        -319.5750    -321.4251       1.8501   275.3
9.8100        -319.5709    -321.4667       1.8957   282.0
9.8200        -319.5423    -321.3933       1.8510   275.4
9.8300        -319.5245    -321.3909       1.8664   277.7
9.8400        -319.5085    -321.3589       1.8504   275.3
9.8500        -319.4971    -321.4456       1.9485   289.9
9.8600        -319.5093    -321.5556       2.0463   304.4
9.8700        -319.5008    -321.5115       2.0107   299.1
9.8800        -319.5045    -321.5714       2.0670   307.5
9.8900        -319.5023    -321.5074       2.0052   298.3
9.9000        -319.4899    -321.2523       1.7625   262.2
9.9100        -319.4964    -321.6168       2.1204   315.5
9.9200        -319.5055    -321.6150       2.1094   313.8
9.9300        -319.4989    -321.2953       1.7964   267.3
9.9400        -319.4922    -321.4370       1.9448   289.3
9.9500        -319.4814    -321.4583       1.9768   294.1
9.9600        -319.4529    -321.3692       1.9163   285.1
9.9700        -319.4497    -321.4777       2.0280   301.7
9.9800        -319.4652    -321.7541       2.2889   340.5
9.9900        -319.4736    -321.2696       1.7960   267.2
10.0000       -319.4669    -321.6132       2.1463   319.3
