Time[ps]      Etot[eV]     Epot[eV]     Ekin[eV]    T[K]
0.0000        -316.0385    -316.0385       0.0000     0.0
0.0100        -317.0610    -337.2033      20.1423  2686.7
0.0200        -318.7369    -335.6613      16.9245  2257.5
0.0300        -320.2718    -337.3026      17.0308  2271.7
0.0400        -321.6693    -337.7243      16.0550  2141.5
0.0500        -323.0203    -339.1236      16.1033  2147.9
0.0600        -324.2804    -338.9733      14.6930  1959.8
0.0700        -325.3112    -338.8087      13.4975  1800.4
0.0800        -326.3889    -339.6973      13.3084  1775.2
0.0900        -327.5033    -340.3074      12.8041  1707.9
0.1000        -328.5731    -341.7900      13.2169  1762.9
0.1100        -329.7045    -342.2197      12.5152  1669.3
0.1200        -330.6850    -342.5694      11.8844  1585.2
0.1300        -331.7056    -343.6891      11.9835  1598.4
0.1400        -332.6521    -342.9547      10.3026  1374.2
0.1500        -333.4595    -343.5078      10.0483  1340.3
0.1600        -334.2237    -343.6045       9.3808  1251.3
0.1700        -334.9135    -343.9369       9.0233  1203.6
0.1800        -335.5159    -343.6271       8.1112  1081.9
0.1900        -336.0550    -343.7792       7.7242  1030.3
0.2000        -336.5230    -343.9453       7.4222   990.0
0.2100        -336.9983    -344.7148       7.7166  1029.3
0.2200        -337.4483    -343.9493       6.5010   867.1
0.2300        -337.9330    -345.9621       8.0291  1071.0
0.2400        -338.4816    -346.0163       7.5347  1005.0
0.2500        -339.0285    -346.1180       7.0895   945.6
0.2600        -339.4713    -345.2139       5.7426   766.0
0.2700        -339.8275    -344.8312       5.0037   667.4
0.2800        -340.1708    -345.3716       5.2008   693.7
0.2900        -340.4949    -345.9263       5.4313   724.5
0.3000        -340.7389    -345.9908       5.2519   700.5
0.3100        -341.1047    -346.5931       5.4884   732.1
0.3200        -341.4953    -347.4299       5.9346   791.6
0.3300        -341.8074    -346.9917       5.1843   691.5
0.3400        -342.0580    -347.3979       5.3399   712.3
0.3500        -342.4268    -347.9739       5.5471   739.9
0.3600        -342.7657    -347.8328       5.0671   675.9
0.3700        -343.0409    -347.8689       4.8280   644.0
0.3800        -343.2515    -347.7433       4.4918   599.1
0.3900        -343.4896    -348.2686       4.7790   637.4
0.4000        -343.7108    -348.0555       4.3448   579.5
0.4100        -343.9554    -348.5594       4.6040   614.1
0.4200        -344.2301    -349.1406       4.9105   655.0
0.4300        -344.5038    -349.2247       4.7209   629.7
0.4400        -344.7484    -349.6032       4.8548   647.6
0.4500        -344.9774    -350.1807       5.2033   694.0
0.4600        -345.2810    -350.4922       5.2112   695.1
0.4700        -345.5308    -350.0088       4.4780   597.3
0.4800        -345.6859    -349.3957       3.7097   494.8
0.4900        -345.8673    -349.7619       3.8946   519.5
0.5000        -346.0095    -349.8304       3.8210   509.7
0.5100        -346.1616    -350.0448       3.8833   518.0
0.5200        -346.2894    -349.8531       3.5637   475.3
0.5300        -346.4770    -350.6195       4.1425   552.5
0.5400        -346.5759    -350.7481       4.1722   556.5
0.5500        -346.8402    -351.6812       4.8411   645.7
0.5600        -347.0515    -351.5236       4.4721   596.5
0.5700        -347.2320    -351.4166       4.1846   558.2
0.5800        -347.4001    -351.2561       3.8560   514.3
0.5900        -347.5259    -351.4116       3.8857   518.3
0.6000        -347.6712    -351.4622       3.7910   505.7
0.6100        -347.8839    -352.4872       4.6033   614.0
0.6200        -348.1023    -352.1644       4.0621   541.8
0.6300        -348.2779    -352.0801       3.8021   507.2
0.6400        -348.4241    -352.2739       3.8498   513.5
0.6500        -348.5620    -352.6955       4.1335   551.3
0.6600        -348.7017    -353.2902       4.5885   612.0
0.6700        -348.9713    -353.1817       4.2105   561.6
0.6800        -349.2231    -353.5767       4.3536   580.7
0.6900        -349.3429    -353.5450       4.2022   560.5
0.7000        -349.4994    -353.6389       4.1395   552.2
0.7100        -349.6520    -353.3080       3.6560   487.7
0.7200        -349.8492    -354.0605       4.2113   561.7
0.7300        -350.0334    -353.8986       3.8652   515.6
0.7400        -350.2116    -354.8112       4.5996   613.5
0.7500        -350.4425    -354.9488       4.5063   601.1
0.7600        -350.6476    -354.7387       4.0911   545.7
0.7700        -350.8391    -354.6552       3.8162   509.0
0.7800        -350.9532    -354.3660       3.4129   455.2
0.7900        -351.1120    -354.7728       3.6608   488.3
0.8000        -351.2480    -355.4960       4.2480   566.6
0.8100        -351.3741    -355.0281       3.6540   487.4
0.8200        -351.5065    -355.4805       3.9740   530.1
0.8300        -351.6929    -355.6158       3.9229   523.3
0.8400        -351.8184    -355.3067       3.4882   465.3
0.8500        -351.8867    -355.1173       3.2306   430.9
0.8600        -351.9840    -355.1694       3.1854   424.9
0.8700        -352.0779    -355.2342       3.1563   421.0
0.8800        -352.1945    -355.4044       3.2099   428.2
0.8900        -352.2893    -355.5329       3.2436   432.6
0.9000        -352.4042    -355.6056       3.2014   427.0
0.9100        -352.4750    -355.5868       3.1118   415.1
0.9200        -352.5770    -355.9248       3.3478   446.5
0.9300        -352.6693    -355.6300       2.9608   394.9
0.9400        -352.7710    -356.0431       3.2722   436.5
0.9500        -352.8340    -355.6122       2.7782   370.6
0.9600        -352.9050    -355.8298       2.9248   390.1
0.9700        -353.0039    -356.2305       3.2266   430.4
0.9800        -353.0680    -355.8159       2.7478   366.5
0.9900        -353.0981    -356.1658       3.0677   409.2
1.0000        -353.1788    -356.3539       3.1751   423.5
1.0100        -353.2841    -356.0528       2.7688   369.3
1.0200        -353.3215    -356.0192       2.6977   359.8
1.0300        -353.3928    -356.2389       2.8461   379.6
1.0400        -353.4350    -356.0357       2.6007   346.9
1.0500        -353.4845    -356.3574       2.8728   383.2
1.0600        -353.5433    -356.1269       2.5836   344.6
1.0700        -353.5551    -355.9690       2.4139   322.0
1.0800        -353.6072    -356.4550       2.8479   379.9
1.0900        -353.6283    -355.9496       2.3214   309.6
1.1000        -353.6273    -356.2275       2.6002   346.8
1.1100        -353.6794    -356.4618       2.7823   371.1
1.1200        -353.6985    -356.0484       2.3499   313.4
1.1300        -353.7196    -356.5598       2.8402   378.8
1.1400        -353.7767    -356.6669       2.8903   385.5
1.1500        -353.8242    -356.8758       3.0516   407.0
1.1600        -353.9208    -357.1077       3.1869   425.1
1.1700        -354.0234    -357.0973       3.0739   410.0
1.1800        -354.0671    -356.6792       2.6121   348.4
1.1900        -354.0835    -356.8279       2.7443   366.1
1.2000        -354.1119    -356.7365       2.6246   350.1
1.2100        -354.1135    -356.8018       2.6884   358.6
1.2200        -354.0605    -356.6165       2.5560   340.9
1.2300        -354.0726    -356.3967       2.3241   310.0
1.2400        -354.1136    -356.4576       2.3440   312.7
1.2500        -354.1038    -356.7477       2.6438   352.6
1.2600        -354.1356    -356.6907       2.5550   340.8
1.2700        -354.1542    -356.6098       2.4556   327.5
1.2800        -354.1980    -356.8042       2.6062   347.6
1.2900        -354.1798    -356.4772       2.2973   306.4
1.3000        -354.1895    -356.7949       2.6053   347.5
1.3100        -354.2188    -356.8355       2.6167   349.0
1.3200        -354.2533    -356.8133       2.5600   341.5
1.3300        -354.2713    -356.8668       2.5954   346.2
1.3400        -354.2696    -356.4610       2.1914   292.3
1.3500        -354.2340    -356.7323       2.4983   333.2
1.3600        -354.2627    -357.1008       2.8381   378.6
1.3700        -354.3233    -357.1875       2.8642   382.0
1.3800        -354.3842    -357.4535       3.0692   409.4
1.3900        -354.4352    -356.9588       2.5236   336.6
1.4000        -354.4584    -356.9170       2.4586   327.9
1.4100        -354.4930    -357.3741       2.8811   384.3
1.4200        -354.5199    -357.1378       2.6179   349.2
1.4300        -354.5824    -357.5828       3.0004   400.2
1.4400        -354.6546    -357.3799       2.7253   363.5
1.4500        -354.7236    -357.8067       3.0831   411.2
1.4600        -354.8231    -357.9839       3.1608   421.6
1.4700        -354.8838    -357.7032       2.8194   376.1
1.4800        -354.9177    -357.5783       2.6606   354.9
1.4900        -354.9867    -357.8331       2.8463   379.7
1.5000        -355.0374    -357.9572       2.9198   389.5
1.5100        -355.1100    -358.1732       3.0632   408.6
1.5200        -355.1593    -358.0195       2.8602   381.5
1.5300        -355.1598    -357.8250       2.6652   355.5
1.5400        -355.2087    -357.8265       2.6179   349.2
1.5500        -355.2962    -357.7584       2.4622   328.4
1.5600        -355.3303    -357.7451       2.4148   322.1
1.5700        -355.3256    -357.7380       2.4125   321.8
1.5800        -355.3303    -357.7572       2.4269   323.7
1.5900        -355.3375    -357.5839       2.2464   299.6
1.6000        -355.3564    -358.0745       2.7180   362.5
1.6100        -355.3562    -357.7071       2.3509   313.6
1.6200        -355.3502    -357.8308       2.4806   330.9
1.6300        -355.3436    -357.7867       2.4431   325.9
1.6400        -355.3845    -358.0042       2.6197   349.4
1.6500        -355.4161    -358.2355       2.8194   376.1
1.6600        -355.4933    -358.1194       2.6261   350.3
1.6700        -355.4678    -358.1686       2.7007   360.2
1.6800        -355.5012    -358.2208       2.7196   362.8
1.6900        -355.5527    -358.2152       2.6625   355.1
1.7000        -355.5704    -358.2476       2.6772   357.1
1.7100        -355.6096    -358.5685       2.9590   394.7
1.7200        -355.7067    -358.6747       2.9680   395.9
1.7300        -355.7352    -358.3728       2.6376   351.8
1.7400        -355.7403    -358.4122       2.6720   356.4
1.7500        -355.8168    -358.4910       2.6742   356.7
1.7600        -355.8991    -358.6276       2.7285   363.9
1.7700        -355.9195    -358.1909       2.2714   303.0
1.7800        -355.9118    -358.1466       2.2348   298.1
1.7900        -355.8882    -358.3152       2.4270   323.7
1.8000        -355.9026    -358.2532       2.3505   313.5
1.8100        -355.9215    -358.6351       2.7136   362.0
1.8200        -355.9816    -358.5518       2.5702   342.8
1.8300        -356.0041    -358.6492       2.6452   352.8
1.8400        -356.0357    -358.7068       2.6710   356.3
1.8500        -356.0902    -358.8339       2.7437   366.0
1.8600        -356.1239    -358.7868       2.6630   355.2
1.8700        -356.1797    -359.2289       3.0492   406.7
1.8800        -356.2625    -359.2462       2.9837   398.0
1.8900        -356.3371    -359.4470       3.1098   414.8
1.9000        -356.4141    -359.1720       2.7579   367.9
1.9100        -356.4822    -359.3068       2.8245   376.8
1.9200        -356.5329    -359.1957       2.6629   355.2
1.9300        -356.5793    -359.0774       2.4981   333.2
1.9400        -356.6069    -359.1259       2.5190   336.0
1.9500        -356.6020    -358.6987       2.0968   279.7
1.9600        -356.5923    -358.9077       2.3154   308.8
1.9700        -356.5736    -359.0710       2.4974   333.1
1.9800        -356.5877    -359.0099       2.4222   323.1
1.9900        -356.6074    -359.0526       2.4452   326.2
2.0000        -356.6547    -359.3601       2.7054   360.9
2.0100        -356.7011    -359.1412       2.4401   325.5
2.0200        -356.7276    -359.1164       2.3888   318.6
2.0300        -356.7542    -359.2831       2.5289   337.3
2.0400        -356.7749    -359.1102       2.3353   311.5
2.0500        -356.7769    -359.0655       2.2886   305.3
2.0600        -356.7688    -359.0003       2.2315   297.7
2.0700        -356.7712    -359.1415       2.3703   316.2
2.0800        -356.7811    -359.1492       2.3681   315.9
2.0900        -356.7990    -359.2626       2.4636   328.6
2.1000        -356.8271    -359.1800       2.3529   313.8
2.1100        -356.8338    -359.2816       2.4477   326.5
2.1200        -356.8446    -359.1739       2.3293   310.7
2.1300        -356.8565    -359.1687       2.3122   308.4
2.1400        -356.8446    -359.0602       2.2156   295.5
2.1500        -356.8487    -359.3766       2.5279   337.2
2.1600        -356.8582    -359.1234       2.2652   302.1
2.1700        -356.8432    -358.8815       2.0383   271.9
2.1800        -356.8275    -359.0447       2.2173   295.7
2.1900        -356.7936    -358.8874       2.0938   279.3
2.2000        -356.7897    -358.8105       2.0208   269.5
2.2100        -356.7575    -359.2709       2.5134   335.3
2.2200        -356.7816    -359.3754       2.5938   346.0
2.2300        -356.7289    -359.0035       2.2746   303.4
2.2400        -356.7701    -359.1635       2.3934   319.2
2.2500        -356.8052    -359.2110       2.4058   320.9
2.2600        -356.8242    -359.2790       2.4548   327.4
2.2700        -356.8231    -359.4528       2.6297   350.8
2.2800        -356.8351    -359.3755       2.5404   338.8
2.2900        -356.8843    -359.0870       2.2027   293.8
2.3000        -356.8723    -359.1877       2.3154   308.8
2.3100        -356.8731    -359.2769       2.4038   320.6
2.3200        -356.8616    -359.3298       2.4682   329.2
2.3300        -356.9080    -359.6057       2.6977   359.8
2.3400        -356.9652    -359.4480       2.4828   331.2
2.3500        -356.9600    -359.4762       2.5162   335.6
2.3600        -356.9847    -359.4392       2.4544   327.4
2.3700        -356.9881    -359.2854       2.2973   306.4
2.3800        -356.9820    -359.3550       2.3730   316.5
2.3900        -357.0037    -359.2902       2.2865   305.0
2.4000        -356.9529    -359.3081       2.3552   314.1
2.4100        -357.0110    -359.5490       2.5380   338.5
2.4200        -357.0268    -359.3189       2.2921   305.7
2.4300        -357.0264    -359.1410       2.1145   282.0
2.4400        -357.0009    -359.1165       2.1156   282.2
2.4500        -356.9371    -358.9871       2.0500   273.4
2.4600        -356.8909    -358.9669       2.0760   276.9
2.4700        -356.8887    -359.1038       2.2151   295.5
2.4800        -356.8736    -359.2200       2.3463   313.0
2.4900        -356.9126    -359.5320       2.6194   349.4
2.5000        -356.9207    -359.2164       2.2958   306.2
2.5100        -356.9300    -359.1913       2.2613   301.6
2.5200        -356.9440    -359.3471       2.4030   320.5
2.5300        -356.9554    -359.4688       2.5134   335.3
2.5400        -356.9650    -359.4910       2.5260   336.9
2.5500        -356.9986    -359.5351       2.5365   338.3
2.5600        -357.0170    -359.2300       2.2130   295.2
2.5700        -357.0334    -359.5550       2.5216   336.3
2.5800        -357.0603    -359.5148       2.4545   327.4
2.5900        -357.0499    -359.3022       2.2523   300.4
2.6000        -357.0586    -359.5679       2.5093   334.7
2.6100        -357.0894    -359.6637       2.5743   343.4
2.6200        -357.1319    -359.8203       2.6884   358.6
2.6300        -357.1913    -359.7740       2.5827   344.5
2.6400        -357.2180    -359.6379       2.4200   322.8
2.6500        -357.2169    -359.5330       2.3162   308.9
2.6600        -357.2207    -359.6726       2.4519   327.1
2.6700        -357.2342    -359.7375       2.5032   333.9
2.6800        -357.2811    -359.8841       2.6030   347.2
2.6900        -357.3139    -359.7672       2.4533   327.2
2.7000        -357.3172    -359.7278       2.4106   321.5
2.7100        -357.3285    -359.8604       2.5319   337.7
2.7200        -357.3668    -359.9565       2.5897   345.4
2.7300        -357.4002    -359.7007       2.3005   306.8
2.7400        -357.4096    -359.8781       2.4685   329.3
2.7500        -357.4386    -360.2828       2.8443   379.4
2.7600        -357.4893    -360.2589       2.7696   369.4
2.7700        -357.5463    -360.0258       2.4796   330.7
2.7800        -357.5647    -359.8868       2.3221   309.7
2.7900        -357.5727    -359.9375       2.3648   315.4
2.8000        -357.5862    -360.3403       2.7541   367.4
2.8100        -357.5907    -360.2618       2.6711   356.3
2.8200        -357.6104    -360.4189       2.8085   374.6
2.8300        -357.6803    -360.3972       2.7168   362.4
2.8400        -357.7274    -360.3660       2.6386   352.0
2.8500        -357.8000    -360.6655       2.8655   382.2
2.8600        -357.8744    -360.8330       2.9587   394.6
2.8700        -357.9243    -360.4871       2.5628   341.8
2.8800        -357.9515    -360.4016       2.4501   326.8
2.8900        -357.9714    -360.4875       2.5162   335.6
2.9000        -358.0107    -360.8368       2.8261   377.0
2.9100        -358.0535    -360.7469       2.6934   359.3
2.9200        -358.0639    -360.5204       2.4565   327.7
2.9300        -358.0617    -360.4670       2.4054   320.8
2.9400        -358.0743    -360.3884       2.3141   308.7
2.9500        -358.0865    -360.4227       2.3362   311.6
2.9600        -358.0843    -360.6316       2.5473   339.8
2.9700        -358.0924    -360.5444       2.4520   327.1
2.9800        -358.1279    -360.6657       2.5379   338.5
2.9900        -358.1580    -360.6693       2.5113   335.0
3.0000        -358.1762    -360.7003       2.5241   336.7
3.0100        -358.2044    -360.8015       2.5971   346.4
3.0200        -358.2147    -360.4576       2.2429   299.2
3.0300        -358.1958    -360.1914       1.9956   266.2
3.0400        -358.1881    -360.3278       2.1397   285.4
3.0500        -358.1980    -360.4152       2.2172   295.7
3.0600        -358.2226    -360.7562       2.5336   337.9
3.0700        -358.2442    -360.6526       2.4083   321.2
3.0800        -358.2586    -360.8035       2.5449   339.5
3.0900        -358.2651    -360.6974       2.4323   324.4
3.1000        -358.2792    -360.7086       2.4294   324.0
3.1100        -358.3163    -360.7812       2.4649   328.8
3.1200        -358.3318    -360.5945       2.2627   301.8
3.1300        -358.3387    -360.7743       2.4357   324.9
3.1400        -358.3441    -360.3915       2.0474   273.1
3.1500        -358.3132    -360.3000       1.9869   265.0
3.1600        -358.3114    -360.6013       2.2898   305.4
3.1700        -358.3337    -360.9231       2.5895   345.4
3.1800        -358.3448    -360.8555       2.5107   334.9
3.1900        -358.3544    -360.8165       2.4621   328.4
3.2000        -358.3629    -360.4674       2.1045   280.7
3.2100        -358.3425    -360.4038       2.0612   274.9
3.2200        -358.3425    -360.7639       2.4213   323.0
3.2300        -358.3733    -360.7572       2.3838   318.0
3.2400        -358.3910    -360.7134       2.3225   309.8
3.2500        -358.3989    -360.7209       2.3220   309.7
3.2600        -358.3735    -360.3380       1.9646   262.0
3.2700        -358.3443    -360.3033       1.9589   261.3
3.2800        -358.3280    -360.2262       1.8981   253.2
3.2900        -358.2811    -360.2580       1.9769   263.7
3.3000        -358.2124    -360.5095       2.2971   306.4
3.3100        -358.2264    -360.4623       2.2359   298.2
3.3200        -358.2276    -360.6259       2.3983   319.9
3.3300        -358.2485    -360.7417       2.4932   332.6
3.3400        -358.2798    -360.7628       2.4830   331.2
3.3500        -358.3198    -360.9412       2.6214   349.7
3.3600        -358.3371    -360.8625       2.5254   336.9
3.3700        -358.3627    -360.7740       2.4113   321.6
3.3800        -358.3886    -360.9070       2.5183   335.9
3.3900        -358.3925    -360.8251       2.4326   324.5
3.4000        -358.4086    -360.8372       2.4287   323.9
3.4100        -358.4363    -360.7399       2.3036   307.3
3.4200        -358.4235    -360.6568       2.2333   297.9
3.4300        -358.4541    -361.0180       2.5639   342.0
3.4400        -358.4416    -361.0204       2.5789   344.0
3.4500        -358.4865    -361.1225       2.6360   351.6
3.4600        -358.5107    -360.9069       2.3962   319.6
3.4700        -358.5079    -361.2571       2.7492   366.7
3.4800        -358.5261    -361.0991       2.5730   343.2
3.4900        -358.5447    -360.9713       2.4266   323.7
3.5000        -358.5741    -361.1776       2.6035   347.3
3.5100        -358.6072    -361.1422       2.5350   338.1
3.5200        -358.6015    -360.9856       2.3842   318.0
3.5300        -358.5697    -360.9352       2.3655   315.5
3.5400        -358.5880    -360.6095       2.0216   269.6
3.5500        -358.5505    -360.6838       2.1333   284.6
3.5600        -358.5828    -361.1502       2.5674   342.5
3.5700        -358.5849    -360.7549       2.1700   289.4
3.5800        -358.5581    -360.9814       2.4233   323.2
3.5900        -358.5626    -360.7661       2.2034   293.9
3.6000        -358.5741    -360.9004       2.3263   310.3
3.6100        -358.5898    -361.0180       2.4282   323.9
3.6200        -358.6011    -360.8326       2.2315   297.7
3.6300        -358.6602    -361.2367       2.5764   343.7
3.6400        -358.6876    -361.0717       2.3841   318.0
3.6500        -358.7072    -360.9681       2.2609   301.6
3.6600        -358.7053    -360.9109       2.2056   294.2
3.6700        -358.7050    -361.1254       2.4204   322.8
3.6800        -358.7283    -360.9583       2.2300   297.4
3.6900        -358.7142    -360.9582       2.2440   299.3
3.7000        -358.7138    -360.9636       2.2498   300.1
3.7100        -358.6969    -361.0110       2.3141   308.7
3.7200        -358.6953    -360.9734       2.2781   303.9
3.7300        -358.7251    -361.4010       2.6759   356.9
3.7400        -358.7441    -361.0998       2.3557   314.2
3.7500        -358.6996    -361.2092       2.5095   334.7
3.7600        -358.6810    -360.7828       2.1018   280.4
3.7700        -358.6658    -361.0292       2.3634   315.2
3.7800        -358.6947    -361.1650       2.4703   329.5
3.7900        -358.7144    -360.9370       2.2226   296.5
3.8000        -358.7116    -361.0166       2.3049   307.4
3.8100        -358.7197    -361.3341       2.6144   348.7
3.8200        -358.7017    -360.9917       2.2900   305.5
3.8300        -358.7062    -361.0346       2.3284   310.6
3.8400        -358.7018    -361.3014       2.5995   346.7
3.8500        -358.7531    -361.3356       2.5825   344.5
3.8600        -358.8012    -361.4598       2.6586   354.6
3.8700        -358.7724    -361.3645       2.5921   345.8
3.8800        -358.7822    -360.9780       2.1958   292.9
3.8900        -358.7813    -361.0937       2.3123   308.4
3.9000        -358.7798    -361.1024       2.3227   309.8
3.9100        -358.7635    -361.0594       2.2959   306.2
3.9200        -358.7838    -361.1133       2.3295   310.7
3.9300        -358.8034    -361.3342       2.5309   337.6
3.9400        -358.8393    -361.5387       2.6994   360.1
3.9500        -358.8851    -361.5710       2.6859   358.3
3.9600        -358.9211    -361.3391       2.4179   322.5
3.9700        -358.9251    -361.0661       2.1410   285.6
3.9800        -358.9277    -361.3921       2.4644   328.7
3.9900        -358.9528    -361.2515       2.2988   306.6
4.0000        -358.9370    -361.2199       2.2829   304.5
4.0100        -358.9502    -361.2572       2.3070   307.7
4.0200        -358.9263    -361.5480       2.6217   349.7
4.0300        -358.9669    -361.5722       2.6053   347.5
4.0400        -358.9575    -361.1924       2.2349   298.1
4.0500        -358.9536    -361.1314       2.1778   290.5
4.0600        -358.9335    -360.8239       1.8905   252.2
4.0700        -358.9194    -361.3231       2.4037   320.6
4.0800        -358.9282    -361.3784       2.4501   326.8
4.0900        -358.9825    -361.5942       2.6117   348.4
4.1000        -358.9965    -361.4591       2.4625   328.5
4.1100        -359.0197    -361.8254       2.8057   374.2
4.1200        -359.0452    -361.5430       2.4977   333.2
4.1300        -359.0812    -361.6230       2.5418   339.0
4.1400        -359.0780    -361.2468       2.1688   289.3
4.1500        -359.0738    -361.3523       2.2785   303.9
4.1600        -359.0603    -361.3591       2.2988   306.6
4.1700        -359.0660    -361.3800       2.3140   308.7
4.1800        -359.0870    -361.3826       2.2957   306.2
4.1900        -359.0918    -361.6472       2.5554   340.9
4.2000        -359.0982    -361.2950       2.1968   293.0
4.2100        -359.0838    -360.8543       1.7705   236.2
4.2200        -359.0876    -361.0441       1.9565   261.0
4.2300        -359.0983    -361.0323       1.9340   258.0
4.2400        -359.0970    -361.2672       2.1702   289.5
4.2500        -359.0607    -361.2912       2.2305   297.5
4.2600        -359.0588    -361.3678       2.3091   308.0
4.2700        -359.0271    -361.4590       2.4320   324.4
4.2800        -359.0552    -361.3342       2.2790   304.0
4.2900        -359.0619    -361.5058       2.4439   326.0
4.3000        -359.0733    -361.4493       2.3760   316.9
4.3100        -359.0864    -361.4742       2.3878   318.5
4.3200        -359.0743    -361.4300       2.3557   314.2
4.3300        -359.1050    -361.7649       2.6598   354.8
4.3400        -359.1173    -361.3087       2.1914   292.3
4.3500        -359.1227    -361.4349       2.3122   308.4
4.3600        -359.1274    -361.4419       2.3145   308.7
4.3700        -359.1525    -361.6243       2.4718   329.7
4.3800        -359.1718    -361.4514       2.2796   304.1
4.3900        -359.1755    -361.5872       2.4118   321.7
4.4000        -359.1531    -361.4306       2.2775   303.8
4.4100        -359.1713    -361.6174       2.4461   326.3
4.4200        -359.1829    -361.3534       2.1704   289.5
4.4300        -359.1786    -361.7349       2.5562   341.0
4.4400        -359.2390    -361.6555       2.4165   322.3
4.4500        -359.2148    -361.5592       2.3444   312.7
4.4600        -359.2190    -361.6095       2.3906   318.9
4.4700        -359.2017    -361.6188       2.4171   322.4
4.4800        -359.2447    -361.8799       2.6353   351.5
4.4900        -359.2634    -361.3863       2.1229   283.2
4.5000        -359.2527    -361.2719       2.0191   269.3
4.5100        -359.2676    -361.6567       2.3891   318.7
4.5200        -359.2906    -361.5793       2.2887   305.3
4.5300        -359.2834    -361.6455       2.3621   315.1
4.5400        -359.3174    -361.4304       2.1130   281.8
4.5500        -359.3406    -361.6511       2.3105   308.2
4.5600        -359.2979    -361.5156       2.2176   295.8
4.5700        -359.2181    -361.3109       2.0929   279.2
4.5800        -359.2823    -361.4885       2.2062   294.3
4.5900        -359.2781    -361.4774       2.1993   293.4
4.6000        -359.2918    -361.6815       2.3897   318.8
4.6100        -359.3375    -361.4729       2.1354   284.8
4.6200        -359.3606    -361.5378       2.1772   290.4
4.6300        -359.3569    -361.3638       2.0069   267.7
4.6400        -359.3181    -361.1515       1.8334   244.5
4.6500        -359.2871    -361.4987       2.2116   295.0
4.6600        -359.3076    -361.8567       2.5491   340.0
4.6700        -359.3158    -361.9674       2.6516   353.7
4.6800        -359.3432    -361.8904       2.5472   339.8
4.6900        -359.3422    -361.6175       2.2753   303.5
4.7000        -359.3438    -361.5740       2.2303   297.5
4.7100        -359.3307    -361.3997       2.0690   276.0
4.7200        -359.3272    -361.7072       2.3800   317.5
4.7300        -359.3714    -361.7372       2.3659   315.6
4.7400        -359.3770    -361.5780       2.2010   293.6
4.7500        -359.3940    -361.8998       2.5058   334.2
4.7600        -359.4062    -361.7578       2.3516   313.7
4.7700        -359.4059    -361.7459       2.3400   312.1
4.7800        -359.4168    -361.7675       2.3508   313.6
4.7900        -359.4600    -361.9142       2.4542   327.4
4.8000        -359.5040    -361.9491       2.4451   326.1
4.8100        -359.5156    -361.9966       2.4810   330.9
4.8200        -359.5397    -361.9709       2.4312   324.3
4.8300        -359.5569    -362.0948       2.5379   338.5
4.8400        -359.5770    -362.0924       2.5154   335.5
4.8500        -359.5956    -361.9648       2.3692   316.0
4.8600        -359.5821    -361.8736       2.2916   305.7
4.8700        -359.5940    -361.7675       2.1735   289.9
4.8800        -359.5534    -361.7060       2.1526   287.1
4.8900        -359.5587    -362.1059       2.5472   339.8
4.9000        -359.5405    -362.1851       2.6445   352.7
4.9100        -359.5862    -361.9839       2.3977   319.8
4.9200        -359.5556    -361.7044       2.1488   286.6
4.9300        -359.5244    -361.5036       1.9793   264.0
4.9400        -359.5451    -361.7017       2.1567   287.7
4.9500        -359.5479    -361.6716       2.1237   283.3
4.9600        -359.5824    -362.0931       2.5107   334.9
4.9700        -359.6046    -362.0782       2.4736   329.9
4.9800        -359.5855    -361.9041       2.3186   309.3
4.9900        -359.5535    -361.7812       2.2278   297.2
5.0000        -359.5493    -361.6593       2.1100   281.4
5.0100        -359.5416    -361.8557       2.3141   308.7
5.0200        -359.5539    -361.8660       2.3121   308.4
5.0300        -359.5582    -361.7660       2.2079   294.5
5.0400        -359.5422    -361.5655       2.0233   269.9
5.0500        -359.5425    -361.7523       2.2098   294.8
5.0600        -359.5258    -361.6440       2.1181   282.5
5.0700        -359.5326    -361.8532       2.3206   309.5
5.0800        -359.5508    -361.8857       2.3350   311.4
5.0900        -359.5432    -361.8147       2.2715   303.0
5.1000        -359.5284    -361.7556       2.2272   297.1
5.1100        -359.5130    -361.8674       2.3544   314.0
5.1200        -359.4905    -361.6938       2.2032   293.9
5.1300        -359.5125    -362.1493       2.6368   351.7
5.1400        -359.5585    -361.8867       2.3282   310.5
5.1500        -359.5729    -361.9381       2.3652   315.5
5.1600        -359.5595    -361.8663       2.3068   307.7
5.1700        -359.6075    -362.0909       2.4834   331.2
5.1800        -359.6181    -361.9919       2.3738   316.6
5.1900        -359.6518    -362.4902       2.8383   378.6
5.2000        -359.6790    -361.9121       2.2331   297.9
5.2100        -359.6771    -361.7851       2.1080   281.2
5.2200        -359.6707    -361.9471       2.2764   303.6
5.2300        -359.6831    -362.0068       2.3237   309.9
5.2400        -359.6649    -361.7141       2.0491   273.3
5.2500        -359.6323    -361.5265       1.8942   252.7
5.2600        -359.6008    -361.8963       2.2955   306.2
5.2700        -359.6068    -361.7119       2.1051   280.8
5.2800        -359.6345    -362.1281       2.4936   332.6
5.2900        -359.6794    -362.3398       2.6604   354.9
5.3000        -359.7189    -362.3987       2.6799   357.5
5.3100        -359.7315    -362.1017       2.3702   316.1
5.3200        -359.7408    -362.4142       2.6733   356.6
5.3300        -359.7782    -362.3956       2.6173   349.1
5.3400        -359.7741    -362.3907       2.6166   349.0
5.3500        -359.7972    -362.3137       2.5165   335.7
5.3600        -359.7921    -361.7361       1.9440   259.3
5.3700        -359.7723    -361.9747       2.2025   293.8
5.3800        -359.7981    -362.2198       2.4217   323.0
5.3900        -359.8241    -362.1584       2.3343   311.4
5.4000        -359.8345    -362.2450       2.4105   321.5
5.4100        -359.8620    -362.3211       2.4590   328.0
5.4200        -359.8696    -362.0138       2.1442   286.0
5.4300        -359.8938    -362.1750       2.2812   304.3
5.4400        -359.8935    -362.1794       2.2859   304.9
5.4500        -359.8893    -362.0984       2.2092   294.7
5.4600        -359.8946    -362.0582       2.1636   288.6
5.4700        -359.9054    -362.1277       2.2223   296.4
5.4800        -359.8995    -362.3835       2.4840   331.3
5.4900        -359.9348    -362.3228       2.3880   318.5
5.5000        -359.9364    -362.2818       2.3454   312.8
5.5100        -359.9405    -362.1736       2.2331   297.9
5.5200        -359.9410    -362.2829       2.3419   312.4
5.5300        -359.9492    -362.4186       2.4695   329.4
5.5400        -359.9880    -362.4771       2.4890   332.0
5.5500        -360.0193    -362.2915       2.2723   303.1
5.5600        -359.9516    -361.9864       2.0348   271.4
5.5700        -359.9225    -362.2664       2.3439   312.6
5.5800        -359.9473    -362.2043       2.2570   301.1
5.5900        -359.9417    -362.4013       2.4596   328.1
5.6000        -359.9837    -362.5239       2.5402   338.8
5.6100        -360.0038    -362.0588       2.0549   274.1
5.6200        -359.9813    -362.2288       2.2474   299.8
5.6300        -359.9885    -362.3467       2.3582   314.5
5.6400        -359.9919    -362.2094       2.2175   295.8
5.6500        -359.9722    -362.1515       2.1793   290.7
5.6600        -359.9726    -362.2983       2.3258   310.2
5.6700        -359.9911    -362.4636       2.4725   329.8
5.6800        -359.9503    -361.9731       2.0228   269.8
5.6900        -359.9238    -362.2462       2.3224   309.8
5.7000        -359.9175    -362.2683       2.3509   313.6
5.7100        -359.9343    -362.3851       2.4508   326.9
5.7200        -359.9606    -362.5267       2.5661   342.3
5.7300        -359.9842    -362.4295       2.4452   326.2
5.7400        -359.9768    -362.1418       2.1650   288.8
5.7500        -359.9492    -362.0351       2.0859   278.2
5.7600        -359.9414    -362.0878       2.1465   286.3
5.7700        -359.9435    -362.1194       2.1759   290.2
5.7800        -359.9370    -361.9709       2.0340   271.3
5.7900        -359.8894    -361.9584       2.0689   276.0
5.8000        -359.8915    -362.2823       2.3907   318.9
5.8100        -359.8862    -362.4307       2.5445   339.4
5.8200        -359.9222    -362.3655       2.4433   325.9
5.8300        -359.9425    -362.0653       2.1228   283.2
5.8400        -359.9154    -362.0229       2.1075   281.1
5.8500        -359.8959    -362.1428       2.2469   299.7
5.8600        -359.9369    -362.5321       2.5952   346.2
5.8700        -359.9253    -362.1985       2.2732   303.2
5.8800        -359.9230    -362.1497       2.2268   297.0
5.8900        -359.9221    -362.4283       2.5062   334.3
5.9000        -359.9695    -362.3812       2.4117   321.7
5.9100        -359.9944    -362.3573       2.3629   315.2
5.9200        -359.9737    -362.2328       2.2591   301.3
5.9300        -359.9825    -362.2813       2.2988   306.6
5.9400        -360.0180    -362.4416       2.4236   323.3
5.9500        -360.0313    -362.5276       2.4963   333.0
5.9600        -360.1082    -362.7156       2.6074   347.8
5.9700        -360.1140    -362.7186       2.6046   347.4
5.9800        -360.1347    -362.3794       2.2446   299.4
5.9900        -360.1483    -362.5013       2.3531   313.9
6.0000        -360.1428    -362.1406       1.9978   266.5
6.0100        -360.1059    -362.1889       2.0830   277.8
6.0200        -360.0749    -362.2213       2.1465   286.3
6.0300        -360.0344    -362.2640       2.2296   297.4
6.0400        -359.9946    -361.9362       1.9417   259.0
6.0500        -359.9611    -362.0884       2.1273   283.7
6.0600        -359.9344    -362.3071       2.3727   316.5
6.0700        -359.9334    -362.0442       2.1109   281.6
6.0800        -359.9133    -362.1190       2.2057   294.2
6.0900        -359.9057    -362.3053       2.3996   320.1
6.1000        -359.9221    -362.7787       2.8567   381.0
6.1100        -359.9043    -362.4654       2.5611   341.6
6.1200        -359.9699    -362.1358       2.1660   288.9
6.1300        -359.9766    -362.3059       2.3293   310.7
6.1400        -359.9402    -362.1622       2.2220   296.4
6.1500        -359.9628    -362.4402       2.4774   330.5
6.1600        -359.9641    -362.0771       2.1129   281.8
6.1700        -359.9876    -362.2908       2.3032   307.2
6.1800        -360.0144    -362.0811       2.0667   275.7
6.1900        -360.0333    -362.1910       2.1577   287.8
6.2000        -360.0160    -362.5679       2.5519   340.4
6.2100        -360.0416    -362.5452       2.5035   333.9
6.2200        -360.0565    -362.2997       2.2431   299.2
6.2300        -360.0333    -362.0653       2.0320   271.0
6.2400        -360.0379    -362.3208       2.2829   304.5
6.2500        -360.0264    -362.2851       2.2588   301.3
6.2600        -360.0268    -362.4188       2.3919   319.0
6.2700        -360.0442    -362.3697       2.3254   310.2
6.2800        -360.0751    -362.3534       2.2784   303.9
6.2900        -360.0862    -362.3958       2.3095   308.1
6.3000        -360.0516    -362.3976       2.3460   312.9
6.3100        -360.0839    -362.6698       2.5859   344.9
6.3200        -360.0681    -362.6067       2.5386   338.6
6.3300        -360.0395    -362.3529       2.3134   308.6
6.3400        -360.0925    -362.2930       2.2005   293.5
6.3500        -360.0636    -361.9193       1.8557   247.5
6.3600        -360.0332    -362.1559       2.1227   283.1
6.3700        -360.0254    -362.0725       2.0471   273.1
6.3800        -360.0116    -362.3670       2.3554   314.2
6.3900        -360.0356    -362.3668       2.3312   310.9
6.4000        -360.0368    -362.5331       2.4963   333.0
6.4100        -360.0542    -362.5584       2.5042   334.0
6.4200        -360.0993    -362.8493       2.7500   366.8
6.4300        -360.1661    -362.7312       2.5651   342.1
6.4400        -360.1947    -362.5400       2.3453   312.8
6.4500        -360.2132    -362.5086       2.2954   306.2
6.4600        -360.2273    -362.7523       2.5250   336.8
6.4700        -360.2813    -362.9137       2.6324   351.1
6.4800        -360.2959    -362.5892       2.2933   305.9
6.4900        -360.2884    -362.4899       2.2014   293.6
6.5000        -360.2832    -362.4967       2.2135   295.2
6.5100        -360.2942    -362.7559       2.4618   328.4
6.5200        -360.3148    -362.8418       2.5270   337.1
6.5300        -360.3287    -362.7300       2.4013   320.3
6.5400        -360.3186    -362.4885       2.1699   289.4
6.5500        -360.2995    -362.5483       2.2487   299.9
6.5600        -360.3053    -362.5984       2.2931   305.9
6.5700        -360.3009    -362.3781       2.0772   277.1
6.5800        -360.2871    -362.4290       2.1419   285.7
6.5900        -360.2982    -362.6923       2.3941   319.3
6.6000        -360.3126    -362.8774       2.5648   342.1
6.6100        -360.3087    -362.3692       2.0605   274.8
6.6200        -360.2727    -362.1254       1.8527   247.1
6.6300        -360.2423    -362.1920       1.9497   260.1
6.6400        -360.2266    -362.4222       2.1956   292.9
6.6500        -360.2283    -362.4686       2.2402   298.8
6.6600        -360.2220    -362.3614       2.1394   285.4
6.6700        -360.2176    -362.1999       1.9823   264.4
6.6800        -360.1574    -362.1266       1.9692   262.7
6.6900        -360.1563    -362.4568       2.3005   306.9
6.7000        -360.1630    -362.5602       2.3972   319.7
6.7100        -360.1528    -362.5521       2.3992   320.0
6.7200        -360.2185    -362.5694       2.3509   313.6
6.7300        -360.2106    -362.5900       2.3793   317.4
6.7400        -360.2266    -362.4773       2.2507   300.2
6.7500        -360.1833    -362.3267       2.1434   285.9
6.7600        -360.1448    -362.2632       2.1183   282.6
6.7700        -360.1382    -362.3058       2.1676   289.1
6.7800        -360.1620    -362.4785       2.3166   309.0
6.7900        -360.1522    -362.3267       2.1745   290.0
6.8000        -360.1570    -362.6246       2.4676   329.1
6.8100        -360.1748    -362.5413       2.3665   315.7
6.8200        -360.1598    -362.3587       2.1989   293.3
6.8300        -360.1908    -362.7114       2.5206   336.2
6.8400        -360.2133    -362.4950       2.2817   304.3
6.8500        -360.2474    -362.6544       2.4069   321.1
6.8600        -360.2566    -362.5738       2.3172   309.1
6.8700        -360.2486    -362.3730       2.1244   283.4
6.8800        -360.2182    -362.2768       2.0586   274.6
6.8900        -360.2014    -362.5540       2.3527   313.8
6.9000        -360.1988    -362.2850       2.0862   278.3
6.9100        -360.2046    -362.6460       2.4414   325.7
6.9200        -360.2080    -362.3175       2.1095   281.4
6.9300        -360.1880    -362.0445       1.8565   247.6
6.9400        -360.1641    -362.1765       2.0124   268.4
6.9500        -360.1128    -362.4256       2.3128   308.5
6.9600        -360.1112    -362.6736       2.5624   341.8
6.9700        -360.0992    -362.5896       2.4903   332.2
6.9800        -360.0808    -362.0156       1.9348   258.1
6.9900        -360.1215    -362.4991       2.3776   317.1
7.0000        -360.1164    -362.1660       2.0497   273.4
7.0100        -360.1215    -362.1716       2.0501   273.5
7.0200        -360.0885    -362.2679       2.1794   290.7
7.0300        -360.1157    -362.6579       2.5422   339.1
7.0400        -360.1533    -362.5363       2.3830   317.9
7.0500        -360.1570    -362.4755       2.3185   309.3
7.0600        -360.1360    -362.4121       2.2761   303.6
7.0700        -360.1316    -362.5833       2.4518   327.0
7.0800        -360.1201    -362.5454       2.4253   323.5
7.0900        -360.1379    -362.3208       2.1829   291.2
7.1000        -360.1332    -362.2807       2.1475   286.4
7.1100        -360.1208    -362.3850       2.2642   302.0
7.1200        -360.1587    -362.6002       2.4415   325.7
7.1300        -360.2041    -362.5107       2.3067   307.7
7.1400        -360.1937    -362.2878       2.0940   279.3
7.1500        -360.2041    -362.5262       2.3221   309.7
7.1600        -360.1796    -362.3196       2.1400   285.4
7.1700        -360.1888    -362.4129       2.2241   296.7
7.1800        -360.2012    -362.3455       2.1443   286.0
7.1900        -360.1869    -362.2200       2.0331   271.2
7.2000        -360.1560    -362.1563       2.0003   266.8
7.2100        -360.1410    -362.3029       2.1619   288.4
7.2200        -360.1450    -362.5207       2.3757   316.9
7.2300        -360.1547    -362.4713       2.3165   309.0
7.2400        -360.1727    -362.6141       2.4415   325.7
7.2500        -360.1735    -362.3485       2.1750   290.1
7.2600        -360.1713    -362.0995       1.9282   257.2
7.2700        -360.1669    -362.3948       2.2279   297.2
7.2800        -360.1242    -362.1300       2.0058   267.5
7.2900        -360.1148    -362.3142       2.1994   293.4
7.3000        -360.1093    -362.4562       2.3469   313.0
7.3100        -360.1313    -362.5832       2.4519   327.0
7.3200        -360.1494    -362.6344       2.4849   331.5
7.3300        -360.2032    -363.0270       2.8238   376.7
7.3400        -360.2507    -362.8620       2.6113   348.3
7.3500        -360.2668    -362.5147       2.2479   299.8
7.3600        -360.2525    -362.5809       2.3283   310.6
7.3700        -360.2619    -362.8809       2.6190   349.3
7.3800        -360.2992    -362.8146       2.5154   335.5
7.3900        -360.2832    -362.3300       2.0467   273.0
7.4000        -360.2703    -362.6497       2.3794   317.4
7.4100        -360.3191    -362.4960       2.1770   290.4
7.4200        -360.3298    -362.3636       2.0338   271.3
7.4300        -360.3052    -362.5948       2.2896   305.4
7.4400        -360.3271    -362.7787       2.4516   327.0
7.4500        -360.3419    -362.6366       2.2947   306.1
7.4600        -360.3464    -362.4050       2.0586   274.6
7.4700        -360.3189    -362.5032       2.1843   291.4
7.4800        -360.3268    -362.4047       2.0779   277.2
7.4900        -360.2510    -362.5057       2.2547   300.7
7.5000        -360.2927    -362.6294       2.3367   311.7
7.5100        -360.2654    -362.4485       2.1831   291.2
7.5200        -360.2729    -362.6086       2.3357   311.5
7.5300        -360.1854    -362.4930       2.3076   307.8
7.5400        -360.2143    -362.6270       2.4128   321.8
7.5500        -360.2378    -362.6472       2.4094   321.4
7.5600        -360.2596    -362.7721       2.5125   335.1
7.5700        -360.2436    -362.2453       2.0017   267.0
7.5800        -360.1799    -362.5299       2.3500   313.5
7.5900        -360.1845    -362.4453       2.2608   301.6
7.6000        -360.1453    -362.2004       2.0551   274.1
7.6100        -360.1625    -362.4866       2.3241   310.0
7.6200        -360.1757    -362.6438       2.4681   329.2
7.6300        -360.1998    -362.6550       2.4552   327.5
7.6400        -360.2092    -362.4471       2.2378   298.5
7.6500        -360.1853    -362.2630       2.0777   277.1
7.6600        -360.1688    -362.6977       2.5289   337.3
7.6700        -360.1924    -362.5048       2.3124   308.4
7.6800        -360.2113    -362.3862       2.1749   290.1
7.6900        -360.2042    -362.5810       2.3768   317.0
7.7000        -360.1960    -362.4526       2.2566   301.0
7.7100        -360.1570    -362.3252       2.1682   289.2
7.7200        -360.1238    -362.2250       2.1012   280.3
7.7300        -360.1320    -362.4250       2.2930   305.9
7.7400        -360.1531    -362.3445       2.1914   292.3
7.7500        -360.1527    -362.3683       2.2155   295.5
7.7600        -360.1772    -362.4718       2.2946   306.1
7.7700        -360.1868    -362.5833       2.3966   319.7
7.7800        -360.1977    -362.4223       2.2246   296.7
7.7900        -360.1962    -362.7060       2.5098   334.8
7.8000        -360.2027    -362.7305       2.5279   337.2
7.8100        -360.2176    -362.5239       2.3063   307.6
7.8200        -360.2357    -362.6675       2.4318   324.4
7.8300        -360.2210    -362.3788       2.1579   287.8
7.8400        -360.1999    -362.3240       2.1241   283.3
7.8500        -360.1523    -362.2121       2.0598   274.7
7.8600        -360.1450    -362.2578       2.1128   281.8
7.8700        -360.1285    -362.3195       2.1910   292.3
7.8800        -360.1255    -362.2731       2.1477   286.5
7.8900        -360.1338    -362.8727       2.7390   365.3
7.9000        -360.1638    -362.6252       2.4614   328.3
7.9100        -360.1374    -362.7050       2.5677   342.5
7.9200        -360.0532    -362.3745       2.3213   309.6
7.9300        -360.1037    -362.4340       2.3303   310.8
7.9400        -360.1211    -362.3900       2.2689   302.6
7.9500        -360.0911    -362.4163       2.3252   310.2
7.9600        -360.1159    -362.3528       2.2369   298.4
7.9700        -360.1262    -362.5482       2.4221   323.1
7.9800        -360.1058    -362.3876       2.2819   304.4
7.9900        -360.1253    -362.6549       2.5297   337.4
8.0000        -360.0843    -362.6186       2.5342   338.0
8.0100        -360.0905    -362.5871       2.4966   333.0
8.0200        -360.1164    -362.3849       2.2684   302.6
8.0300        -360.1245    -362.5332       2.4087   321.3
8.0400        -360.1169    -362.2905       2.1736   289.9
8.0500        -360.0665    -362.1320       2.0655   275.5
8.0600        -360.1181    -362.3087       2.1905   292.2
8.0700        -360.0668    -362.0755       2.0087   267.9
8.0800        -360.0301    -361.9033       1.8732   249.9
8.0900        -360.0536    -362.7165       2.6630   355.2
8.1000        -360.0897    -362.3736       2.2838   304.6
8.1100        -360.0454    -362.4770       2.4316   324.3
8.1200        -359.9868    -362.1694       2.1827   291.1
8.1300        -359.9537    -362.1419       2.1882   291.9
8.1400        -359.9802    -361.8002       1.8200   242.8
8.1500        -359.9460    -362.3163       2.3702   316.2
8.1600        -359.9691    -362.3397       2.3706   316.2
8.1700        -359.9822    -362.5724       2.5902   345.5
8.1800        -360.0546    -362.4689       2.4143   322.0
8.1900        -360.0592    -362.4798       2.4206   322.9
8.2000        -360.1260    -362.5854       2.4594   328.1
8.2100        -360.1461    -362.4051       2.2590   301.3
8.2200        -360.1296    -362.5039       2.3743   316.7
8.2300        -360.0959    -362.0674       1.9715   263.0
8.2400        -360.0559    -361.9376       1.8817   251.0
8.2500        -360.0290    -361.9837       1.9547   260.7
8.2600        -359.9953    -362.0266       2.0313   270.9
8.2700        -359.9881    -362.1986       2.2105   294.9
8.2800        -360.0063    -362.4469       2.4406   325.5
8.2900        -359.9919    -362.0699       2.0780   277.2
8.3000        -359.9958    -362.5570       2.5612   341.6
8.3100        -360.0259    -362.4539       2.4280   323.9
8.3200        -360.0029    -362.5740       2.5711   342.9
8.3300        -360.0062    -362.2240       2.2177   295.8
8.3400        -359.9696    -362.1203       2.1507   286.9
8.3500        -359.9665    -362.3810       2.4145   322.1
8.3600        -359.9876    -362.1535       2.1659   288.9
8.3700        -359.9859    -362.1372       2.1513   287.0
8.3800        -359.9318    -362.2197       2.2879   305.2
8.3900        -359.8731    -361.6998       1.8267   243.7
8.4000        -359.9077    -362.2371       2.3295   310.7
8.4100        -359.8900    -361.9468       2.0569   274.4
8.4200        -359.8502    -362.2222       2.3720   316.4
8.4300        -359.8890    -362.5427       2.6537   354.0
8.4400        -359.8988    -362.0779       2.1791   290.7
8.4500        -359.8858    -362.1288       2.2430   299.2
8.4600        -359.8872    -361.9237       2.0365   271.6
8.4700        -359.8763    -362.1806       2.3043   307.4
8.4800        -359.8694    -362.1570       2.2877   305.1
8.4900        -359.9042    -362.6255       2.7213   363.0
8.5000        -359.9544    -362.7982       2.8438   379.3
8.5100        -359.9652    -362.2357       2.2705   302.9
8.5200        -359.9230    -362.2442       2.3212   309.6
8.5300        -359.8000    -361.8729       2.0729   276.5
8.5400        -359.8699    -362.3826       2.5127   335.2
8.5500        -359.9671    -362.2950       2.3279   310.5
8.5600        -359.9714    -362.4427       2.4713   329.6
8.5700        -359.9956    -362.4086       2.4131   321.9
8.5800        -360.0166    -362.2393       2.2227   296.5
8.5900        -359.9752    -362.0279       2.0527   273.8
8.6000        -360.0028    -362.1889       2.1861   291.6
8.6100        -360.0021    -362.5351       2.5330   337.9
8.6200        -360.0307    -362.3748       2.3441   312.7
8.6300        -360.0497    -362.4545       2.4048   320.8
8.6400        -360.0462    -362.2430       2.1968   293.0
8.6500        -360.0086    -362.0755       2.0669   275.7
8.6600        -360.0266    -362.5321       2.5055   334.2
8.6700        -360.0131    -362.1852       2.1722   289.7
8.6800        -359.9685    -361.9596       1.9912   265.6
8.6900        -359.9749    -362.3689       2.3939   319.3
8.7000        -360.0192    -362.1750       2.1558   287.5
8.7100        -359.9898    -362.3704       2.3805   317.5
8.7200        -359.9695    -362.2357       2.2662   302.3
8.7300        -359.9966    -362.3078       2.3112   308.3
8.7400        -360.0545    -362.4788       2.4243   323.4
8.7500        -360.1084    -362.6013       2.4930   332.5
8.7600        -360.0682    -362.4131       2.3449   312.8
8.7700        -360.0686    -362.2725       2.2039   294.0
8.7800        -360.0838    -362.2603       2.1765   290.3
8.7900        -360.0667    -362.3277       2.2609   301.6
8.8000        -360.0890    -362.4747       2.3857   318.2
8.8100        -360.1017    -362.2045       2.1027   280.5
8.8200        -360.0796    -362.2981       2.2185   295.9
8.8300        -360.0864    -362.4225       2.3361   311.6
8.8400        -360.0957    -362.7179       2.6222   349.8
8.8500        -360.1244    -362.7188       2.5943   346.0
8.8600        -360.1370    -362.5919       2.4549   327.5
8.8700        -360.1311    -362.4989       2.3678   315.8
8.8800        -360.0487    -362.2634       2.2147   295.4
8.8900        -360.0586    -362.3326       2.2740   303.3
8.9000        -360.0439    -362.3309       2.2870   305.1
8.9100        -360.0439    -362.5214       2.4775   330.5
8.9200        -360.0661    -362.4001       2.3340   311.3
8.9300        -360.0557    -362.1988       2.1431   285.9
8.9400        -360.0683    -362.5746       2.5064   334.3
8.9500        -360.1297    -362.5611       2.4314   324.3
8.9600        -360.1510    -362.6103       2.4593   328.0
8.9700        -360.1429    -362.3055       2.1626   288.5
8.9800        -360.1458    -362.6455       2.4997   333.4
8.9900        -360.1631    -362.5731       2.4100   321.5
9.0000        -360.0660    -362.1775       2.1115   281.6
9.0100        -360.0503    -362.5210       2.4707   329.6
9.0200        -360.0330    -361.9494       1.9164   255.6
9.0300        -360.0160    -362.4406       2.4246   323.4
9.0400        -360.0166    -362.1291       2.1125   281.8
9.0500        -360.0298    -361.9995       1.9697   262.7
9.0600        -359.9838    -362.3533       2.3695   316.1
9.0700        -359.9481    -362.1143       2.1662   288.9
9.0800        -359.9704    -362.3195       2.3491   313.3
9.0900        -359.8742    -362.3969       2.5227   336.5
9.1000        -359.8842    -362.3582       2.4740   330.0
9.1100        -359.9278    -362.5670       2.6392   352.0
9.1200        -359.9234    -362.5280       2.6046   347.4
9.1300        -359.9526    -362.2153       2.2627   301.8
9.1400        -359.9802    -362.3041       2.3239   310.0
9.1500        -359.9842    -362.3044       2.3202   309.5
9.1600        -360.0602    -362.5732       2.5130   335.2
9.1700        -360.0726    -362.3890       2.3164   309.0
9.1800        -360.0686    -362.4585       2.3898   318.8
9.1900        -360.0845    -362.3246       2.2401   298.8
9.2000        -360.0877    -362.2418       2.1541   287.3
9.2100        -360.0962    -362.2915       2.1954   292.8
9.2200        -360.0666    -362.2502       2.1836   291.3
9.2300        -360.0378    -362.1751       2.1373   285.1
9.2400        -360.0151    -362.0314       2.0163   268.9
9.2500        -360.0206    -362.1270       2.1064   281.0
9.2600        -359.9972    -362.1184       2.1211   282.9
9.2700        -360.0047    -362.4228       2.4181   322.5
9.2800        -360.0381    -362.5878       2.5497   340.1
9.2900        -360.0220    -362.1816       2.1596   288.1
9.3000        -360.0293    -362.3355       2.3062   307.6
9.3100        -360.0409    -362.3332       2.2923   305.8
9.3200        -360.0305    -362.0229       1.9924   265.8
9.3300        -360.0462    -362.4252       2.3791   317.3
9.3400        -360.0526    -362.3497       2.2971   306.4
9.3500        -360.0646    -362.5176       2.4530   327.2
9.3600        -360.0823    -362.5321       2.4498   326.8
9.3700        -360.0598    -362.1589       2.0991   280.0
9.3800        -360.0345    -362.2808       2.2463   299.6
9.3900        -360.0227    -362.1768       2.1541   287.3
9.4000        -360.0534    -362.3145       2.2611   301.6
9.4100        -360.0531    -362.2043       2.1512   286.9
9.4200        -360.0364    -362.2953       2.2588   301.3
9.4300        -360.0087    -362.2780       2.2693   302.7
9.4400        -359.9923    -362.1678       2.1755   290.2
9.4500        -359.9940    -362.3521       2.3580   314.5
9.4600        -359.9860    -361.9674       1.9814   264.3
9.4700        -359.9669    -362.1949       2.2280   297.2
9.4800        -359.9827    -362.3064       2.3238   310.0
9.4900        -359.9947    -362.4078       2.4131   321.9
9.5000        -360.0229    -362.2468       2.2239   296.6
9.5100        -360.0264    -362.2022       2.1758   290.2
9.5200        -360.0189    -362.1757       2.1568   287.7
9.5300        -360.0083    -362.2300       2.2217   296.3
9.5400        -360.0335    -362.6786       2.6451   352.8
9.5500        -360.0544    -362.3322       2.2778   303.8
9.5600        -360.0240    -362.6898       2.6658   355.6
9.5700        -360.0343    -362.7414       2.7071   361.1
9.5800        -360.0653    -362.4144       2.3491   313.3
9.5900        -360.0860    -362.3580       2.2720   303.1
9.6000        -360.1100    -362.1548       2.0448   272.7
9.6100        -360.1340    -362.3745       2.2405   298.8
9.6200        -360.1354    -362.2307       2.0953   279.5
9.6300        -360.1255    -362.6059       2.4804   330.8
9.6400        -360.1332    -362.8305       2.6974   359.8
9.6500        -360.1397    -362.6655       2.5258   336.9
9.6600        -360.0829    -362.3811       2.2982   306.5
9.6700        -360.1173    -362.6449       2.5275   337.1
9.6800        -360.1598    -362.6360       2.4761   330.3
9.6900        -360.1345    -362.5188       2.3843   318.0
9.7000        -360.1504    -362.6814       2.5309   337.6
9.7100        -360.1787    -362.5605       2.3818   317.7
9.7200        -360.1766    -362.5051       2.3285   310.6
9.7300        -360.1974    -362.3341       2.1368   285.0
9.7400        -360.1934    -362.4903       2.2969   306.4
9.7500        -360.2019    -362.5233       2.3214   309.6
9.7600        -360.2210    -362.8407       2.6197   349.4
9.7700        -360.2192    -362.7043       2.4851   331.5
9.7800        -360.2153    -362.5674       2.3521   313.7
9.7900        -360.2044    -362.5394       2.3349   311.4
9.8000        -360.2058    -362.5048       2.2990   306.7
9.8100        -360.1539    -362.3187       2.1648   288.8
9.8200        -360.1543    -362.3462       2.1918   292.4
9.8300        -360.1552    -362.2654       2.1102   281.5
9.8400        -360.1751    -362.2899       2.1148   282.1
9.8500        -360.1588    -362.3911       2.2323   297.8
9.8600        -360.1585    -362.6376       2.4791   330.7
9.8700        -360.1603    -362.5857       2.4254   323.5
9.8800        -360.1528    -362.6621       2.5093   334.7
9.8900        -360.1554    -362.5974       2.4420   325.7
9.9000        -360.1593    -362.7222       2.5629   341.9
9.9100        -360.1562    -362.7656       2.6094   348.1
9.9200        -360.1333    -362.3652       2.2319   297.7
9.9300        -360.1584    -362.4352       2.2767   303.7
9.9400        -360.2056    -362.3538       2.1482   286.5
9.9500        -360.2374    -362.6093       2.3719   316.4
9.9600        -360.2468    -362.5303       2.2836   304.6
9.9700        -360.2566    -362.7502       2.4936   332.6
9.9800        -360.3009    -362.8475       2.5466   339.7
9.9900        -360.2716    -362.3754       2.1037   280.6
10.0000       -360.2733    -362.5690       2.2957   306.2
